<?xml version="1.0" encoding="UTF-8"?>
<robot generator="Robot 6.1.1 (Python 3.11.13 on linux)" generated="20250731 02:44:24.053" rpa="false" schemaversion="4">
<suite id="s1" name="Autenticacion Suite &amp; Administracion &amp; Regulaciones &amp; Social">
<suite id="s1-s1" name="Autenticacion Suite" source="/app/test_suites/features/autenticacion/autenticacion_suite.robot">
<kw name="Setup Test Environment" library="config" type="SETUP">
<doc>Configuración inicial del entorno de pruebas</doc>
<kw name="Set Selenium Speed" library="SeleniumLibrary">
<arg>${SELENIUM_SPEED}</arg>
<doc>Sets the delay that is waited after each Selenium command.</doc>
<status status="PASS" starttime="20250731 02:44:24.657" endtime="20250731 02:44:24.665"/>
</kw>
<kw name="Set Selenium Implicit Wait" library="SeleniumLibrary">
<arg>${IMPLICIT_WAIT}</arg>
<doc>Sets the implicit wait value used by Selenium.</doc>
<status status="PASS" starttime="20250731 02:44:24.666" endtime="20250731 02:44:24.666"/>
</kw>
<kw name="Set Screenshot Directory" library="SeleniumLibrary">
<arg>${SCREENSHOT_DIR}</arg>
<doc>Sets the directory for captured screenshots.</doc>
<status status="PASS" starttime="20250731 02:44:24.667" endtime="20250731 02:44:24.669"/>
</kw>
<kw name="Set Selenium Timeout" library="SeleniumLibrary">
<arg>${EXPLICIT_WAIT}</arg>
<doc>Sets the timeout that is used by various keywords.</doc>
<status status="PASS" starttime="20250731 02:44:24.669" endtime="20250731 02:44:24.670"/>
</kw>
<kw name="Set Selenium Page Load Timeout" library="SeleniumLibrary">
<arg>${PAGE_LOAD_TIMEOUT}</arg>
<doc>Sets the page load timeout value used by Selenium.</doc>
<status status="PASS" starttime="20250731 02:44:24.670" endtime="20250731 02:44:24.676"/>
</kw>
<status status="PASS" starttime="20250731 02:44:24.654" endtime="20250731 02:44:24.677"/>
</kw>
<test id="s1-s1-t1" name="Smoke Test - Login Exitoso" line="11">
<kw name="Abrir Navegador" library="common_keywords" type="SETUP">
<arg>${SISDEP_URL}</arg>
<doc>Abre el navegador y maximiza la ventana</doc>
<kw name="Evaluate" library="BuiltIn">
<var>${chrome_options}</var>
<arg>sys.modules['selenium.webdriver'].ChromeOptions()</arg>
<arg>sys, selenium.webdriver</arg>
<doc>Evaluates the given expression in Python and returns the result.</doc>
<msg timestamp="20250731 02:44:24.683" level="INFO">${chrome_options} = &lt;selenium.webdriver.chrome.options.Options object at 0x7e41e201c610&gt;</msg>
<status status="PASS" starttime="20250731 02:44:24.682" endtime="20250731 02:44:24.683"/>
</kw>
<kw name="Call Method" library="BuiltIn">
<arg>${chrome_options}</arg>
<arg>add_argument</arg>
<arg>--ignore-ssl-errors</arg>
<doc>Calls the named method of the given object with the provided arguments.</doc>
<status status="PASS" starttime="20250731 02:44:24.683" endtime="20250731 02:44:24.684"/>
</kw>
<kw name="Call Method" library="BuiltIn">
<arg>${chrome_options}</arg>
<arg>add_argument</arg>
<arg>--ignore-certificate-errors</arg>
<doc>Calls the named method of the given object with the provided arguments.</doc>
<status status="PASS" starttime="20250731 02:44:24.684" endtime="20250731 02:44:24.684"/>
</kw>
<kw name="Call Method" library="BuiltIn">
<arg>${chrome_options}</arg>
<arg>add_argument</arg>
<arg>--allow-running-insecure-content</arg>
<doc>Calls the named method of the given object with the provided arguments.</doc>
<status status="PASS" starttime="20250731 02:44:24.684" endtime="20250731 02:44:24.685"/>
</kw>
<kw name="Call Method" library="BuiltIn">
<arg>${chrome_options}</arg>
<arg>add_argument</arg>
<arg>--no-sandbox</arg>
<doc>Calls the named method of the given object with the provided arguments.</doc>
<status status="PASS" starttime="20250731 02:44:24.696" endtime="20250731 02:44:24.698"/>
</kw>
<kw name="Call Method" library="BuiltIn">
<arg>${chrome_options}</arg>
<arg>add_argument</arg>
<arg>--disable-dev-shm-usage</arg>
<doc>Calls the named method of the given object with the provided arguments.</doc>
<status status="PASS" starttime="20250731 02:44:24.698" endtime="20250731 02:44:24.699"/>
</kw>
<kw name="Call Method" library="BuiltIn">
<arg>${chrome_options}</arg>
<arg>add_argument</arg>
<arg>--disable-gpu</arg>
<doc>Calls the named method of the given object with the provided arguments.</doc>
<status status="PASS" starttime="20250731 02:44:24.699" endtime="20250731 02:44:24.700"/>
</kw>
<kw name="Call Method" library="BuiltIn">
<arg>${chrome_options}</arg>
<arg>add_argument</arg>
<arg>--disable-extensions</arg>
<doc>Calls the named method of the given object with the provided arguments.</doc>
<status status="PASS" starttime="20250731 02:44:24.700" endtime="20250731 02:44:24.700"/>
</kw>
<kw name="Call Method" library="BuiltIn">
<arg>${chrome_options}</arg>
<arg>add_argument</arg>
<arg>--disable-plugins</arg>
<doc>Calls the named method of the given object with the provided arguments.</doc>
<status status="PASS" starttime="20250731 02:44:24.700" endtime="20250731 02:44:24.701"/>
</kw>
<kw name="Call Method" library="BuiltIn">
<arg>${chrome_options}</arg>
<arg>add_argument</arg>
<arg>--disable-dev-shm-usage</arg>
<doc>Calls the named method of the given object with the provided arguments.</doc>
<status status="PASS" starttime="20250731 02:44:24.701" endtime="20250731 02:44:24.701"/>
</kw>
<kw name="Call Method" library="BuiltIn">
<arg>${chrome_options}</arg>
<arg>add_argument</arg>
<arg>--no-sandbox</arg>
<doc>Calls the named method of the given object with the provided arguments.</doc>
<status status="PASS" starttime="20250731 02:44:24.702" endtime="20250731 02:44:24.702"/>
</kw>
<kw name="Call Method" library="BuiltIn">
<arg>${chrome_options}</arg>
<arg>add_argument</arg>
<arg>--disable-gpu</arg>
<doc>Calls the named method of the given object with the provided arguments.</doc>
<status status="PASS" starttime="20250731 02:44:24.702" endtime="20250731 02:44:24.703"/>
</kw>
<kw name="Open Browser" library="SeleniumLibrary">
<arg>${url}</arg>
<arg>${BROWSER}</arg>
<arg>options=${chrome_options}</arg>
<doc>Opens a new browser instance to the optional ``url``.</doc>
<msg timestamp="20250731 02:44:24.704" level="INFO">Opening browser 'Chrome' to base url 'https://www.medellin.gov.co/sisdep'.</msg>
<status status="PASS" starttime="20250731 02:44:24.703" endtime="20250731 02:44:29.632"/>
</kw>
<kw name="Maximize Browser Window" library="SeleniumLibrary">
<doc>Maximizes current browser window.</doc>
<status status="PASS" starttime="20250731 02:44:29.632" endtime="20250731 02:44:30.288"/>
</kw>
<kw name="Setup Test Environment" library="config">
<doc>Configuración inicial del entorno de pruebas</doc>
<kw name="Set Selenium Speed" library="SeleniumLibrary">
<arg>${SELENIUM_SPEED}</arg>
<doc>Sets the delay that is waited after each Selenium command.</doc>
<status status="PASS" starttime="20250731 02:44:30.289" endtime="20250731 02:44:30.290"/>
</kw>
<kw name="Set Selenium Implicit Wait" library="SeleniumLibrary">
<arg>${IMPLICIT_WAIT}</arg>
<doc>Sets the implicit wait value used by Selenium.</doc>
<status status="PASS" starttime="20250731 02:44:30.290" endtime="20250731 02:44:30.596"/>
</kw>
<kw name="Set Screenshot Directory" library="SeleniumLibrary">
<arg>${SCREENSHOT_DIR}</arg>
<doc>Sets the directory for captured screenshots.</doc>
<status status="PASS" starttime="20250731 02:44:30.596" endtime="20250731 02:44:30.603"/>
</kw>
<kw name="Set Selenium Timeout" library="SeleniumLibrary">
<arg>${EXPLICIT_WAIT}</arg>
<doc>Sets the timeout that is used by various keywords.</doc>
<status status="PASS" starttime="20250731 02:44:30.603" endtime="20250731 02:44:30.907"/>
</kw>
<kw name="Set Selenium Page Load Timeout" library="SeleniumLibrary">
<arg>${PAGE_LOAD_TIMEOUT}</arg>
<doc>Sets the page load timeout value used by Selenium.</doc>
<status status="PASS" starttime="20250731 02:44:30.908" endtime="20250731 02:44:31.213"/>
</kw>
<status status="PASS" starttime="20250731 02:44:30.288" endtime="20250731 02:44:31.213"/>
</kw>
<status status="PASS" starttime="20250731 02:44:24.681" endtime="20250731 02:44:31.213"/>
</kw>
<kw name="Navegar A SISDEP" library="sisdep_login_page">
<doc>Navega a la página principal de SISDEP</doc>
<kw name="Go To" library="SeleniumLibrary">
<arg>${SISDEP_URL}</arg>
<doc>Navigates the current browser window to the provided ``url``.</doc>
<msg timestamp="20250731 02:44:31.216" level="INFO">Opening url 'https://www.medellin.gov.co/sisdep'</msg>
<status status="PASS" starttime="20250731 02:44:31.214" endtime="20250731 02:44:32.040"/>
</kw>
<kw name="Verificar Elemento Presente" library="common_keywords">
<arg>${SISDEP_LOGIN_PAGE_TITLE}</arg>
<doc>Verifica que un elemento esté presente en la página</doc>
<kw name="Wait Until Element Is Visible" library="SeleniumLibrary">
<arg>${locator}</arg>
<arg>${timeout}</arg>
<doc>Waits until the element ``locator`` is visible.</doc>
<status status="PASS" starttime="20250731 02:44:32.041" endtime="20250731 02:44:32.703"/>
</kw>
<status status="PASS" starttime="20250731 02:44:32.040" endtime="20250731 02:44:32.704"/>
</kw>
<status status="PASS" starttime="20250731 02:44:31.214" endtime="20250731 02:44:32.704"/>
</kw>
<kw name="Realizar Login SISDEP" library="sisdep_login_page">
<arg>${VALID_USERNAME}</arg>
<arg>${VALID_PASSWORD}</arg>
<doc>Realiza el proceso completo de login en SISDEP</doc>
<kw name="Ingresar Usuario SISDEP" library="sisdep_login_page">
<arg>${usuario}</arg>
<doc>Ingresa el nombre de usuario en SISDEP</doc>
<kw name="Ingresar Texto" library="common_keywords">
<arg>${SISDEP_USERNAME_FIELD}</arg>
<arg>${usuario}</arg>
<doc>Ingresa texto en un campo después de esperar que sea visible</doc>
<kw name="Esperar Elemento Visible" library="common_keywords">
<arg>${locator}</arg>
<arg>${timeout}</arg>
<doc>Espera a que un elemento sea visible</doc>
<kw name="Wait Until Element Is Visible" library="SeleniumLibrary">
<arg>${locator}</arg>
<arg>${timeout}</arg>
<doc>Waits until the element ``locator`` is visible.</doc>
<status status="PASS" starttime="20250731 02:44:32.705" endtime="20250731 02:44:33.369"/>
</kw>
<status status="PASS" starttime="20250731 02:44:32.705" endtime="20250731 02:44:33.369"/>
</kw>
<kw name="Input Text" library="SeleniumLibrary">
<arg>${locator}</arg>
<arg>${texto}</arg>
<doc>Types the given ``text`` into the text field identified by ``locator``.</doc>
<msg timestamp="20250731 02:44:33.370" level="INFO">Typing text 'admin' into text field 'id:usuario'.</msg>
<status status="PASS" starttime="20250731 02:44:33.369" endtime="20250731 02:44:34.703"/>
</kw>
<status status="PASS" starttime="20250731 02:44:32.705" endtime="20250731 02:44:34.703"/>
</kw>
<status status="PASS" starttime="20250731 02:44:32.704" endtime="20250731 02:44:34.703"/>
</kw>
<kw name="Ingresar Contraseña SISDEP" library="sisdep_login_page">
<arg>${contraseña}</arg>
<doc>Ingresa la contraseña en SISDEP</doc>
<kw name="Ingresar Texto" library="common_keywords">
<arg>${SISDEP_PASSWORD_FIELD}</arg>
<arg>${contraseña}</arg>
<doc>Ingresa texto en un campo después de esperar que sea visible</doc>
<kw name="Esperar Elemento Visible" library="common_keywords">
<arg>${locator}</arg>
<arg>${timeout}</arg>
<doc>Espera a que un elemento sea visible</doc>
<kw name="Wait Until Element Is Visible" library="SeleniumLibrary">
<arg>${locator}</arg>
<arg>${timeout}</arg>
<doc>Waits until the element ``locator`` is visible.</doc>
<status status="PASS" starttime="20250731 02:44:34.705" endtime="20250731 02:44:35.352"/>
</kw>
<status status="PASS" starttime="20250731 02:44:34.704" endtime="20250731 02:44:35.353"/>
</kw>
<kw name="Input Text" library="SeleniumLibrary">
<arg>${locator}</arg>
<arg>${texto}</arg>
<doc>Types the given ``text`` into the text field identified by ``locator``.</doc>
<msg timestamp="20250731 02:44:35.354" level="INFO">Typing text 'EspacioPublico2024?sisdep' into text field 'id:password'.</msg>
<status status="PASS" starttime="20250731 02:44:35.353" endtime="20250731 02:44:36.663"/>
</kw>
<status status="PASS" starttime="20250731 02:44:34.704" endtime="20250731 02:44:36.663"/>
</kw>
<status status="PASS" starttime="20250731 02:44:34.704" endtime="20250731 02:44:36.663"/>
</kw>
<kw name="Hacer Click En Login SISDEP" library="sisdep_login_page">
<doc>Hace click en el botón de login de SISDEP</doc>
<kw name="Hacer Click En Elemento" library="common_keywords">
<arg>${SISDEP_LOGIN_BUTTON}</arg>
<doc>Hace click en un elemento después de esperar que sea clickeable</doc>
<kw name="Esperar Elemento Clickable" library="common_keywords">
<arg>${locator}</arg>
<arg>${timeout}</arg>
<doc>Espera a que un elemento sea clickeable</doc>
<kw name="Wait Until Element Is Enabled" library="SeleniumLibrary">
<arg>${locator}</arg>
<arg>${timeout}</arg>
<doc>Waits until the element ``locator`` is enabled.</doc>
<status status="PASS" starttime="20250731 02:44:36.665" endtime="20250731 02:44:37.654"/>
</kw>
<status status="PASS" starttime="20250731 02:44:36.664" endtime="20250731 02:44:37.654"/>
</kw>
<kw name="Click Element" library="SeleniumLibrary">
<arg>${locator}</arg>
<doc>Click the element identified by ``locator``.</doc>
<msg timestamp="20250731 02:44:37.658" level="INFO">Clicking element 'xpath://button[.//span[text()='Iniciar sesión']]'.</msg>
<status status="PASS" starttime="20250731 02:44:37.655" endtime="20250731 02:44:38.663"/>
</kw>
<status status="PASS" starttime="20250731 02:44:36.664" endtime="20250731 02:44:38.664"/>
</kw>
<status status="PASS" starttime="20250731 02:44:36.663" endtime="20250731 02:44:38.664"/>
</kw>
<status status="PASS" starttime="20250731 02:44:32.704" endtime="20250731 02:44:38.665"/>
</kw>
<kw name="Verificar Login Exitoso SISDEP" library="sisdep_login_page">
<doc>Verifica que el login en SISDEP fue exitoso</doc>
<kw name="Verificar Elemento Presente" library="common_keywords">
<arg>${SISDEP_SUCCESS_MESSAGE}</arg>
<doc>Verifica que un elemento esté presente en la página</doc>
<kw name="Wait Until Element Is Visible" library="SeleniumLibrary">
<arg>${locator}</arg>
<arg>${timeout}</arg>
<doc>Waits until the element ``locator`` is visible.</doc>
<status status="PASS" starttime="20250731 02:44:38.668" endtime="20250731 02:45:00.749"/>
</kw>
<status status="PASS" starttime="20250731 02:44:38.666" endtime="20250731 02:45:00.749"/>
</kw>
<status status="PASS" starttime="20250731 02:44:38.666" endtime="20250731 02:45:00.749"/>
</kw>
<kw name="Cerrar Navegador" library="common_keywords" type="TEARDOWN">
<doc>Cierra el navegador actual</doc>
<kw name="Close Browser" library="SeleniumLibrary">
<doc>Closes the current browser.</doc>
<status status="PASS" starttime="20250731 02:45:00.750" endtime="20250731 02:45:01.111"/>
</kw>
<status status="PASS" starttime="20250731 02:45:00.749" endtime="20250731 02:45:01.111"/>
</kw>
<doc>Test crítico de login exitoso</doc>
<tag>autenticacion</tag>
<tag>login</tag>
<tag>smoke</tag>
<status status="PASS" starttime="20250731 02:44:24.677" endtime="20250731 02:45:01.112"/>
</test>
<test id="s1-s1-t2" name="Smoke Test - Login Con Credenciales Invalidas" line="21">
<kw name="Abrir Navegador" library="common_keywords" type="SETUP">
<arg>${SISDEP_URL}</arg>
<doc>Abre el navegador y maximiza la ventana</doc>
<kw name="Evaluate" library="BuiltIn">
<var>${chrome_options}</var>
<arg>sys.modules['selenium.webdriver'].ChromeOptions()</arg>
<arg>sys, selenium.webdriver</arg>
<doc>Evaluates the given expression in Python and returns the result.</doc>
<msg timestamp="20250731 02:45:01.113" level="INFO">${chrome_options} = &lt;selenium.webdriver.chrome.options.Options object at 0x7e41e19c9b90&gt;</msg>
<status status="PASS" starttime="20250731 02:45:01.113" endtime="20250731 02:45:01.113"/>
</kw>
<kw name="Call Method" library="BuiltIn">
<arg>${chrome_options}</arg>
<arg>add_argument</arg>
<arg>--ignore-ssl-errors</arg>
<doc>Calls the named method of the given object with the provided arguments.</doc>
<status status="PASS" starttime="20250731 02:45:01.114" endtime="20250731 02:45:01.114"/>
</kw>
<kw name="Call Method" library="BuiltIn">
<arg>${chrome_options}</arg>
<arg>add_argument</arg>
<arg>--ignore-certificate-errors</arg>
<doc>Calls the named method of the given object with the provided arguments.</doc>
<status status="PASS" starttime="20250731 02:45:01.114" endtime="20250731 02:45:01.114"/>
</kw>
<kw name="Call Method" library="BuiltIn">
<arg>${chrome_options}</arg>
<arg>add_argument</arg>
<arg>--allow-running-insecure-content</arg>
<doc>Calls the named method of the given object with the provided arguments.</doc>
<status status="PASS" starttime="20250731 02:45:01.114" endtime="20250731 02:45:01.116"/>
</kw>
<kw name="Call Method" library="BuiltIn">
<arg>${chrome_options}</arg>
<arg>add_argument</arg>
<arg>--no-sandbox</arg>
<doc>Calls the named method of the given object with the provided arguments.</doc>
<status status="PASS" starttime="20250731 02:45:01.117" endtime="20250731 02:45:01.117"/>
</kw>
<kw name="Call Method" library="BuiltIn">
<arg>${chrome_options}</arg>
<arg>add_argument</arg>
<arg>--disable-dev-shm-usage</arg>
<doc>Calls the named method of the given object with the provided arguments.</doc>
<status status="PASS" starttime="20250731 02:45:01.117" endtime="20250731 02:45:01.117"/>
</kw>
<kw name="Call Method" library="BuiltIn">
<arg>${chrome_options}</arg>
<arg>add_argument</arg>
<arg>--disable-gpu</arg>
<doc>Calls the named method of the given object with the provided arguments.</doc>
<status status="PASS" starttime="20250731 02:45:01.117" endtime="20250731 02:45:01.117"/>
</kw>
<kw name="Call Method" library="BuiltIn">
<arg>${chrome_options}</arg>
<arg>add_argument</arg>
<arg>--disable-extensions</arg>
<doc>Calls the named method of the given object with the provided arguments.</doc>
<status status="PASS" starttime="20250731 02:45:01.117" endtime="20250731 02:45:01.118"/>
</kw>
<kw name="Call Method" library="BuiltIn">
<arg>${chrome_options}</arg>
<arg>add_argument</arg>
<arg>--disable-plugins</arg>
<doc>Calls the named method of the given object with the provided arguments.</doc>
<status status="PASS" starttime="20250731 02:45:01.118" endtime="20250731 02:45:01.118"/>
</kw>
<kw name="Call Method" library="BuiltIn">
<arg>${chrome_options}</arg>
<arg>add_argument</arg>
<arg>--disable-dev-shm-usage</arg>
<doc>Calls the named method of the given object with the provided arguments.</doc>
<status status="PASS" starttime="20250731 02:45:01.118" endtime="20250731 02:45:01.118"/>
</kw>
<kw name="Call Method" library="BuiltIn">
<arg>${chrome_options}</arg>
<arg>add_argument</arg>
<arg>--no-sandbox</arg>
<doc>Calls the named method of the given object with the provided arguments.</doc>
<status status="PASS" starttime="20250731 02:45:01.118" endtime="20250731 02:45:01.118"/>
</kw>
<kw name="Call Method" library="BuiltIn">
<arg>${chrome_options}</arg>
<arg>add_argument</arg>
<arg>--disable-gpu</arg>
<doc>Calls the named method of the given object with the provided arguments.</doc>
<status status="PASS" starttime="20250731 02:45:01.119" endtime="20250731 02:45:01.119"/>
</kw>
<kw name="Open Browser" library="SeleniumLibrary">
<arg>${url}</arg>
<arg>${BROWSER}</arg>
<arg>options=${chrome_options}</arg>
<doc>Opens a new browser instance to the optional ``url``.</doc>
<msg timestamp="20250731 02:45:01.120" level="INFO">Opening browser 'Chrome' to base url 'https://www.medellin.gov.co/sisdep'.</msg>
<status status="PASS" starttime="20250731 02:45:01.119" endtime="20250731 02:45:04.317"/>
</kw>
<kw name="Maximize Browser Window" library="SeleniumLibrary">
<doc>Maximizes current browser window.</doc>
<status status="PASS" starttime="20250731 02:45:04.317" endtime="20250731 02:45:04.983"/>
</kw>
<kw name="Setup Test Environment" library="config">
<doc>Configuración inicial del entorno de pruebas</doc>
<kw name="Set Selenium Speed" library="SeleniumLibrary">
<arg>${SELENIUM_SPEED}</arg>
<doc>Sets the delay that is waited after each Selenium command.</doc>
<status status="PASS" starttime="20250731 02:45:04.984" endtime="20250731 02:45:04.984"/>
</kw>
<kw name="Set Selenium Implicit Wait" library="SeleniumLibrary">
<arg>${IMPLICIT_WAIT}</arg>
<doc>Sets the implicit wait value used by Selenium.</doc>
<status status="PASS" starttime="20250731 02:45:04.984" endtime="20250731 02:45:05.286"/>
</kw>
<kw name="Set Screenshot Directory" library="SeleniumLibrary">
<arg>${SCREENSHOT_DIR}</arg>
<doc>Sets the directory for captured screenshots.</doc>
<status status="PASS" starttime="20250731 02:45:05.287" endtime="20250731 02:45:05.289"/>
</kw>
<kw name="Set Selenium Timeout" library="SeleniumLibrary">
<arg>${EXPLICIT_WAIT}</arg>
<doc>Sets the timeout that is used by various keywords.</doc>
<status status="PASS" starttime="20250731 02:45:05.290" endtime="20250731 02:45:05.593"/>
</kw>
<kw name="Set Selenium Page Load Timeout" library="SeleniumLibrary">
<arg>${PAGE_LOAD_TIMEOUT}</arg>
<doc>Sets the page load timeout value used by Selenium.</doc>
<status status="PASS" starttime="20250731 02:45:05.594" endtime="20250731 02:45:05.898"/>
</kw>
<status status="PASS" starttime="20250731 02:45:04.983" endtime="20250731 02:45:05.898"/>
</kw>
<status status="PASS" starttime="20250731 02:45:01.112" endtime="20250731 02:45:05.899"/>
</kw>
<kw name="Navegar A SISDEP" library="sisdep_login_page">
<doc>Navega a la página principal de SISDEP</doc>
<kw name="Go To" library="SeleniumLibrary">
<arg>${SISDEP_URL}</arg>
<doc>Navigates the current browser window to the provided ``url``.</doc>
<msg timestamp="20250731 02:45:05.899" level="INFO">Opening url 'https://www.medellin.gov.co/sisdep'</msg>
<status status="PASS" starttime="20250731 02:45:05.899" endtime="20250731 02:45:06.668"/>
</kw>
<kw name="Verificar Elemento Presente" library="common_keywords">
<arg>${SISDEP_LOGIN_PAGE_TITLE}</arg>
<doc>Verifica que un elemento esté presente en la página</doc>
<kw name="Wait Until Element Is Visible" library="SeleniumLibrary">
<arg>${locator}</arg>
<arg>${timeout}</arg>
<doc>Waits until the element ``locator`` is visible.</doc>
<status status="PASS" starttime="20250731 02:45:06.669" endtime="20250731 02:45:07.317"/>
</kw>
<status status="PASS" starttime="20250731 02:45:06.668" endtime="20250731 02:45:07.317"/>
</kw>
<status status="PASS" starttime="20250731 02:45:05.899" endtime="20250731 02:45:07.317"/>
</kw>
<kw name="Realizar Login SISDEP" library="sisdep_login_page">
<arg>${INVALID_USERNAME}</arg>
<arg>${INVALID_PASSWORD}</arg>
<doc>Realiza el proceso completo de login en SISDEP</doc>
<kw name="Ingresar Usuario SISDEP" library="sisdep_login_page">
<arg>${usuario}</arg>
<doc>Ingresa el nombre de usuario en SISDEP</doc>
<kw name="Ingresar Texto" library="common_keywords">
<arg>${SISDEP_USERNAME_FIELD}</arg>
<arg>${usuario}</arg>
<doc>Ingresa texto en un campo después de esperar que sea visible</doc>
<kw name="Esperar Elemento Visible" library="common_keywords">
<arg>${locator}</arg>
<arg>${timeout}</arg>
<doc>Espera a que un elemento sea visible</doc>
<kw name="Wait Until Element Is Visible" library="SeleniumLibrary">
<arg>${locator}</arg>
<arg>${timeout}</arg>
<doc>Waits until the element ``locator`` is visible.</doc>
<status status="PASS" starttime="20250731 02:45:07.318" endtime="20250731 02:45:07.957"/>
</kw>
<status status="PASS" starttime="20250731 02:45:07.317" endtime="20250731 02:45:07.957"/>
</kw>
<kw name="Input Text" library="SeleniumLibrary">
<arg>${locator}</arg>
<arg>${texto}</arg>
<doc>Types the given ``text`` into the text field identified by ``locator``.</doc>
<msg timestamp="20250731 02:45:07.959" level="INFO">Typing text 'invalid_user' into text field 'id:usuario'.</msg>
<status status="PASS" starttime="20250731 02:45:07.957" endtime="20250731 02:45:09.166"/>
</kw>
<status status="PASS" starttime="20250731 02:45:07.317" endtime="20250731 02:45:09.166"/>
</kw>
<status status="PASS" starttime="20250731 02:45:07.317" endtime="20250731 02:45:09.166"/>
</kw>
<kw name="Ingresar Contraseña SISDEP" library="sisdep_login_page">
<arg>${contraseña}</arg>
<doc>Ingresa la contraseña en SISDEP</doc>
<kw name="Ingresar Texto" library="common_keywords">
<arg>${SISDEP_PASSWORD_FIELD}</arg>
<arg>${contraseña}</arg>
<doc>Ingresa texto en un campo después de esperar que sea visible</doc>
<kw name="Esperar Elemento Visible" library="common_keywords">
<arg>${locator}</arg>
<arg>${timeout}</arg>
<doc>Espera a que un elemento sea visible</doc>
<kw name="Wait Until Element Is Visible" library="SeleniumLibrary">
<arg>${locator}</arg>
<arg>${timeout}</arg>
<doc>Waits until the element ``locator`` is visible.</doc>
<status status="PASS" starttime="20250731 02:45:09.167" endtime="20250731 02:45:09.802"/>
</kw>
<status status="PASS" starttime="20250731 02:45:09.167" endtime="20250731 02:45:09.804"/>
</kw>
<kw name="Input Text" library="SeleniumLibrary">
<arg>${locator}</arg>
<arg>${texto}</arg>
<doc>Types the given ``text`` into the text field identified by ``locator``.</doc>
<msg timestamp="20250731 02:45:09.805" level="INFO">Typing text 'invalid_password' into text field 'id:password'.</msg>
<status status="PASS" starttime="20250731 02:45:09.804" endtime="20250731 02:45:10.936"/>
</kw>
<status status="PASS" starttime="20250731 02:45:09.166" endtime="20250731 02:45:10.936"/>
</kw>
<status status="PASS" starttime="20250731 02:45:09.166" endtime="20250731 02:45:10.936"/>
</kw>
<kw name="Hacer Click En Login SISDEP" library="sisdep_login_page">
<doc>Hace click en el botón de login de SISDEP</doc>
<kw name="Hacer Click En Elemento" library="common_keywords">
<arg>${SISDEP_LOGIN_BUTTON}</arg>
<doc>Hace click en un elemento después de esperar que sea clickeable</doc>
<kw name="Esperar Elemento Clickable" library="common_keywords">
<arg>${locator}</arg>
<arg>${timeout}</arg>
<doc>Espera a que un elemento sea clickeable</doc>
<kw name="Wait Until Element Is Enabled" library="SeleniumLibrary">
<arg>${locator}</arg>
<arg>${timeout}</arg>
<doc>Waits until the element ``locator`` is enabled.</doc>
<status status="PASS" starttime="20250731 02:45:10.937" endtime="20250731 02:45:11.897"/>
</kw>
<status status="PASS" starttime="20250731 02:45:10.937" endtime="20250731 02:45:11.898"/>
</kw>
<kw name="Click Element" library="SeleniumLibrary">
<arg>${locator}</arg>
<doc>Click the element identified by ``locator``.</doc>
<msg timestamp="20250731 02:45:11.898" level="INFO">Clicking element 'xpath://button[.//span[text()='Iniciar sesión']]'.</msg>
<status status="PASS" starttime="20250731 02:45:11.898" endtime="20250731 02:45:12.614"/>
</kw>
<status status="PASS" starttime="20250731 02:45:10.937" endtime="20250731 02:45:12.614"/>
</kw>
<status status="PASS" starttime="20250731 02:45:10.937" endtime="20250731 02:45:12.614"/>
</kw>
<status status="PASS" starttime="20250731 02:45:07.317" endtime="20250731 02:45:12.614"/>
</kw>
<kw name="Verificar Login Fallido SISDEP" library="sisdep_login_page">
<arg>${SISDEP_LOGIN_ERROR_MSG}</arg>
<doc>Verifica que el login en SISDEP falló</doc>
<kw name="Verificar Texto En Página" library="common_keywords">
<arg>${mensaje_error}</arg>
<doc>Verifica que un texto esté presente en la página</doc>
<kw name="Wait Until Page Contains" library="SeleniumLibrary">
<arg>${texto}</arg>
<arg>${timeout}</arg>
<doc>Waits until ``text`` appears on the current page.</doc>
<status status="PASS" starttime="20250731 02:45:12.616" endtime="20250731 02:45:12.942"/>
</kw>
<status status="PASS" starttime="20250731 02:45:12.615" endtime="20250731 02:45:12.943"/>
</kw>
<status status="PASS" starttime="20250731 02:45:12.614" endtime="20250731 02:45:12.943"/>
</kw>
<kw name="Cerrar Navegador" library="common_keywords" type="TEARDOWN">
<doc>Cierra el navegador actual</doc>
<kw name="Close Browser" library="SeleniumLibrary">
<doc>Closes the current browser.</doc>
<status status="PASS" starttime="20250731 02:45:12.946" endtime="20250731 02:45:13.306"/>
</kw>
<status status="PASS" starttime="20250731 02:45:12.944" endtime="20250731 02:45:13.307"/>
</kw>
<doc>Test crítico de validación de credenciales</doc>
<tag>autenticacion</tag>
<tag>login</tag>
<tag>negativo</tag>
<tag>smoke</tag>
<status status="PASS" starttime="20250731 02:45:01.112" endtime="20250731 02:45:13.307"/>
</test>
<test id="s1-s1-t3" name="Functional Test - Flujo Completo Login Logout" line="32">
<kw name="Abrir Navegador" library="common_keywords" type="SETUP">
<arg>${SISDEP_URL}</arg>
<doc>Abre el navegador y maximiza la ventana</doc>
<kw name="Evaluate" library="BuiltIn">
<var>${chrome_options}</var>
<arg>sys.modules['selenium.webdriver'].ChromeOptions()</arg>
<arg>sys, selenium.webdriver</arg>
<doc>Evaluates the given expression in Python and returns the result.</doc>
<msg timestamp="20250731 02:45:13.308" level="INFO">${chrome_options} = &lt;selenium.webdriver.chrome.options.Options object at 0x7e41e19d99d0&gt;</msg>
<status status="PASS" starttime="20250731 02:45:13.308" endtime="20250731 02:45:13.308"/>
</kw>
<kw name="Call Method" library="BuiltIn">
<arg>${chrome_options}</arg>
<arg>add_argument</arg>
<arg>--ignore-ssl-errors</arg>
<doc>Calls the named method of the given object with the provided arguments.</doc>
<status status="PASS" starttime="20250731 02:45:13.308" endtime="20250731 02:45:13.309"/>
</kw>
<kw name="Call Method" library="BuiltIn">
<arg>${chrome_options}</arg>
<arg>add_argument</arg>
<arg>--ignore-certificate-errors</arg>
<doc>Calls the named method of the given object with the provided arguments.</doc>
<status status="PASS" starttime="20250731 02:45:13.309" endtime="20250731 02:45:13.309"/>
</kw>
<kw name="Call Method" library="BuiltIn">
<arg>${chrome_options}</arg>
<arg>add_argument</arg>
<arg>--allow-running-insecure-content</arg>
<doc>Calls the named method of the given object with the provided arguments.</doc>
<status status="PASS" starttime="20250731 02:45:13.309" endtime="20250731 02:45:13.309"/>
</kw>
<kw name="Call Method" library="BuiltIn">
<arg>${chrome_options}</arg>
<arg>add_argument</arg>
<arg>--no-sandbox</arg>
<doc>Calls the named method of the given object with the provided arguments.</doc>
<status status="PASS" starttime="20250731 02:45:13.309" endtime="20250731 02:45:13.310"/>
</kw>
<kw name="Call Method" library="BuiltIn">
<arg>${chrome_options}</arg>
<arg>add_argument</arg>
<arg>--disable-dev-shm-usage</arg>
<doc>Calls the named method of the given object with the provided arguments.</doc>
<status status="PASS" starttime="20250731 02:45:13.311" endtime="20250731 02:45:13.311"/>
</kw>
<kw name="Call Method" library="BuiltIn">
<arg>${chrome_options}</arg>
<arg>add_argument</arg>
<arg>--disable-gpu</arg>
<doc>Calls the named method of the given object with the provided arguments.</doc>
<status status="PASS" starttime="20250731 02:45:13.312" endtime="20250731 02:45:13.312"/>
</kw>
<kw name="Call Method" library="BuiltIn">
<arg>${chrome_options}</arg>
<arg>add_argument</arg>
<arg>--disable-extensions</arg>
<doc>Calls the named method of the given object with the provided arguments.</doc>
<status status="PASS" starttime="20250731 02:45:13.312" endtime="20250731 02:45:13.313"/>
</kw>
<kw name="Call Method" library="BuiltIn">
<arg>${chrome_options}</arg>
<arg>add_argument</arg>
<arg>--disable-plugins</arg>
<doc>Calls the named method of the given object with the provided arguments.</doc>
<status status="PASS" starttime="20250731 02:45:13.313" endtime="20250731 02:45:13.313"/>
</kw>
<kw name="Call Method" library="BuiltIn">
<arg>${chrome_options}</arg>
<arg>add_argument</arg>
<arg>--disable-dev-shm-usage</arg>
<doc>Calls the named method of the given object with the provided arguments.</doc>
<status status="PASS" starttime="20250731 02:45:13.313" endtime="20250731 02:45:13.313"/>
</kw>
<kw name="Call Method" library="BuiltIn">
<arg>${chrome_options}</arg>
<arg>add_argument</arg>
<arg>--no-sandbox</arg>
<doc>Calls the named method of the given object with the provided arguments.</doc>
<status status="PASS" starttime="20250731 02:45:13.314" endtime="20250731 02:45:13.314"/>
</kw>
<kw name="Call Method" library="BuiltIn">
<arg>${chrome_options}</arg>
<arg>add_argument</arg>
<arg>--disable-gpu</arg>
<doc>Calls the named method of the given object with the provided arguments.</doc>
<status status="PASS" starttime="20250731 02:45:13.314" endtime="20250731 02:45:13.314"/>
</kw>
<kw name="Open Browser" library="SeleniumLibrary">
<arg>${url}</arg>
<arg>${BROWSER}</arg>
<arg>options=${chrome_options}</arg>
<doc>Opens a new browser instance to the optional ``url``.</doc>
<msg timestamp="20250731 02:45:13.316" level="INFO">Opening browser 'Chrome' to base url 'https://www.medellin.gov.co/sisdep'.</msg>
<status status="PASS" starttime="20250731 02:45:13.314" endtime="20250731 02:45:16.733"/>
</kw>
<kw name="Maximize Browser Window" library="SeleniumLibrary">
<doc>Maximizes current browser window.</doc>
<status status="PASS" starttime="20250731 02:45:16.733" endtime="20250731 02:45:17.374"/>
</kw>
<kw name="Setup Test Environment" library="config">
<doc>Configuración inicial del entorno de pruebas</doc>
<kw name="Set Selenium Speed" library="SeleniumLibrary">
<arg>${SELENIUM_SPEED}</arg>
<doc>Sets the delay that is waited after each Selenium command.</doc>
<status status="PASS" starttime="20250731 02:45:17.377" endtime="20250731 02:45:17.377"/>
</kw>
<kw name="Set Selenium Implicit Wait" library="SeleniumLibrary">
<arg>${IMPLICIT_WAIT}</arg>
<doc>Sets the implicit wait value used by Selenium.</doc>
<status status="PASS" starttime="20250731 02:45:17.377" endtime="20250731 02:45:17.679"/>
</kw>
<kw name="Set Screenshot Directory" library="SeleniumLibrary">
<arg>${SCREENSHOT_DIR}</arg>
<doc>Sets the directory for captured screenshots.</doc>
<status status="PASS" starttime="20250731 02:45:17.679" endtime="20250731 02:45:17.681"/>
</kw>
<kw name="Set Selenium Timeout" library="SeleniumLibrary">
<arg>${EXPLICIT_WAIT}</arg>
<doc>Sets the timeout that is used by various keywords.</doc>
<status status="PASS" starttime="20250731 02:45:17.681" endtime="20250731 02:45:17.982"/>
</kw>
<kw name="Set Selenium Page Load Timeout" library="SeleniumLibrary">
<arg>${PAGE_LOAD_TIMEOUT}</arg>
<doc>Sets the page load timeout value used by Selenium.</doc>
<status status="PASS" starttime="20250731 02:45:17.983" endtime="20250731 02:45:18.284"/>
</kw>
<status status="PASS" starttime="20250731 02:45:17.376" endtime="20250731 02:45:18.284"/>
</kw>
<status status="PASS" starttime="20250731 02:45:13.307" endtime="20250731 02:45:18.284"/>
</kw>
<kw name="Navegar A SISDEP" library="sisdep_login_page">
<doc>Navega a la página principal de SISDEP</doc>
<kw name="Go To" library="SeleniumLibrary">
<arg>${SISDEP_URL}</arg>
<doc>Navigates the current browser window to the provided ``url``.</doc>
<msg timestamp="20250731 02:45:18.285" level="INFO">Opening url 'https://www.medellin.gov.co/sisdep'</msg>
<status status="PASS" starttime="20250731 02:45:18.285" endtime="20250731 02:45:18.946"/>
</kw>
<kw name="Verificar Elemento Presente" library="common_keywords">
<arg>${SISDEP_LOGIN_PAGE_TITLE}</arg>
<doc>Verifica que un elemento esté presente en la página</doc>
<kw name="Wait Until Element Is Visible" library="SeleniumLibrary">
<arg>${locator}</arg>
<arg>${timeout}</arg>
<doc>Waits until the element ``locator`` is visible.</doc>
<status status="PASS" starttime="20250731 02:45:18.947" endtime="20250731 02:45:19.587"/>
</kw>
<status status="PASS" starttime="20250731 02:45:18.947" endtime="20250731 02:45:19.587"/>
</kw>
<status status="PASS" starttime="20250731 02:45:18.285" endtime="20250731 02:45:19.587"/>
</kw>
<kw name="Realizar Login SISDEP" library="sisdep_login_page">
<arg>${VALID_USERNAME}</arg>
<arg>${VALID_PASSWORD}</arg>
<doc>Realiza el proceso completo de login en SISDEP</doc>
<kw name="Ingresar Usuario SISDEP" library="sisdep_login_page">
<arg>${usuario}</arg>
<doc>Ingresa el nombre de usuario en SISDEP</doc>
<kw name="Ingresar Texto" library="common_keywords">
<arg>${SISDEP_USERNAME_FIELD}</arg>
<arg>${usuario}</arg>
<doc>Ingresa texto en un campo después de esperar que sea visible</doc>
<kw name="Esperar Elemento Visible" library="common_keywords">
<arg>${locator}</arg>
<arg>${timeout}</arg>
<doc>Espera a que un elemento sea visible</doc>
<kw name="Wait Until Element Is Visible" library="SeleniumLibrary">
<arg>${locator}</arg>
<arg>${timeout}</arg>
<doc>Waits until the element ``locator`` is visible.</doc>
<status status="PASS" starttime="20250731 02:45:19.590" endtime="20250731 02:45:20.231"/>
</kw>
<status status="PASS" starttime="20250731 02:45:19.590" endtime="20250731 02:45:20.231"/>
</kw>
<kw name="Input Text" library="SeleniumLibrary">
<arg>${locator}</arg>
<arg>${texto}</arg>
<doc>Types the given ``text`` into the text field identified by ``locator``.</doc>
<msg timestamp="20250731 02:45:20.232" level="INFO">Typing text 'admin' into text field 'id:usuario'.</msg>
<status status="PASS" starttime="20250731 02:45:20.232" endtime="20250731 02:45:21.457"/>
</kw>
<status status="PASS" starttime="20250731 02:45:19.589" endtime="20250731 02:45:21.457"/>
</kw>
<status status="PASS" starttime="20250731 02:45:19.588" endtime="20250731 02:45:21.458"/>
</kw>
<kw name="Ingresar Contraseña SISDEP" library="sisdep_login_page">
<arg>${contraseña}</arg>
<doc>Ingresa la contraseña en SISDEP</doc>
<kw name="Ingresar Texto" library="common_keywords">
<arg>${SISDEP_PASSWORD_FIELD}</arg>
<arg>${contraseña}</arg>
<doc>Ingresa texto en un campo después de esperar que sea visible</doc>
<kw name="Esperar Elemento Visible" library="common_keywords">
<arg>${locator}</arg>
<arg>${timeout}</arg>
<doc>Espera a que un elemento sea visible</doc>
<kw name="Wait Until Element Is Visible" library="SeleniumLibrary">
<arg>${locator}</arg>
<arg>${timeout}</arg>
<doc>Waits until the element ``locator`` is visible.</doc>
<status status="PASS" starttime="20250731 02:45:21.462" endtime="20250731 02:45:22.128"/>
</kw>
<status status="PASS" starttime="20250731 02:45:21.461" endtime="20250731 02:45:22.128"/>
</kw>
<kw name="Input Text" library="SeleniumLibrary">
<arg>${locator}</arg>
<arg>${texto}</arg>
<doc>Types the given ``text`` into the text field identified by ``locator``.</doc>
<msg timestamp="20250731 02:45:22.129" level="INFO">Typing text 'EspacioPublico2024?sisdep' into text field 'id:password'.</msg>
<status status="PASS" starttime="20250731 02:45:22.128" endtime="20250731 02:45:23.314"/>
</kw>
<status status="PASS" starttime="20250731 02:45:21.460" endtime="20250731 02:45:23.314"/>
</kw>
<status status="PASS" starttime="20250731 02:45:21.458" endtime="20250731 02:45:23.314"/>
</kw>
<kw name="Hacer Click En Login SISDEP" library="sisdep_login_page">
<doc>Hace click en el botón de login de SISDEP</doc>
<kw name="Hacer Click En Elemento" library="common_keywords">
<arg>${SISDEP_LOGIN_BUTTON}</arg>
<doc>Hace click en un elemento después de esperar que sea clickeable</doc>
<kw name="Esperar Elemento Clickable" library="common_keywords">
<arg>${locator}</arg>
<arg>${timeout}</arg>
<doc>Espera a que un elemento sea clickeable</doc>
<kw name="Wait Until Element Is Enabled" library="SeleniumLibrary">
<arg>${locator}</arg>
<arg>${timeout}</arg>
<doc>Waits until the element ``locator`` is enabled.</doc>
<status status="PASS" starttime="20250731 02:45:23.315" endtime="20250731 02:45:24.304"/>
</kw>
<status status="PASS" starttime="20250731 02:45:23.315" endtime="20250731 02:45:24.304"/>
</kw>
<kw name="Click Element" library="SeleniumLibrary">
<arg>${locator}</arg>
<doc>Click the element identified by ``locator``.</doc>
<msg timestamp="20250731 02:45:24.305" level="INFO">Clicking element 'xpath://button[.//span[text()='Iniciar sesión']]'.</msg>
<status status="PASS" starttime="20250731 02:45:24.305" endtime="20250731 02:45:25.034"/>
</kw>
<status status="PASS" starttime="20250731 02:45:23.314" endtime="20250731 02:45:25.034"/>
</kw>
<status status="PASS" starttime="20250731 02:45:23.314" endtime="20250731 02:45:25.034"/>
</kw>
<status status="PASS" starttime="20250731 02:45:19.587" endtime="20250731 02:45:25.034"/>
</kw>
<kw name="Verificar Login Exitoso SISDEP" library="sisdep_login_page">
<doc>Verifica que el login en SISDEP fue exitoso</doc>
<kw name="Verificar Elemento Presente" library="common_keywords">
<arg>${SISDEP_SUCCESS_MESSAGE}</arg>
<doc>Verifica que un elemento esté presente en la página</doc>
<kw name="Wait Until Element Is Visible" library="SeleniumLibrary">
<arg>${locator}</arg>
<arg>${timeout}</arg>
<doc>Waits until the element ``locator`` is visible.</doc>
<status status="PASS" starttime="20250731 02:45:25.036" endtime="20250731 02:46:02.069"/>
</kw>
<status status="PASS" starttime="20250731 02:45:25.035" endtime="20250731 02:46:02.069"/>
</kw>
<status status="PASS" starttime="20250731 02:45:25.035" endtime="20250731 02:46:02.070"/>
</kw>
<kw name="Verificar Dashboard Cargado" library="sisdep_dashboard_page">
<doc>Verifica que el dashboard se haya cargado correctamente</doc>
<kw name="Verificar Elemento Presente" library="common_keywords">
<arg>${SISDEP_DASHBOARD_TITLE}</arg>
<doc>Verifica que un elemento esté presente en la página</doc>
<kw name="Wait Until Element Is Visible" library="SeleniumLibrary">
<arg>${locator}</arg>
<arg>${timeout}</arg>
<doc>Waits until the element ``locator`` is visible.</doc>
<status status="PASS" starttime="20250731 02:46:02.071" endtime="20250731 02:46:03.005"/>
</kw>
<status status="PASS" starttime="20250731 02:46:02.071" endtime="20250731 02:46:03.006"/>
</kw>
<status status="PASS" starttime="20250731 02:46:02.070" endtime="20250731 02:46:03.006"/>
</kw>
<kw name="Realizar Logout" library="sisdep_dashboard_page">
<doc>Realiza el proceso completo de logout</doc>
<kw name="Hacer Click En Perfil Usuario" library="sisdep_dashboard_page">
<doc>Hace click en el ícono del perfil del usuario</doc>
<kw name="Hacer Click En Elemento" library="common_keywords">
<arg>${SISDEP_USER_PROFILE_ICON}</arg>
<doc>Hace click en un elemento después de esperar que sea clickeable</doc>
<kw name="Esperar Elemento Clickable" library="common_keywords">
<arg>${locator}</arg>
<arg>${timeout}</arg>
<doc>Espera a que un elemento sea clickeable</doc>
<kw name="Wait Until Element Is Enabled" library="SeleniumLibrary">
<arg>${locator}</arg>
<arg>${timeout}</arg>
<doc>Waits until the element ``locator`` is enabled.</doc>
<status status="PASS" starttime="20250731 02:46:03.013" endtime="20250731 02:46:04.310"/>
</kw>
<status status="PASS" starttime="20250731 02:46:03.009" endtime="20250731 02:46:04.310"/>
</kw>
<kw name="Click Element" library="SeleniumLibrary">
<arg>${locator}</arg>
<doc>Click the element identified by ``locator``.</doc>
<msg timestamp="20250731 02:46:04.312" level="INFO">Clicking element 'xpath://span[contains(@class, 'ant-avatar') and contains(@class, 'ant-dropdown-trigger')]'.</msg>
<status status="PASS" starttime="20250731 02:46:04.310" endtime="20250731 02:46:05.201"/>
</kw>
<status status="PASS" starttime="20250731 02:46:03.008" endtime="20250731 02:46:05.201"/>
</kw>
<status status="PASS" starttime="20250731 02:46:03.007" endtime="20250731 02:46:05.201"/>
</kw>
<kw name="Seleccionar Cerrar Sesion" library="sisdep_dashboard_page">
<doc>Selecciona la opción de cerrar sesión del menú desplegable</doc>
<kw name="Hacer Click En Elemento" library="common_keywords">
<arg>${SISDEP_LOGOUT_OPTION}</arg>
<doc>Hace click en un elemento después de esperar que sea clickeable</doc>
<kw name="Esperar Elemento Clickable" library="common_keywords">
<arg>${locator}</arg>
<arg>${timeout}</arg>
<doc>Espera a que un elemento sea clickeable</doc>
<kw name="Wait Until Element Is Enabled" library="SeleniumLibrary">
<arg>${locator}</arg>
<arg>${timeout}</arg>
<doc>Waits until the element ``locator`` is enabled.</doc>
<status status="PASS" starttime="20250731 02:46:05.203" endtime="20250731 02:46:06.290"/>
</kw>
<status status="PASS" starttime="20250731 02:46:05.203" endtime="20250731 02:46:06.290"/>
</kw>
<kw name="Click Element" library="SeleniumLibrary">
<arg>${locator}</arg>
<doc>Click the element identified by ``locator``.</doc>
<msg timestamp="20250731 02:46:06.294" level="INFO">Clicking element 'xpath://span[contains(@class, 'ant-dropdown-menu-title-content') and text()='Cerrar sesión']'.</msg>
<status status="PASS" starttime="20250731 02:46:06.291" endtime="20250731 02:46:08.343"/>
</kw>
<status status="PASS" starttime="20250731 02:46:05.202" endtime="20250731 02:46:08.343"/>
</kw>
<status status="PASS" starttime="20250731 02:46:05.201" endtime="20250731 02:46:08.343"/>
</kw>
<status status="PASS" starttime="20250731 02:46:03.006" endtime="20250731 02:46:08.343"/>
</kw>
<kw name="Verificar Logout Exitoso" library="sisdep_dashboard_page">
<doc>Verifica que el logout fue exitoso</doc>
<kw name="Verificar Elemento Presente" library="common_keywords">
<arg>${SISDEP_LOGOUT_SUCCESS_MSG}</arg>
<doc>Verifica que un elemento esté presente en la página</doc>
<kw name="Wait Until Element Is Visible" library="SeleniumLibrary">
<arg>${locator}</arg>
<arg>${timeout}</arg>
<doc>Waits until the element ``locator`` is visible.</doc>
<status status="PASS" starttime="20250731 02:46:08.345" endtime="20250731 02:46:09.020"/>
</kw>
<status status="PASS" starttime="20250731 02:46:08.345" endtime="20250731 02:46:09.020"/>
</kw>
<kw name="Verificar URL Contiene" library="common_keywords">
<arg>${URL_VERIFICATION_PATH}</arg>
<doc>Verifica que la URL actual contenga un texto específico</doc>
<kw name="Wait Until Location Contains" library="SeleniumLibrary">
<arg>${texto}</arg>
<arg>${timeout}</arg>
<doc>Waits until the current URL contains ``expected``.</doc>
<status status="PASS" starttime="20250731 02:46:09.021" endtime="20250731 02:46:09.336"/>
</kw>
<status status="PASS" starttime="20250731 02:46:09.020" endtime="20250731 02:46:09.336"/>
</kw>
<status status="PASS" starttime="20250731 02:46:08.343" endtime="20250731 02:46:09.336"/>
</kw>
<kw name="Verificar Elementos De Login SISDEP Presentes" library="sisdep_login_page">
<doc>Verifica que todos los elementos de la página de login de SISDEP estén presentes</doc>
<kw name="Verificar Elemento Presente" library="common_keywords">
<arg>${SISDEP_LOGIN_PAGE_TITLE}</arg>
<doc>Verifica que un elemento esté presente en la página</doc>
<kw name="Wait Until Element Is Visible" library="SeleniumLibrary">
<arg>${locator}</arg>
<arg>${timeout}</arg>
<doc>Waits until the element ``locator`` is visible.</doc>
<status status="PASS" starttime="20250731 02:46:09.337" endtime="20250731 02:46:09.985"/>
</kw>
<status status="PASS" starttime="20250731 02:46:09.337" endtime="20250731 02:46:09.986"/>
</kw>
<kw name="Verificar Elemento Presente" library="common_keywords">
<arg>${SISDEP_USERNAME_FIELD}</arg>
<doc>Verifica que un elemento esté presente en la página</doc>
<kw name="Wait Until Element Is Visible" library="SeleniumLibrary">
<arg>${locator}</arg>
<arg>${timeout}</arg>
<doc>Waits until the element ``locator`` is visible.</doc>
<status status="PASS" starttime="20250731 02:46:09.986" endtime="20250731 02:46:10.636"/>
</kw>
<status status="PASS" starttime="20250731 02:46:09.986" endtime="20250731 02:46:10.636"/>
</kw>
<kw name="Verificar Elemento Presente" library="common_keywords">
<arg>${SISDEP_PASSWORD_FIELD}</arg>
<doc>Verifica que un elemento esté presente en la página</doc>
<kw name="Wait Until Element Is Visible" library="SeleniumLibrary">
<arg>${locator}</arg>
<arg>${timeout}</arg>
<doc>Waits until the element ``locator`` is visible.</doc>
<status status="PASS" starttime="20250731 02:46:10.636" endtime="20250731 02:46:11.276"/>
</kw>
<status status="PASS" starttime="20250731 02:46:10.636" endtime="20250731 02:46:11.276"/>
</kw>
<kw name="Verificar Elemento Presente" library="common_keywords">
<arg>${SISDEP_LOGIN_BUTTON}</arg>
<doc>Verifica que un elemento esté presente en la página</doc>
<kw name="Wait Until Element Is Visible" library="SeleniumLibrary">
<arg>${locator}</arg>
<arg>${timeout}</arg>
<doc>Waits until the element ``locator`` is visible.</doc>
<status status="PASS" starttime="20250731 02:46:11.277" endtime="20250731 02:46:11.941"/>
</kw>
<status status="PASS" starttime="20250731 02:46:11.276" endtime="20250731 02:46:11.941"/>
</kw>
<status status="PASS" starttime="20250731 02:46:09.336" endtime="20250731 02:46:11.941"/>
</kw>
<kw name="Cerrar Navegador" library="common_keywords" type="TEARDOWN">
<doc>Cierra el navegador actual</doc>
<kw name="Close Browser" library="SeleniumLibrary">
<doc>Closes the current browser.</doc>
<status status="PASS" starttime="20250731 02:46:11.943" endtime="20250731 02:46:12.306"/>
</kw>
<status status="PASS" starttime="20250731 02:46:11.942" endtime="20250731 02:46:12.306"/>
</kw>
<doc>Test del flujo completo de login y logout</doc>
<tag>autenticacion</tag>
<tag>flujo_completo</tag>
<tag>funcional</tag>
<status status="PASS" starttime="20250731 02:45:13.307" endtime="20250731 02:46:12.307"/>
</test>
<test id="s1-s1-t4" name="Regression Test - Validacion De Campos" line="50">
<kw name="Abrir Navegador" library="common_keywords" type="SETUP">
<arg>${SISDEP_URL}</arg>
<doc>Abre el navegador y maximiza la ventana</doc>
<kw name="Evaluate" library="BuiltIn">
<var>${chrome_options}</var>
<arg>sys.modules['selenium.webdriver'].ChromeOptions()</arg>
<arg>sys, selenium.webdriver</arg>
<doc>Evaluates the given expression in Python and returns the result.</doc>
<msg timestamp="20250731 02:46:12.309" level="INFO">${chrome_options} = &lt;selenium.webdriver.chrome.options.Options object at 0x7e41e19e0e10&gt;</msg>
<status status="PASS" starttime="20250731 02:46:12.309" endtime="20250731 02:46:12.310"/>
</kw>
<kw name="Call Method" library="BuiltIn">
<arg>${chrome_options}</arg>
<arg>add_argument</arg>
<arg>--ignore-ssl-errors</arg>
<doc>Calls the named method of the given object with the provided arguments.</doc>
<status status="PASS" starttime="20250731 02:46:12.312" endtime="20250731 02:46:12.314"/>
</kw>
<kw name="Call Method" library="BuiltIn">
<arg>${chrome_options}</arg>
<arg>add_argument</arg>
<arg>--ignore-certificate-errors</arg>
<doc>Calls the named method of the given object with the provided arguments.</doc>
<status status="PASS" starttime="20250731 02:46:12.316" endtime="20250731 02:46:12.318"/>
</kw>
<kw name="Call Method" library="BuiltIn">
<arg>${chrome_options}</arg>
<arg>add_argument</arg>
<arg>--allow-running-insecure-content</arg>
<doc>Calls the named method of the given object with the provided arguments.</doc>
<status status="PASS" starttime="20250731 02:46:12.318" endtime="20250731 02:46:12.319"/>
</kw>
<kw name="Call Method" library="BuiltIn">
<arg>${chrome_options}</arg>
<arg>add_argument</arg>
<arg>--no-sandbox</arg>
<doc>Calls the named method of the given object with the provided arguments.</doc>
<status status="PASS" starttime="20250731 02:46:12.319" endtime="20250731 02:46:12.319"/>
</kw>
<kw name="Call Method" library="BuiltIn">
<arg>${chrome_options}</arg>
<arg>add_argument</arg>
<arg>--disable-dev-shm-usage</arg>
<doc>Calls the named method of the given object with the provided arguments.</doc>
<status status="PASS" starttime="20250731 02:46:12.320" endtime="20250731 02:46:12.320"/>
</kw>
<kw name="Call Method" library="BuiltIn">
<arg>${chrome_options}</arg>
<arg>add_argument</arg>
<arg>--disable-gpu</arg>
<doc>Calls the named method of the given object with the provided arguments.</doc>
<status status="PASS" starttime="20250731 02:46:12.320" endtime="20250731 02:46:12.320"/>
</kw>
<kw name="Call Method" library="BuiltIn">
<arg>${chrome_options}</arg>
<arg>add_argument</arg>
<arg>--disable-extensions</arg>
<doc>Calls the named method of the given object with the provided arguments.</doc>
<status status="PASS" starttime="20250731 02:46:12.321" endtime="20250731 02:46:12.321"/>
</kw>
<kw name="Call Method" library="BuiltIn">
<arg>${chrome_options}</arg>
<arg>add_argument</arg>
<arg>--disable-plugins</arg>
<doc>Calls the named method of the given object with the provided arguments.</doc>
<status status="PASS" starttime="20250731 02:46:12.321" endtime="20250731 02:46:12.321"/>
</kw>
<kw name="Call Method" library="BuiltIn">
<arg>${chrome_options}</arg>
<arg>add_argument</arg>
<arg>--disable-dev-shm-usage</arg>
<doc>Calls the named method of the given object with the provided arguments.</doc>
<status status="PASS" starttime="20250731 02:46:12.322" endtime="20250731 02:46:12.322"/>
</kw>
<kw name="Call Method" library="BuiltIn">
<arg>${chrome_options}</arg>
<arg>add_argument</arg>
<arg>--no-sandbox</arg>
<doc>Calls the named method of the given object with the provided arguments.</doc>
<status status="PASS" starttime="20250731 02:46:12.322" endtime="20250731 02:46:12.322"/>
</kw>
<kw name="Call Method" library="BuiltIn">
<arg>${chrome_options}</arg>
<arg>add_argument</arg>
<arg>--disable-gpu</arg>
<doc>Calls the named method of the given object with the provided arguments.</doc>
<status status="PASS" starttime="20250731 02:46:12.322" endtime="20250731 02:46:12.323"/>
</kw>
<kw name="Open Browser" library="SeleniumLibrary">
<arg>${url}</arg>
<arg>${BROWSER}</arg>
<arg>options=${chrome_options}</arg>
<doc>Opens a new browser instance to the optional ``url``.</doc>
<msg timestamp="20250731 02:46:12.324" level="INFO">Opening browser 'Chrome' to base url 'https://www.medellin.gov.co/sisdep'.</msg>
<status status="PASS" starttime="20250731 02:46:12.323" endtime="20250731 02:46:16.584"/>
</kw>
<kw name="Maximize Browser Window" library="SeleniumLibrary">
<doc>Maximizes current browser window.</doc>
<status status="PASS" starttime="20250731 02:46:16.584" endtime="20250731 02:46:17.328"/>
</kw>
<kw name="Setup Test Environment" library="config">
<doc>Configuración inicial del entorno de pruebas</doc>
<kw name="Set Selenium Speed" library="SeleniumLibrary">
<arg>${SELENIUM_SPEED}</arg>
<doc>Sets the delay that is waited after each Selenium command.</doc>
<status status="PASS" starttime="20250731 02:46:17.329" endtime="20250731 02:46:17.329"/>
</kw>
<kw name="Set Selenium Implicit Wait" library="SeleniumLibrary">
<arg>${IMPLICIT_WAIT}</arg>
<doc>Sets the implicit wait value used by Selenium.</doc>
<status status="PASS" starttime="20250731 02:46:17.329" endtime="20250731 02:46:17.631"/>
</kw>
<kw name="Set Screenshot Directory" library="SeleniumLibrary">
<arg>${SCREENSHOT_DIR}</arg>
<doc>Sets the directory for captured screenshots.</doc>
<status status="PASS" starttime="20250731 02:46:17.631" endtime="20250731 02:46:17.633"/>
</kw>
<kw name="Set Selenium Timeout" library="SeleniumLibrary">
<arg>${EXPLICIT_WAIT}</arg>
<doc>Sets the timeout that is used by various keywords.</doc>
<status status="PASS" starttime="20250731 02:46:17.633" endtime="20250731 02:46:17.936"/>
</kw>
<kw name="Set Selenium Page Load Timeout" library="SeleniumLibrary">
<arg>${PAGE_LOAD_TIMEOUT}</arg>
<doc>Sets the page load timeout value used by Selenium.</doc>
<status status="PASS" starttime="20250731 02:46:17.936" endtime="20250731 02:46:18.240"/>
</kw>
<status status="PASS" starttime="20250731 02:46:17.328" endtime="20250731 02:46:18.240"/>
</kw>
<status status="PASS" starttime="20250731 02:46:12.308" endtime="20250731 02:46:18.240"/>
</kw>
<kw name="Navegar A SISDEP" library="sisdep_login_page">
<doc>Navega a la página principal de SISDEP</doc>
<kw name="Go To" library="SeleniumLibrary">
<arg>${SISDEP_URL}</arg>
<doc>Navigates the current browser window to the provided ``url``.</doc>
<msg timestamp="20250731 02:46:18.242" level="INFO">Opening url 'https://www.medellin.gov.co/sisdep'</msg>
<status status="PASS" starttime="20250731 02:46:18.242" endtime="20250731 02:46:19.190"/>
</kw>
<kw name="Verificar Elemento Presente" library="common_keywords">
<arg>${SISDEP_LOGIN_PAGE_TITLE}</arg>
<doc>Verifica que un elemento esté presente en la página</doc>
<kw name="Wait Until Element Is Visible" library="SeleniumLibrary">
<arg>${locator}</arg>
<arg>${timeout}</arg>
<doc>Waits until the element ``locator`` is visible.</doc>
<status status="PASS" starttime="20250731 02:46:19.191" endtime="20250731 02:46:19.885"/>
</kw>
<status status="PASS" starttime="20250731 02:46:19.190" endtime="20250731 02:46:19.885"/>
</kw>
<status status="PASS" starttime="20250731 02:46:18.241" endtime="20250731 02:46:19.885"/>
</kw>
<kw name="Verificar Elementos De Login SISDEP Presentes" library="sisdep_login_page">
<doc>Verifica que todos los elementos de la página de login de SISDEP estén presentes</doc>
<kw name="Verificar Elemento Presente" library="common_keywords">
<arg>${SISDEP_LOGIN_PAGE_TITLE}</arg>
<doc>Verifica que un elemento esté presente en la página</doc>
<kw name="Wait Until Element Is Visible" library="SeleniumLibrary">
<arg>${locator}</arg>
<arg>${timeout}</arg>
<doc>Waits until the element ``locator`` is visible.</doc>
<status status="PASS" starttime="20250731 02:46:19.887" endtime="20250731 02:46:20.533"/>
</kw>
<status status="PASS" starttime="20250731 02:46:19.886" endtime="20250731 02:46:20.534"/>
</kw>
<kw name="Verificar Elemento Presente" library="common_keywords">
<arg>${SISDEP_USERNAME_FIELD}</arg>
<doc>Verifica que un elemento esté presente en la página</doc>
<kw name="Wait Until Element Is Visible" library="SeleniumLibrary">
<arg>${locator}</arg>
<arg>${timeout}</arg>
<doc>Waits until the element ``locator`` is visible.</doc>
<status status="PASS" starttime="20250731 02:46:20.534" endtime="20250731 02:46:21.181"/>
</kw>
<status status="PASS" starttime="20250731 02:46:20.534" endtime="20250731 02:46:21.181"/>
</kw>
<kw name="Verificar Elemento Presente" library="common_keywords">
<arg>${SISDEP_PASSWORD_FIELD}</arg>
<doc>Verifica que un elemento esté presente en la página</doc>
<kw name="Wait Until Element Is Visible" library="SeleniumLibrary">
<arg>${locator}</arg>
<arg>${timeout}</arg>
<doc>Waits until the element ``locator`` is visible.</doc>
<status status="PASS" starttime="20250731 02:46:21.182" endtime="20250731 02:46:21.824"/>
</kw>
<status status="PASS" starttime="20250731 02:46:21.181" endtime="20250731 02:46:21.825"/>
</kw>
<kw name="Verificar Elemento Presente" library="common_keywords">
<arg>${SISDEP_LOGIN_BUTTON}</arg>
<doc>Verifica que un elemento esté presente en la página</doc>
<kw name="Wait Until Element Is Visible" library="SeleniumLibrary">
<arg>${locator}</arg>
<arg>${timeout}</arg>
<doc>Waits until the element ``locator`` is visible.</doc>
<status status="PASS" starttime="20250731 02:46:21.826" endtime="20250731 02:46:22.482"/>
</kw>
<status status="PASS" starttime="20250731 02:46:21.825" endtime="20250731 02:46:22.482"/>
</kw>
<status status="PASS" starttime="20250731 02:46:19.885" endtime="20250731 02:46:22.482"/>
</kw>
<kw name="Limpiar Campos De Login SISDEP" library="sisdep_login_page">
<doc>Limpia los campos de usuario y contraseña en SISDEP</doc>
<kw name="Limpiar Campo" library="common_keywords">
<arg>${SISDEP_USERNAME_FIELD}</arg>
<doc>Limpia el contenido de un campo de texto</doc>
<kw name="Clear Element Text" library="SeleniumLibrary">
<arg>${locator}</arg>
<doc>Clears the value of the text-input-element identified by ``locator``.</doc>
<status status="PASS" starttime="20250731 02:46:22.483" endtime="20250731 02:46:23.187"/>
</kw>
<status status="PASS" starttime="20250731 02:46:22.482" endtime="20250731 02:46:23.187"/>
</kw>
<kw name="Limpiar Campo" library="common_keywords">
<arg>${SISDEP_PASSWORD_FIELD}</arg>
<doc>Limpia el contenido de un campo de texto</doc>
<kw name="Clear Element Text" library="SeleniumLibrary">
<arg>${locator}</arg>
<doc>Clears the value of the text-input-element identified by ``locator``.</doc>
<status status="PASS" starttime="20250731 02:46:23.188" endtime="20250731 02:46:23.934"/>
</kw>
<status status="PASS" starttime="20250731 02:46:23.188" endtime="20250731 02:46:23.934"/>
</kw>
<status status="PASS" starttime="20250731 02:46:22.482" endtime="20250731 02:46:23.934"/>
</kw>
<kw name="Tomar Screenshot" library="common_keywords">
<arg>validacion_campos_vacios</arg>
<doc>Toma una captura de pantalla con nombre personalizado</doc>
<kw name="Get Time" library="BuiltIn">
<var>${timestamp}</var>
<arg>epoch</arg>
<doc>Returns the given time in the requested format.</doc>
<msg timestamp="20250731 02:46:23.938" level="INFO">${timestamp} = 1753929983</msg>
<status status="PASS" starttime="20250731 02:46:23.935" endtime="20250731 02:46:23.938"/>
</kw>
<kw name="Set Variable" library="BuiltIn">
<var>${screenshot_name}</var>
<arg>${nombre}_${timestamp}.png</arg>
<doc>Returns the given values which can then be assigned to a variables.</doc>
<msg timestamp="20250731 02:46:23.941" level="INFO">${screenshot_name} = validacion_campos_vacios_1753929983.png</msg>
<status status="PASS" starttime="20250731 02:46:23.939" endtime="20250731 02:46:23.941"/>
</kw>
<kw name="Capture Page Screenshot" library="SeleniumLibrary">
<arg>${screenshot_name}</arg>
<doc>Takes a screenshot of the current page and embeds it into a log file.</doc>
<msg timestamp="20250731 02:46:26.351" level="INFO" html="true">&lt;/td&gt;&lt;/tr&gt;&lt;tr&gt;&lt;td colspan="3"&gt;&lt;a href="screenshots/validacion_campos_vacios_1753929983.png"&gt;&lt;img src="screenshots/validacion_campos_vacios_1753929983.png" width="800px"&gt;&lt;/a&gt;</msg>
<status status="PASS" starttime="20250731 02:46:23.941" endtime="20250731 02:46:26.351"/>
</kw>
<kw name="Log" library="BuiltIn">
<arg>Screenshot guardado como: ${screenshot_name}</arg>
<doc>Logs the given message with the given level.</doc>
<msg timestamp="20250731 02:46:26.366" level="INFO">Screenshot guardado como: validacion_campos_vacios_1753929983.png</msg>
<status status="PASS" starttime="20250731 02:46:26.358" endtime="20250731 02:46:26.366"/>
</kw>
<status status="PASS" starttime="20250731 02:46:23.934" endtime="20250731 02:46:26.366"/>
</kw>
<kw name="Cerrar Navegador" library="common_keywords" type="TEARDOWN">
<doc>Cierra el navegador actual</doc>
<kw name="Close Browser" library="SeleniumLibrary">
<doc>Closes the current browser.</doc>
<status status="PASS" starttime="20250731 02:46:26.367" endtime="20250731 02:46:26.833"/>
</kw>
<status status="PASS" starttime="20250731 02:46:26.367" endtime="20250731 02:46:26.833"/>
</kw>
<doc>Test de validación de campos de login</doc>
<tag>autenticacion</tag>
<tag>regression</tag>
<tag>validacion</tag>
<status status="PASS" starttime="20250731 02:46:12.307" endtime="20250731 02:46:26.833"/>
</test>
<test id="s1-s1-t5" name="Intento De Inicio De Sesion Con Usuario Inactivo" line="61">
<kw name="Abrir Navegador" library="common_keywords" type="SETUP">
<arg>${SISDEP_URL}</arg>
<doc>Abre el navegador y maximiza la ventana</doc>
<kw name="Evaluate" library="BuiltIn">
<var>${chrome_options}</var>
<arg>sys.modules['selenium.webdriver'].ChromeOptions()</arg>
<arg>sys, selenium.webdriver</arg>
<doc>Evaluates the given expression in Python and returns the result.</doc>
<msg timestamp="20250731 02:46:26.837" level="INFO">${chrome_options} = &lt;selenium.webdriver.chrome.options.Options object at 0x7e41e19c8a90&gt;</msg>
<status status="PASS" starttime="20250731 02:46:26.836" endtime="20250731 02:46:26.837"/>
</kw>
<kw name="Call Method" library="BuiltIn">
<arg>${chrome_options}</arg>
<arg>add_argument</arg>
<arg>--ignore-ssl-errors</arg>
<doc>Calls the named method of the given object with the provided arguments.</doc>
<status status="PASS" starttime="20250731 02:46:26.837" endtime="20250731 02:46:26.837"/>
</kw>
<kw name="Call Method" library="BuiltIn">
<arg>${chrome_options}</arg>
<arg>add_argument</arg>
<arg>--ignore-certificate-errors</arg>
<doc>Calls the named method of the given object with the provided arguments.</doc>
<status status="PASS" starttime="20250731 02:46:26.837" endtime="20250731 02:46:26.838"/>
</kw>
<kw name="Call Method" library="BuiltIn">
<arg>${chrome_options}</arg>
<arg>add_argument</arg>
<arg>--allow-running-insecure-content</arg>
<doc>Calls the named method of the given object with the provided arguments.</doc>
<status status="PASS" starttime="20250731 02:46:26.838" endtime="20250731 02:46:26.838"/>
</kw>
<kw name="Call Method" library="BuiltIn">
<arg>${chrome_options}</arg>
<arg>add_argument</arg>
<arg>--no-sandbox</arg>
<doc>Calls the named method of the given object with the provided arguments.</doc>
<status status="PASS" starttime="20250731 02:46:26.838" endtime="20250731 02:46:26.839"/>
</kw>
<kw name="Call Method" library="BuiltIn">
<arg>${chrome_options}</arg>
<arg>add_argument</arg>
<arg>--disable-dev-shm-usage</arg>
<doc>Calls the named method of the given object with the provided arguments.</doc>
<status status="PASS" starttime="20250731 02:46:26.839" endtime="20250731 02:46:26.839"/>
</kw>
<kw name="Call Method" library="BuiltIn">
<arg>${chrome_options}</arg>
<arg>add_argument</arg>
<arg>--disable-gpu</arg>
<doc>Calls the named method of the given object with the provided arguments.</doc>
<status status="PASS" starttime="20250731 02:46:26.839" endtime="20250731 02:46:26.840"/>
</kw>
<kw name="Call Method" library="BuiltIn">
<arg>${chrome_options}</arg>
<arg>add_argument</arg>
<arg>--disable-extensions</arg>
<doc>Calls the named method of the given object with the provided arguments.</doc>
<status status="PASS" starttime="20250731 02:46:26.840" endtime="20250731 02:46:26.848"/>
</kw>
<kw name="Call Method" library="BuiltIn">
<arg>${chrome_options}</arg>
<arg>add_argument</arg>
<arg>--disable-plugins</arg>
<doc>Calls the named method of the given object with the provided arguments.</doc>
<status status="PASS" starttime="20250731 02:46:26.849" endtime="20250731 02:46:26.849"/>
</kw>
<kw name="Call Method" library="BuiltIn">
<arg>${chrome_options}</arg>
<arg>add_argument</arg>
<arg>--disable-dev-shm-usage</arg>
<doc>Calls the named method of the given object with the provided arguments.</doc>
<status status="PASS" starttime="20250731 02:46:26.849" endtime="20250731 02:46:26.850"/>
</kw>
<kw name="Call Method" library="BuiltIn">
<arg>${chrome_options}</arg>
<arg>add_argument</arg>
<arg>--no-sandbox</arg>
<doc>Calls the named method of the given object with the provided arguments.</doc>
<status status="PASS" starttime="20250731 02:46:26.851" endtime="20250731 02:46:26.852"/>
</kw>
<kw name="Call Method" library="BuiltIn">
<arg>${chrome_options}</arg>
<arg>add_argument</arg>
<arg>--disable-gpu</arg>
<doc>Calls the named method of the given object with the provided arguments.</doc>
<status status="PASS" starttime="20250731 02:46:26.852" endtime="20250731 02:46:26.852"/>
</kw>
<kw name="Open Browser" library="SeleniumLibrary">
<arg>${url}</arg>
<arg>${BROWSER}</arg>
<arg>options=${chrome_options}</arg>
<doc>Opens a new browser instance to the optional ``url``.</doc>
<msg timestamp="20250731 02:46:26.854" level="INFO">Opening browser 'Chrome' to base url 'https://www.medellin.gov.co/sisdep'.</msg>
<status status="PASS" starttime="20250731 02:46:26.853" endtime="20250731 02:46:31.273"/>
</kw>
<kw name="Maximize Browser Window" library="SeleniumLibrary">
<doc>Maximizes current browser window.</doc>
<status status="PASS" starttime="20250731 02:46:31.274" endtime="20250731 02:46:31.938"/>
</kw>
<kw name="Setup Test Environment" library="config">
<doc>Configuración inicial del entorno de pruebas</doc>
<kw name="Set Selenium Speed" library="SeleniumLibrary">
<arg>${SELENIUM_SPEED}</arg>
<doc>Sets the delay that is waited after each Selenium command.</doc>
<status status="PASS" starttime="20250731 02:46:31.939" endtime="20250731 02:46:31.939"/>
</kw>
<kw name="Set Selenium Implicit Wait" library="SeleniumLibrary">
<arg>${IMPLICIT_WAIT}</arg>
<doc>Sets the implicit wait value used by Selenium.</doc>
<status status="PASS" starttime="20250731 02:46:31.940" endtime="20250731 02:46:32.245"/>
</kw>
<kw name="Set Screenshot Directory" library="SeleniumLibrary">
<arg>${SCREENSHOT_DIR}</arg>
<doc>Sets the directory for captured screenshots.</doc>
<status status="PASS" starttime="20250731 02:46:32.246" endtime="20250731 02:46:32.247"/>
</kw>
<kw name="Set Selenium Timeout" library="SeleniumLibrary">
<arg>${EXPLICIT_WAIT}</arg>
<doc>Sets the timeout that is used by various keywords.</doc>
<status status="PASS" starttime="20250731 02:46:32.248" endtime="20250731 02:46:32.551"/>
</kw>
<kw name="Set Selenium Page Load Timeout" library="SeleniumLibrary">
<arg>${PAGE_LOAD_TIMEOUT}</arg>
<doc>Sets the page load timeout value used by Selenium.</doc>
<status status="PASS" starttime="20250731 02:46:32.551" endtime="20250731 02:46:32.854"/>
</kw>
<status status="PASS" starttime="20250731 02:46:31.938" endtime="20250731 02:46:32.854"/>
</kw>
<status status="PASS" starttime="20250731 02:46:26.835" endtime="20250731 02:46:32.854"/>
</kw>
<kw name="Navegar A SISDEP" library="sisdep_login_page">
<doc>Navega a la página principal de SISDEP</doc>
<kw name="Go To" library="SeleniumLibrary">
<arg>${SISDEP_URL}</arg>
<doc>Navigates the current browser window to the provided ``url``.</doc>
<msg timestamp="20250731 02:46:32.854" level="INFO">Opening url 'https://www.medellin.gov.co/sisdep'</msg>
<status status="PASS" starttime="20250731 02:46:32.854" endtime="20250731 02:46:34.025"/>
</kw>
<kw name="Verificar Elemento Presente" library="common_keywords">
<arg>${SISDEP_LOGIN_PAGE_TITLE}</arg>
<doc>Verifica que un elemento esté presente en la página</doc>
<kw name="Wait Until Element Is Visible" library="SeleniumLibrary">
<arg>${locator}</arg>
<arg>${timeout}</arg>
<doc>Waits until the element ``locator`` is visible.</doc>
<status status="PASS" starttime="20250731 02:46:34.026" endtime="20250731 02:46:34.748"/>
</kw>
<status status="PASS" starttime="20250731 02:46:34.025" endtime="20250731 02:46:34.749"/>
</kw>
<status status="PASS" starttime="20250731 02:46:32.854" endtime="20250731 02:46:34.749"/>
</kw>
<kw name="Realizar Login SISDEP" library="sisdep_login_page">
<arg>1000870852</arg>
<arg>1000870852</arg>
<doc>Realiza el proceso completo de login en SISDEP</doc>
<kw name="Ingresar Usuario SISDEP" library="sisdep_login_page">
<arg>${usuario}</arg>
<doc>Ingresa el nombre de usuario en SISDEP</doc>
<kw name="Ingresar Texto" library="common_keywords">
<arg>${SISDEP_USERNAME_FIELD}</arg>
<arg>${usuario}</arg>
<doc>Ingresa texto en un campo después de esperar que sea visible</doc>
<kw name="Esperar Elemento Visible" library="common_keywords">
<arg>${locator}</arg>
<arg>${timeout}</arg>
<doc>Espera a que un elemento sea visible</doc>
<kw name="Wait Until Element Is Visible" library="SeleniumLibrary">
<arg>${locator}</arg>
<arg>${timeout}</arg>
<doc>Waits until the element ``locator`` is visible.</doc>
<status status="PASS" starttime="20250731 02:46:34.922" endtime="20250731 02:46:35.585"/>
</kw>
<status status="PASS" starttime="20250731 02:46:34.921" endtime="20250731 02:46:35.585"/>
</kw>
<kw name="Input Text" library="SeleniumLibrary">
<arg>${locator}</arg>
<arg>${texto}</arg>
<doc>Types the given ``text`` into the text field identified by ``locator``.</doc>
<msg timestamp="20250731 02:46:35.586" level="INFO">Typing text '1000870852' into text field 'id:usuario'.</msg>
<status status="PASS" starttime="20250731 02:46:35.585" endtime="20250731 02:46:37.181"/>
</kw>
<status status="PASS" starttime="20250731 02:46:34.750" endtime="20250731 02:46:37.181"/>
</kw>
<status status="PASS" starttime="20250731 02:46:34.750" endtime="20250731 02:46:37.182"/>
</kw>
<kw name="Ingresar Contraseña SISDEP" library="sisdep_login_page">
<arg>${contraseña}</arg>
<doc>Ingresa la contraseña en SISDEP</doc>
<kw name="Ingresar Texto" library="common_keywords">
<arg>${SISDEP_PASSWORD_FIELD}</arg>
<arg>${contraseña}</arg>
<doc>Ingresa texto en un campo después de esperar que sea visible</doc>
<kw name="Esperar Elemento Visible" library="common_keywords">
<arg>${locator}</arg>
<arg>${timeout}</arg>
<doc>Espera a que un elemento sea visible</doc>
<kw name="Wait Until Element Is Visible" library="SeleniumLibrary">
<arg>${locator}</arg>
<arg>${timeout}</arg>
<doc>Waits until the element ``locator`` is visible.</doc>
<status status="PASS" starttime="20250731 02:46:37.186" endtime="20250731 02:46:37.864"/>
</kw>
<status status="PASS" starttime="20250731 02:46:37.186" endtime="20250731 02:46:37.864"/>
</kw>
<kw name="Input Text" library="SeleniumLibrary">
<arg>${locator}</arg>
<arg>${texto}</arg>
<doc>Types the given ``text`` into the text field identified by ``locator``.</doc>
<msg timestamp="20250731 02:46:37.866" level="INFO">Typing text '1000870852' into text field 'id:password'.</msg>
<status status="PASS" starttime="20250731 02:46:37.864" endtime="20250731 02:46:39.105"/>
</kw>
<status status="PASS" starttime="20250731 02:46:37.185" endtime="20250731 02:46:39.105"/>
</kw>
<status status="PASS" starttime="20250731 02:46:37.182" endtime="20250731 02:46:39.105"/>
</kw>
<kw name="Hacer Click En Login SISDEP" library="sisdep_login_page">
<doc>Hace click en el botón de login de SISDEP</doc>
<kw name="Hacer Click En Elemento" library="common_keywords">
<arg>${SISDEP_LOGIN_BUTTON}</arg>
<doc>Hace click en un elemento después de esperar que sea clickeable</doc>
<kw name="Esperar Elemento Clickable" library="common_keywords">
<arg>${locator}</arg>
<arg>${timeout}</arg>
<doc>Espera a que un elemento sea clickeable</doc>
<kw name="Wait Until Element Is Enabled" library="SeleniumLibrary">
<arg>${locator}</arg>
<arg>${timeout}</arg>
<doc>Waits until the element ``locator`` is enabled.</doc>
<status status="PASS" starttime="20250731 02:46:39.106" endtime="20250731 02:46:40.155"/>
</kw>
<status status="PASS" starttime="20250731 02:46:39.106" endtime="20250731 02:46:40.156"/>
</kw>
<kw name="Click Element" library="SeleniumLibrary">
<arg>${locator}</arg>
<doc>Click the element identified by ``locator``.</doc>
<msg timestamp="20250731 02:46:40.157" level="INFO">Clicking element 'xpath://button[.//span[text()='Iniciar sesión']]'.</msg>
<status status="PASS" starttime="20250731 02:46:40.156" endtime="20250731 02:46:41.187"/>
</kw>
<status status="PASS" starttime="20250731 02:46:39.105" endtime="20250731 02:46:41.187"/>
</kw>
<status status="PASS" starttime="20250731 02:46:39.105" endtime="20250731 02:46:41.187"/>
</kw>
<status status="PASS" starttime="20250731 02:46:34.749" endtime="20250731 02:46:41.196"/>
</kw>
<kw name="Verificar Usuario Inactivo" library="sisdep_login_page">
<doc>Verifica que el usuario no puede iniciar sesión y recibe un mensaje de error claro.</doc>
<kw name="Sleep" library="BuiltIn">
<arg>2s</arg>
<doc>Pauses the test executed for the given time.</doc>
<msg timestamp="20250731 02:46:43.201" level="INFO">Slept 2 seconds</msg>
<status status="PASS" starttime="20250731 02:46:41.198" endtime="20250731 02:46:43.201"/>
</kw>
<kw name="Verificar Texto En Página" library="common_keywords">
<arg>Usuario no activado por el administrador.</arg>
<doc>Verifica que un texto esté presente en la página</doc>
<kw name="Wait Until Page Contains" library="SeleniumLibrary">
<arg>${texto}</arg>
<arg>${timeout}</arg>
<doc>Waits until ``text`` appears on the current page.</doc>
<status status="PASS" starttime="20250731 02:46:43.202" endtime="20250731 02:46:43.608"/>
</kw>
<status status="PASS" starttime="20250731 02:46:43.201" endtime="20250731 02:46:43.609"/>
</kw>
<status status="PASS" starttime="20250731 02:46:41.197" endtime="20250731 02:46:43.609"/>
</kw>
<kw name="Cerrar Navegador" library="common_keywords" type="TEARDOWN">
<doc>Cierra el navegador actual</doc>
<kw name="Close Browser" library="SeleniumLibrary">
<doc>Closes the current browser.</doc>
<status status="PASS" starttime="20250731 02:46:43.610" endtime="20250731 02:46:44.027"/>
</kw>
<status status="PASS" starttime="20250731 02:46:43.609" endtime="20250731 02:46:44.027"/>
</kw>
<doc>Verifica que un usuario inactivo no puede iniciar sesión y recibe un mensaje de error claro.</doc>
<tag>autenticacion</tag>
<tag>negativo</tag>
<tag>usuario_inactivo</tag>
<status status="PASS" starttime="20250731 02:46:26.834" endtime="20250731 02:46:44.027"/>
</test>
<kw name="Teardown Test Environment" library="config" type="TEARDOWN">
<doc>Limpieza del entorno de pruebas</doc>
<kw name="Close All Browsers" library="SeleniumLibrary">
<doc>Closes all open browsers and resets the browser cache.</doc>
<status status="PASS" starttime="20250731 02:46:44.039" endtime="20250731 02:46:44.039"/>
</kw>
<status status="PASS" starttime="20250731 02:46:44.038" endtime="20250731 02:46:44.039"/>
</kw>
<doc>Suite completa de pruebas para la Feature: Autenticación de Usuario</doc>
<status status="PASS" starttime="20250731 02:44:24.117" endtime="20250731 02:46:44.040"/>
</suite>
<suite id="s1-s2" name="Administracion" source="/app/test_suites/features/administracion">
<suite id="s1-s2-s1" name="Gestion Dominios" source="/app/test_suites/features/administracion/gestion_dominios.robot">
<kw name="Setup Test Environment" library="config" type="SETUP">
<doc>Configuración inicial del entorno de pruebas</doc>
<kw name="Set Selenium Speed" library="SeleniumLibrary">
<arg>${SELENIUM_SPEED}</arg>
<doc>Sets the delay that is waited after each Selenium command.</doc>
<status status="PASS" starttime="20250731 02:46:44.153" endtime="20250731 02:46:44.154"/>
</kw>
<kw name="Set Selenium Implicit Wait" library="SeleniumLibrary">
<arg>${IMPLICIT_WAIT}</arg>
<doc>Sets the implicit wait value used by Selenium.</doc>
<status status="PASS" starttime="20250731 02:46:44.154" endtime="20250731 02:46:44.155"/>
</kw>
<kw name="Set Screenshot Directory" library="SeleniumLibrary">
<arg>${SCREENSHOT_DIR}</arg>
<doc>Sets the directory for captured screenshots.</doc>
<status status="PASS" starttime="20250731 02:46:44.155" endtime="20250731 02:46:44.158"/>
</kw>
<kw name="Set Selenium Timeout" library="SeleniumLibrary">
<arg>${EXPLICIT_WAIT}</arg>
<doc>Sets the timeout that is used by various keywords.</doc>
<status status="PASS" starttime="20250731 02:46:44.158" endtime="20250731 02:46:44.159"/>
</kw>
<kw name="Set Selenium Page Load Timeout" library="SeleniumLibrary">
<arg>${PAGE_LOAD_TIMEOUT}</arg>
<doc>Sets the page load timeout value used by Selenium.</doc>
<status status="PASS" starttime="20250731 02:46:44.159" endtime="20250731 02:46:44.159"/>
</kw>
<status status="PASS" starttime="20250731 02:46:44.152" endtime="20250731 02:46:44.159"/>
</kw>
<test id="s1-s2-s1-t1" name="Agregar Nuevo Valor A Dominio" line="12">
<kw name="Abrir Navegador" library="common_keywords" type="SETUP">
<arg>${SISDEP_URL}</arg>
<doc>Abre el navegador y maximiza la ventana</doc>
<kw name="Evaluate" library="BuiltIn">
<var>${chrome_options}</var>
<arg>sys.modules['selenium.webdriver'].ChromeOptions()</arg>
<arg>sys, selenium.webdriver</arg>
<doc>Evaluates the given expression in Python and returns the result.</doc>
<msg timestamp="20250731 02:46:44.172" level="INFO">${chrome_options} = &lt;selenium.webdriver.chrome.options.Options object at 0x7e41e19c9c50&gt;</msg>
<status status="PASS" starttime="20250731 02:46:44.170" endtime="20250731 02:46:44.172"/>
</kw>
<kw name="Call Method" library="BuiltIn">
<arg>${chrome_options}</arg>
<arg>add_argument</arg>
<arg>--ignore-ssl-errors</arg>
<doc>Calls the named method of the given object with the provided arguments.</doc>
<status status="PASS" starttime="20250731 02:46:44.172" endtime="20250731 02:46:44.173"/>
</kw>
<kw name="Call Method" library="BuiltIn">
<arg>${chrome_options}</arg>
<arg>add_argument</arg>
<arg>--ignore-certificate-errors</arg>
<doc>Calls the named method of the given object with the provided arguments.</doc>
<status status="PASS" starttime="20250731 02:46:44.173" endtime="20250731 02:46:44.174"/>
</kw>
<kw name="Call Method" library="BuiltIn">
<arg>${chrome_options}</arg>
<arg>add_argument</arg>
<arg>--allow-running-insecure-content</arg>
<doc>Calls the named method of the given object with the provided arguments.</doc>
<status status="PASS" starttime="20250731 02:46:44.174" endtime="20250731 02:46:44.174"/>
</kw>
<kw name="Call Method" library="BuiltIn">
<arg>${chrome_options}</arg>
<arg>add_argument</arg>
<arg>--no-sandbox</arg>
<doc>Calls the named method of the given object with the provided arguments.</doc>
<status status="PASS" starttime="20250731 02:46:44.174" endtime="20250731 02:46:44.175"/>
</kw>
<kw name="Call Method" library="BuiltIn">
<arg>${chrome_options}</arg>
[...]
<status status="PASS" starttime="20250731 03:19:14.248" endtime="20250731 03:19:14.965"/>
</kw>
<status status="PASS" starttime="20250731 03:19:14.246" endtime="20250731 03:19:14.965"/>
</kw>
<kw name="Input Text" library="SeleniumLibrary">
<arg>${locator}</arg>
<arg>${texto}</arg>
<doc>Types the given ``text`` into the text field identified by ``locator``.</doc>
<msg timestamp="20250731 03:19:14.968" level="INFO">Typing text 'EspacioPublico2024?sisdep' into text field 'id:password'.</msg>
<status status="PASS" starttime="20250731 03:19:14.966" endtime="20250731 03:19:16.819"/>
</kw>
<status status="PASS" starttime="20250731 03:19:14.245" endtime="20250731 03:19:16.820"/>
</kw>
<status status="PASS" starttime="20250731 03:19:14.244" endtime="20250731 03:19:16.820"/>
</kw>
<kw name="Hacer Click En Login SISDEP" library="sisdep_login_page">
<doc>Hace click en el botón de login de SISDEP</doc>
<kw name="Hacer Click En Elemento" library="common_keywords">
<arg>${SISDEP_LOGIN_BUTTON}</arg>
<doc>Hace click en un elemento después de esperar que sea clickeable</doc>
<kw name="Esperar Elemento Clickable" library="common_keywords">
<arg>${locator}</arg>
<arg>${timeout}</arg>
<doc>Espera a que un elemento sea clickeable</doc>
<kw name="Wait Until Element Is Enabled" library="SeleniumLibrary">
<arg>${locator}</arg>
<arg>${timeout}</arg>
<doc>Waits until the element ``locator`` is enabled.</doc>
<status status="PASS" starttime="20250731 03:19:16.828" endtime="20250731 03:19:17.974"/>
</kw>
<status status="PASS" starttime="20250731 03:19:16.822" endtime="20250731 03:19:17.975"/>
</kw>
<kw name="Click Element" library="SeleniumLibrary">
<arg>${locator}</arg>
<doc>Click the element identified by ``locator``.</doc>
<msg timestamp="20250731 03:19:17.977" level="INFO">Clicking element 'xpath://button[.//span[text()='Iniciar sesión']]'.</msg>
<status status="PASS" starttime="20250731 03:19:17.975" endtime="20250731 03:19:19.043"/>
</kw>
<status status="PASS" starttime="20250731 03:19:16.821" endtime="20250731 03:19:19.043"/>
</kw>
<status status="PASS" starttime="20250731 03:19:16.820" endtime="20250731 03:19:19.043"/>
</kw>
<status status="PASS" starttime="20250731 03:19:11.713" endtime="20250731 03:19:19.043"/>
</kw>
<kw name="Ir A Seccion Ofertas Institucionales" library="sisdep_ofertas_institucionales_page">
<doc>Navega a la sección de Ofertas Institucionales</doc>
<kw name="Hacer Click En Elemento" library="common_keywords">
<arg>${MENU_PERSONAS}</arg>
<doc>Hace click en un elemento después de esperar que sea clickeable</doc>
<kw name="Esperar Elemento Clickable" library="common_keywords">
<arg>${locator}</arg>
<arg>${timeout}</arg>
<doc>Espera a que un elemento sea clickeable</doc>
<kw name="Wait Until Element Is Enabled" library="SeleniumLibrary">
<arg>${locator}</arg>
<arg>${timeout}</arg>
<doc>Waits until the element ``locator`` is enabled.</doc>
<status status="PASS" starttime="20250731 03:19:19.057" endtime="20250731 03:19:59.198"/>
</kw>
<status status="PASS" starttime="20250731 03:19:19.056" endtime="20250731 03:19:59.199"/>
</kw>
<kw name="Click Element" library="SeleniumLibrary">
<arg>${locator}</arg>
<doc>Click the element identified by ``locator``.</doc>
<msg timestamp="20250731 03:19:59.204" level="INFO">Clicking element 'xpath://div[@role='menuitem' and .//span[text()='Social']]'.</msg>
<status status="PASS" starttime="20250731 03:19:59.199" endtime="20250731 03:20:00.235"/>
</kw>
<status status="PASS" starttime="20250731 03:19:19.055" endtime="20250731 03:20:00.235"/>
</kw>
<kw name="Sleep" library="BuiltIn">
<arg>1s</arg>
<doc>Pauses the test executed for the given time.</doc>
<msg timestamp="20250731 03:20:01.243" level="INFO">Slept 1 second</msg>
<status status="PASS" starttime="20250731 03:20:00.242" endtime="20250731 03:20:01.244"/>
</kw>
<kw name="Hacer Click En Elemento" library="common_keywords">
<arg>${SUBMENU_OFERTAS_INSTITUCIONALES}</arg>
<doc>Hace click en un elemento después de esperar que sea clickeable</doc>
<kw name="Esperar Elemento Clickable" library="common_keywords">
<arg>${locator}</arg>
<arg>${timeout}</arg>
<doc>Espera a que un elemento sea clickeable</doc>
<kw name="Wait Until Element Is Enabled" library="SeleniumLibrary">
<arg>${locator}</arg>
<arg>${timeout}</arg>
<doc>Waits until the element ``locator`` is enabled.</doc>
<status status="PASS" starttime="20250731 03:20:01.246" endtime="20250731 03:20:02.264"/>
</kw>
<status status="PASS" starttime="20250731 03:20:01.245" endtime="20250731 03:20:02.264"/>
</kw>
<kw name="Click Element" library="SeleniumLibrary">
<arg>${locator}</arg>
<doc>Click the element identified by ``locator``.</doc>
<msg timestamp="20250731 03:20:02.266" level="INFO">Clicking element 'xpath://a[@href='/sisdep/social/ofertas-institucionales']'.</msg>
<status status="PASS" starttime="20250731 03:20:02.264" endtime="20250731 03:20:03.921"/>
</kw>
<status status="PASS" starttime="20250731 03:20:01.244" endtime="20250731 03:20:03.921"/>
</kw>
<kw name="Sleep" library="BuiltIn">
<arg>2s</arg>
<doc>Pauses the test executed for the given time.</doc>
<msg timestamp="20250731 03:20:05.922" level="INFO">Slept 2 seconds</msg>
<status status="PASS" starttime="20250731 03:20:03.921" endtime="20250731 03:20:05.922"/>
</kw>
<kw name="Verificar Elemento Presente" library="common_keywords">
<arg>${SECCION_OFERTAS_TITLE}</arg>
<doc>Verifica que un elemento esté presente en la página</doc>
<kw name="Wait Until Element Is Visible" library="SeleniumLibrary">
<arg>${locator}</arg>
<arg>${timeout}</arg>
<doc>Waits until the element ``locator`` is visible.</doc>
<status status="PASS" starttime="20250731 03:20:05.925" endtime="20250731 03:20:06.613"/>
</kw>
<status status="PASS" starttime="20250731 03:20:05.923" endtime="20250731 03:20:06.613"/>
</kw>
<status status="PASS" starttime="20250731 03:19:19.053" endtime="20250731 03:20:06.613"/>
</kw>
<kw name="Agregar Participante A Oferta" library="sisdep_ofertas_institucionales_page">
<arg>sena dadad</arg>
<arg>1000100100</arg>
<arg>Atención en la oficina</arg>
<doc>Agrega un participante a una oferta institucional</doc>
<kw name="Hacer Click En Elemento" library="common_keywords">
<arg>${FILTRO_TIPO_OFERTA_INPUT}</arg>
<doc>Hace click en un elemento después de esperar que sea clickeable</doc>
<kw name="Esperar Elemento Clickable" library="common_keywords">
<arg>${locator}</arg>
<arg>${timeout}</arg>
<doc>Espera a que un elemento sea clickeable</doc>
<kw name="Wait Until Element Is Enabled" library="SeleniumLibrary">
<arg>${locator}</arg>
<arg>${timeout}</arg>
<doc>Waits until the element ``locator`` is enabled.</doc>
<status status="PASS" starttime="20250731 03:20:06.614" endtime="20250731 03:20:07.582"/>
</kw>
<status status="PASS" starttime="20250731 03:20:06.614" endtime="20250731 03:20:07.582"/>
</kw>
<kw name="Click Element" library="SeleniumLibrary">
<arg>${locator}</arg>
<doc>Click the element identified by ``locator``.</doc>
<msg timestamp="20250731 03:20:07.583" level="INFO">Clicking element 'xpath://input[@id='tipoOferta']'.</msg>
<status status="PASS" starttime="20250731 03:20:07.582" endtime="20250731 03:20:08.364"/>
</kw>
<status status="PASS" starttime="20250731 03:20:06.613" endtime="20250731 03:20:08.364"/>
</kw>
<kw name="Sleep" library="BuiltIn">
<arg>1s</arg>
<doc>Pauses the test executed for the given time.</doc>
<msg timestamp="20250731 03:20:09.366" level="INFO">Slept 1 second</msg>
<status status="PASS" starttime="20250731 03:20:08.364" endtime="20250731 03:20:09.366"/>
</kw>
<kw name="Hacer Click En Elemento" library="common_keywords">
<arg>xpath://div[contains(@class,'ant-select-item-option-content') and text()='${TIPO_OFERTA}']</arg>
<doc>Hace click en un elemento después de esperar que sea clickeable</doc>
<kw name="Esperar Elemento Clickable" library="common_keywords">
<arg>${locator}</arg>
<arg>${timeout}</arg>
<doc>Espera a que un elemento sea clickeable</doc>
<kw name="Wait Until Element Is Enabled" library="SeleniumLibrary">
<arg>${locator}</arg>
<arg>${timeout}</arg>
<doc>Waits until the element ``locator`` is enabled.</doc>
<status status="PASS" starttime="20250731 03:20:09.367" endtime="20250731 03:20:10.345"/>
</kw>
<status status="PASS" starttime="20250731 03:20:09.367" endtime="20250731 03:20:10.345"/>
</kw>
<kw name="Click Element" library="SeleniumLibrary">
<arg>${locator}</arg>
<doc>Click the element identified by ``locator``.</doc>
<msg timestamp="20250731 03:20:10.347" level="INFO">Clicking element 'xpath://div[contains(@class,'ant-select-item-option-content') and text()='sena dadad']'.</msg>
<status status="PASS" starttime="20250731 03:20:10.345" endtime="20250731 03:20:11.403"/>
</kw>
<status status="PASS" starttime="20250731 03:20:09.366" endtime="20250731 03:20:11.403"/>
</kw>
<kw name="Hacer Click En Elemento" library="common_keywords">
<arg>${DETALLES_OFERTA_BUTTON}</arg>
<doc>Hace click en un elemento después de esperar que sea clickeable</doc>
<kw name="Esperar Elemento Clickable" library="common_keywords">
<arg>${locator}</arg>
<arg>${timeout}</arg>
<doc>Espera a que un elemento sea clickeable</doc>
<kw name="Wait Until Element Is Enabled" library="SeleniumLibrary">
<arg>${locator}</arg>
<arg>${timeout}</arg>
<doc>Waits until the element ``locator`` is enabled.</doc>
<status status="PASS" starttime="20250731 03:20:11.404" endtime="20250731 03:20:12.394"/>
</kw>
<status status="PASS" starttime="20250731 03:20:11.404" endtime="20250731 03:20:12.395"/>
</kw>
<kw name="Click Element" library="SeleniumLibrary">
<arg>${locator}</arg>
<doc>Click the element identified by ``locator``.</doc>
<msg timestamp="20250731 03:20:12.396" level="INFO">Clicking element 'xpath://button[@aria-label='Detalles' and .//span[text()='Detalles']]'.</msg>
<status status="PASS" starttime="20250731 03:20:12.395" endtime="20250731 03:20:14.818"/>
</kw>
<status status="PASS" starttime="20250731 03:20:11.403" endtime="20250731 03:20:14.818"/>
</kw>
<kw name="Sleep" library="BuiltIn">
<arg>1s</arg>
<doc>Pauses the test executed for the given time.</doc>
<msg timestamp="20250731 03:20:15.820" level="INFO">Slept 1 second</msg>
<status status="PASS" starttime="20250731 03:20:14.819" endtime="20250731 03:20:15.820"/>
</kw>
<kw name="Hacer Click En Elemento" library="common_keywords">
<arg>${AGREGAR_PARTICIPANTE_BUTTON}</arg>
<doc>Hace click en un elemento después de esperar que sea clickeable</doc>
<kw name="Esperar Elemento Clickable" library="common_keywords">
<arg>${locator}</arg>
<arg>${timeout}</arg>
<doc>Espera a que un elemento sea clickeable</doc>
<kw name="Wait Until Element Is Enabled" library="SeleniumLibrary">
<arg>${locator}</arg>
<arg>${timeout}</arg>
<doc>Waits until the element ``locator`` is enabled.</doc>
<status status="PASS" starttime="20250731 03:20:15.823" endtime="20250731 03:20:16.801"/>
</kw>
<status status="PASS" starttime="20250731 03:20:15.822" endtime="20250731 03:20:16.801"/>
</kw>
<kw name="Click Element" library="SeleniumLibrary">
<arg>${locator}</arg>
<doc>Click the element identified by ``locator``.</doc>
<msg timestamp="20250731 03:20:16.802" level="INFO">Clicking element 'xpath://button[@aria-label='Agregar' and .//span[text()='Agregar']]'.</msg>
<status status="PASS" starttime="20250731 03:20:16.801" endtime="20250731 03:20:17.584"/>
</kw>
<status status="PASS" starttime="20250731 03:20:15.820" endtime="20250731 03:20:17.585"/>
</kw>
<kw name="Sleep" library="BuiltIn">
<arg>1s</arg>
<doc>Pauses the test executed for the given time.</doc>
<msg timestamp="20250731 03:20:18.586" level="INFO">Slept 1 second</msg>
<status status="PASS" starttime="20250731 03:20:17.585" endtime="20250731 03:20:18.586"/>
</kw>
<kw name="Ingresar Texto" library="common_keywords">
<arg>${DOCUMENTO_PARTICIPANTE_INPUT}</arg>
<arg>${DOCUMENTO}</arg>
<doc>Ingresa texto en un campo después de esperar que sea visible</doc>
<kw name="Esperar Elemento Visible" library="common_keywords">
<arg>${locator}</arg>
<arg>${timeout}</arg>
<doc>Espera a que un elemento sea visible</doc>
<kw name="Wait Until Element Is Visible" library="SeleniumLibrary">
<arg>${locator}</arg>
<arg>${timeout}</arg>
<doc>Waits until the element ``locator`` is visible.</doc>
<status status="PASS" starttime="20250731 03:20:18.590" endtime="20250731 03:20:19.244"/>
</kw>
<status status="PASS" starttime="20250731 03:20:18.589" endtime="20250731 03:20:19.244"/>
</kw>
<kw name="Input Text" library="SeleniumLibrary">
<arg>${locator}</arg>
<arg>${texto}</arg>
<doc>Types the given ``text`` into the text field identified by ``locator``.</doc>
<msg timestamp="20250731 03:20:19.245" level="INFO">Typing text '1000100100' into text field 'xpath://input[@id='documento']'.</msg>
<status status="PASS" starttime="20250731 03:20:19.244" endtime="20250731 03:20:20.433"/>
</kw>
<status status="PASS" starttime="20250731 03:20:18.586" endtime="20250731 03:20:20.433"/>
</kw>
<kw name="Hacer Click En Elemento" library="common_keywords">
<arg>${BUSCAR_PARTICIPANTE_BUTTON}</arg>
<doc>Hace click en un elemento después de esperar que sea clickeable</doc>
<kw name="Esperar Elemento Clickable" library="common_keywords">
<arg>${locator}</arg>
<arg>${timeout}</arg>
<doc>Espera a que un elemento sea clickeable</doc>
<kw name="Wait Until Element Is Enabled" library="SeleniumLibrary">
<arg>${locator}</arg>
<arg>${timeout}</arg>
<doc>Waits until the element ``locator`` is enabled.</doc>
<status status="PASS" starttime="20250731 03:20:20.434" endtime="20250731 03:20:21.403"/>
</kw>
<status status="PASS" starttime="20250731 03:20:20.434" endtime="20250731 03:20:21.403"/>
</kw>
<kw name="Click Element" library="SeleniumLibrary">
<arg>${locator}</arg>
<doc>Click the element identified by ``locator``.</doc>
<msg timestamp="20250731 03:20:21.405" level="INFO">Clicking element 'xpath://button[.//span[@role='img' and @aria-label='search'] and .//span[text()='Buscar']]'.</msg>
<status status="PASS" starttime="20250731 03:20:21.404" endtime="20250731 03:20:22.188"/>
</kw>
<status status="PASS" starttime="20250731 03:20:20.433" endtime="20250731 03:20:22.188"/>
</kw>
<kw name="Sleep" library="BuiltIn">
<arg>1s</arg>
<doc>Pauses the test executed for the given time.</doc>
<msg timestamp="20250731 03:20:23.193" level="INFO">Slept 1 second</msg>
<status status="PASS" starttime="20250731 03:20:22.189" endtime="20250731 03:20:23.193"/>
</kw>
<kw name="Hacer Click En Elemento" library="common_keywords">
<arg>${TIPO_CONOCIMIENTO_INPUT}</arg>
<doc>Hace click en un elemento después de esperar que sea clickeable</doc>
<kw name="Esperar Elemento Clickable" library="common_keywords">
<arg>${locator}</arg>
<arg>${timeout}</arg>
<doc>Espera a que un elemento sea clickeable</doc>
<kw name="Wait Until Element Is Enabled" library="SeleniumLibrary">
<arg>${locator}</arg>
<arg>${timeout}</arg>
<doc>Waits until the element ``locator`` is enabled.</doc>
<status status="PASS" starttime="20250731 03:20:23.195" endtime="20250731 03:20:24.183"/>
</kw>
<status status="PASS" starttime="20250731 03:20:23.194" endtime="20250731 03:20:24.184"/>
</kw>
<kw name="Click Element" library="SeleniumLibrary">
<arg>${locator}</arg>
<doc>Click the element identified by ``locator``.</doc>
<msg timestamp="20250731 03:20:24.185" level="INFO">Clicking element 'xpath://input[@id='idTipoConocimiento']'.</msg>
<status status="PASS" starttime="20250731 03:20:24.184" endtime="20250731 03:20:24.940"/>
</kw>
<status status="PASS" starttime="20250731 03:20:23.194" endtime="20250731 03:20:24.940"/>
</kw>
<kw name="Sleep" library="BuiltIn">
<arg>1s</arg>
<doc>Pauses the test executed for the given time.</doc>
<msg timestamp="20250731 03:20:25.941" level="INFO">Slept 1 second</msg>
<status status="PASS" starttime="20250731 03:20:24.940" endtime="20250731 03:20:25.941"/>
</kw>
<kw name="Hacer Click En Elemento" library="common_keywords">
<arg>xpath://div[contains(@class,'ant-select-item-option-content') and text()='${TIPO_CONOCIMIENTO}']</arg>
<doc>Hace click en un elemento después de esperar que sea clickeable</doc>
<kw name="Esperar Elemento Clickable" library="common_keywords">
<arg>${locator}</arg>
<arg>${timeout}</arg>
<doc>Espera a que un elemento sea clickeable</doc>
<kw name="Wait Until Element Is Enabled" library="SeleniumLibrary">
<arg>${locator}</arg>
<arg>${timeout}</arg>
<doc>Waits until the element ``locator`` is enabled.</doc>
<status status="PASS" starttime="20250731 03:20:25.945" endtime="20250731 03:20:26.918"/>
</kw>
<status status="PASS" starttime="20250731 03:20:25.943" endtime="20250731 03:20:26.919"/>
</kw>
<kw name="Click Element" library="SeleniumLibrary">
<arg>${locator}</arg>
<doc>Click the element identified by ``locator``.</doc>
<msg timestamp="20250731 03:20:26.919" level="INFO">Clicking element 'xpath://div[contains(@class,'ant-select-item-option-content') and text()='Atención en la oficina']'.</msg>
<status status="PASS" starttime="20250731 03:20:26.919" endtime="20250731 03:20:27.699"/>
</kw>
<status status="PASS" starttime="20250731 03:20:25.942" endtime="20250731 03:20:27.699"/>
</kw>
<kw name="Hacer Click En Elemento" library="common_keywords">
<arg>${GUARDAR_PARTICIPANTE_BUTTON}</arg>
<doc>Hace click en un elemento después de esperar que sea clickeable</doc>
<kw name="Esperar Elemento Clickable" library="common_keywords">
<arg>${locator}</arg>
<arg>${timeout}</arg>
<doc>Espera a que un elemento sea clickeable</doc>
<kw name="Wait Until Element Is Enabled" library="SeleniumLibrary">
<arg>${locator}</arg>
<arg>${timeout}</arg>
<doc>Waits until the element ``locator`` is enabled.</doc>
<status status="PASS" starttime="20250731 03:20:27.701" endtime="20250731 03:20:28.687"/>
</kw>
<status status="PASS" starttime="20250731 03:20:27.700" endtime="20250731 03:20:28.687"/>
</kw>
<kw name="Click Element" library="SeleniumLibrary">
<arg>${locator}</arg>
<doc>Click the element identified by ``locator``.</doc>
<msg timestamp="20250731 03:20:28.688" level="INFO">Clicking element 'xpath://button[@type='button' and .//span[@role='img' and @aria-label='save'] and .//span[text()='Guardar']]'.</msg>
<status status="PASS" starttime="20250731 03:20:28.687" endtime="20250731 03:20:29.471"/>
</kw>
<status status="PASS" starttime="20250731 03:20:27.700" endtime="20250731 03:20:29.472"/>
</kw>
<kw name="Sleep" library="BuiltIn">
<arg>2s</arg>
<doc>Pauses the test executed for the given time.</doc>
<msg timestamp="20250731 03:20:31.473" level="INFO">Slept 2 seconds</msg>
<status status="PASS" starttime="20250731 03:20:29.472" endtime="20250731 03:20:31.473"/>
</kw>
<status status="PASS" starttime="20250731 03:20:06.613" endtime="20250731 03:20:31.473"/>
</kw>
<kw name="Verificar Participante Agregado" library="sisdep_ofertas_institucionales_page">
<doc>Verifica que el participante fue agregado a la oferta</doc>
<kw name="Verificar Texto En Página" library="common_keywords">
<arg>${MENSAJE_EXITO_PARTICIPANTE_AGREGADO}</arg>
<doc>Verifica que un texto esté presente en la página</doc>
<kw name="Wait Until Page Contains" library="SeleniumLibrary">
<arg>${texto}</arg>
<arg>${timeout}</arg>
<doc>Waits until ``text`` appears on the current page.</doc>
<status status="PASS" starttime="20250731 03:20:31.476" endtime="20250731 03:20:31.815"/>
</kw>
<status status="PASS" starttime="20250731 03:20:31.474" endtime="20250731 03:20:31.815"/>
</kw>
<status status="PASS" starttime="20250731 03:20:31.473" endtime="20250731 03:20:31.815"/>
</kw>
<kw name="Cerrar Navegador" library="common_keywords" type="TEARDOWN">
<doc>Cierra el navegador actual</doc>
<kw name="Close Browser" library="SeleniumLibrary">
<doc>Closes the current browser.</doc>
<status status="PASS" starttime="20250731 03:20:31.816" endtime="20250731 03:20:32.187"/>
</kw>
<status status="PASS" starttime="20250731 03:20:31.816" endtime="20250731 03:20:32.187"/>
</kw>
<status status="PASS" starttime="20250731 03:19:02.464" endtime="20250731 03:20:32.187"/>
</test>
<test id="s1-s4-s2-t3" name="Eliminar Oferta Institucional Con Participantes" line="30">