<?xml version="1.0" encoding="UTF-8"?>
<robot generator="Robot 7.3.2 (Python 3.13.5 on win32)" generated="2025-07-21T23:09:02.408187" rpa="false" schemaversion="5">
<suite id="s1" name="Administracion &amp; Regulaciones &amp; Social &amp; Autenticacion Suite">
<suite id="s1-s1" name="Administracion" source="C:\Users\nikog\OneDrive\Alcaldia\PruebasFuncionales\sisdep\test_suites\features\administracion">
<suite id="s1-s1-s1" name="Gestion Dominios" source="C:\Users\nikog\OneDrive\Alcaldia\PruebasFuncionales\sisdep\test_suites\features\administracion\gestion_dominios.robot">
<kw name="Setup Test Environment" owner="config" type="SETUP">
<kw name="Set Selenium Speed" owner="SeleniumLibrary">
<arg>${SELENIUM_SPEED}</arg>
<doc>Sets the delay that is waited after each Selenium command.</doc>
<status status="PASS" start="2025-07-21T23:09:02.983776" elapsed="0.000723"/>
</kw>
<kw name="Set Selenium Implicit Wait" owner="SeleniumLibrary">
<arg>${IMPLICIT_WAIT}</arg>
<doc>Sets the implicit wait value used by Selenium.</doc>
<status status="PASS" start="2025-07-21T23:09:02.984952" elapsed="0.000604"/>
</kw>
<kw name="Set Screenshot Directory" owner="SeleniumLibrary">
<arg>${SCREENSHOT_DIR}</arg>
<doc>Sets the directory for captured screenshots.</doc>
<status status="PASS" start="2025-07-21T23:09:02.985892" elapsed="0.000914"/>
</kw>
<kw name="Set Selenium Timeout" owner="SeleniumLibrary">
<arg>${EXPLICIT_WAIT}</arg>
<doc>Sets the timeout that is used by various keywords.</doc>
<status status="PASS" start="2025-07-21T23:09:02.987126" elapsed="0.000515"/>
</kw>
<kw name="Set Selenium Page Load Timeout" owner="SeleniumLibrary">
<arg>${PAGE_LOAD_TIMEOUT}</arg>
<doc>Sets the page load timeout value used by Selenium.</doc>
<status status="PASS" start="2025-07-21T23:09:02.987948" elapsed="0.000456"/>
</kw>
<doc>Configuración inicial del entorno de pruebas</doc>
<status status="PASS" start="2025-07-21T23:09:02.981567" elapsed="0.007039"/>
</kw>
<test id="s1-s1-s1-t1" name="Agregar Nuevo Valor A Dominio" line="12">
<kw name="Abrir Navegador" owner="common_keywords" type="SETUP">
<kw name="Evaluate" owner="BuiltIn">
<msg time="2025-07-21T23:09:02.991079" level="INFO">${chrome_options} = &lt;selenium.webdriver.chrome.options.Options object at 0x000001A4838006E0&gt;</msg>
<var>${chrome_options}</var>
<arg>sys.modules['selenium.webdriver'].ChromeOptions()</arg>
<arg>sys, selenium.webdriver</arg>
<doc>Evaluates the given expression in Python and returns the result.</doc>
<status status="PASS" start="2025-07-21T23:09:02.990741" elapsed="0.000399"/>
</kw>
<kw name="Call Method" owner="BuiltIn">
<arg>${chrome_options}</arg>
<arg>add_argument</arg>
<arg>--ignore-ssl-errors</arg>
<doc>Calls the named method of the given object with the provided arguments.</doc>
<status status="PASS" start="2025-07-21T23:09:02.991309" elapsed="0.000174"/>
</kw>
<kw name="Call Method" owner="BuiltIn">
<arg>${chrome_options}</arg>
<arg>add_argument</arg>
<arg>--ignore-certificate-errors</arg>
<doc>Calls the named method of the given object with the provided arguments.</doc>
<status status="PASS" start="2025-07-21T23:09:02.991626" elapsed="0.000170"/>
</kw>
<kw name="Call Method" owner="BuiltIn">
<arg>${chrome_options}</arg>
<arg>add_argument</arg>
<arg>--allow-running-insecure-content</arg>
<doc>Calls the named method of the given object with the provided arguments.</doc>
<status status="PASS" start="2025-07-21T23:09:02.991947" elapsed="0.000176"/>
</kw>
<kw name="Call Method" owner="BuiltIn">
<arg>${chrome_options}</arg>
<arg>add_argument</arg>
<arg>--no-sandbox</arg>
<doc>Calls the named method of the given object with the provided arguments.</doc>
<status status="PASS" start="2025-07-21T23:09:02.992252" elapsed="0.000157"/>
</kw>
<kw name="Call Method" owner="BuiltIn">
<arg>${chrome_options}</arg>
<arg>add_argument</arg>
<arg>--disable-dev-shm-usage</arg>
<doc>Calls the named method of the given object with the provided arguments.</doc>
<status status="PASS" start="2025-07-21T23:09:02.992546" elapsed="0.000141"/>
</kw>
<kw name="Call Method" owner="BuiltIn">
<arg>${chrome_options}</arg>
<arg>add_argument</arg>
<arg>--disable-gpu</arg>
<doc>Calls the named method of the given object with the provided arguments.</doc>
<status status="PASS" start="2025-07-21T23:09:02.992823" elapsed="0.000157"/>
</kw>
<kw name="Call Method" owner="BuiltIn">
<arg>${chrome_options}</arg>
<arg>add_argument</arg>
<arg>--disable-extensions</arg>
<doc>Calls the named method of the given object with the provided arguments.</doc>
<status status="PASS" start="2025-07-21T23:09:02.993120" elapsed="0.000159"/>
</kw>
<kw name="Call Method" owner="BuiltIn">
<arg>${chrome_options}</arg>
<arg>add_argument</arg>
<arg>--disable-plugins</arg>
<doc>Calls the named method of the given object with the provided arguments.</doc>
<status status="PASS" start="2025-07-21T23:09:02.993412" elapsed="0.000136"/>
</kw>
<kw name="Open Browser" owner="SeleniumLibrary">
<msg time="2025-07-21T23:09:02.993988" level="INFO">Opening browser 'Chrome' to base url 'https://www.medellin.gov.co/sisdep'.</msg>
<arg>${url}</arg>
<arg>${BROWSER}</arg>
<arg>options=${chrome_options}</arg>
<doc>Opens a new browser instance to the optional ``url``.</doc>
<status status="PASS" start="2025-07-21T23:09:02.993691" elapsed="5.438111"/>
</kw>
<kw name="Maximize Browser Window" owner="SeleniumLibrary">
<doc>Maximizes current browser window.</doc>
<status status="PASS" start="2025-07-21T23:09:08.432484" elapsed="0.373284"/>
</kw>
<kw name="Setup Test Environment" owner="config">
<kw name="Set Selenium Speed" owner="SeleniumLibrary">
<arg>${SELENIUM_SPEED}</arg>
<doc>Sets the delay that is waited after each Selenium command.</doc>
<status status="PASS" start="2025-07-21T23:09:08.807520" elapsed="0.000755"/>
</kw>
<kw name="Set Selenium Implicit Wait" owner="SeleniumLibrary">
<arg>${IMPLICIT_WAIT}</arg>
<doc>Sets the implicit wait value used by Selenium.</doc>
<status status="PASS" start="2025-07-21T23:09:08.808746" elapsed="0.303192"/>
</kw>
<kw name="Set Screenshot Directory" owner="SeleniumLibrary">
<arg>${SCREENSHOT_DIR}</arg>
<doc>Sets the directory for captured screenshots.</doc>
<status status="PASS" start="2025-07-21T23:09:09.112496" elapsed="0.000557"/>
</kw>
<kw name="Set Selenium Timeout" owner="SeleniumLibrary">
<arg>${EXPLICIT_WAIT}</arg>
<doc>Sets the timeout that is used by various keywords.</doc>
<status status="PASS" start="2025-07-21T23:09:09.113216" elapsed="0.303207"/>
</kw>
<kw name="Set Selenium Page Load Timeout" owner="SeleniumLibrary">
<arg>${PAGE_LOAD_TIMEOUT}</arg>
<doc>Sets the page load timeout value used by Selenium.</doc>
<status status="PASS" start="2025-07-21T23:09:09.416877" elapsed="0.303713"/>
</kw>
<doc>Configuración inicial del entorno de pruebas</doc>
<status status="PASS" start="2025-07-21T23:09:08.806532" elapsed="0.914356"/>
</kw>
<arg>${SISDEP_URL}</arg>
<doc>Abre el navegador y maximiza la ventana</doc>
<status status="PASS" start="2025-07-21T23:09:02.990206" elapsed="6.730807"/>
</kw>
<kw name="Navegar A SISDEP" owner="sisdep_login_page">
<kw name="Go To" owner="SeleniumLibrary">
<msg time="2025-07-21T23:09:09.722457" level="INFO">Opening url 'https://www.medellin.gov.co/sisdep'</msg>
<arg>${SISDEP_URL}</arg>
<doc>Navigates the current browser window to the provided ``url``.</doc>
<status status="PASS" start="2025-07-21T23:09:09.722188" elapsed="0.883663"/>
</kw>
<kw name="Verificar Elemento Presente" owner="common_keywords">
<kw name="Wait Until Element Is Visible" owner="SeleniumLibrary">
<arg>${locator}</arg>
<arg>${timeout}</arg>
<doc>Waits until the element ``locator`` is visible.</doc>
<status status="PASS" start="2025-07-21T23:09:10.608372" elapsed="0.637089"/>
</kw>
<arg>${SISDEP_LOGIN_PAGE_TITLE}</arg>
<doc>Verifica que un elemento esté presente en la página</doc>
<status status="PASS" start="2025-07-21T23:09:10.606948" elapsed="0.639122"/>
</kw>
<doc>Navega a la página principal de SISDEP</doc>
<status status="PASS" start="2025-07-21T23:09:09.721710" elapsed="1.524684"/>
</kw>
<kw name="Realizar Login SISDEP" owner="sisdep_login_page">
<kw name="Ingresar Usuario SISDEP" owner="sisdep_login_page">
<kw name="Ingresar Texto" owner="common_keywords">
<kw name="Esperar Elemento Visible" owner="common_keywords">
<kw name="Wait Until Element Is Visible" owner="SeleniumLibrary">
<arg>${locator}</arg>
<arg>${timeout}</arg>
<doc>Waits until the element ``locator`` is visible.</doc>
<status status="PASS" start="2025-07-21T23:09:11.254301" elapsed="0.630507"/>
</kw>
<arg>${locator}</arg>
<arg>${timeout}</arg>
<doc>Espera a que un elemento sea visible</doc>
<status status="PASS" start="2025-07-21T23:09:11.253125" elapsed="0.631882"/>
</kw>
<kw name="Input Text" owner="SeleniumLibrary">
<msg time="2025-07-21T23:09:11.885634" level="INFO">Typing text 'admin' into text field 'id:usuario'.</msg>
<arg>${locator}</arg>
<arg>${texto}</arg>
<doc>Types the given ``text`` into the text field identified by ``locator``.</doc>
<status status="PASS" start="2025-07-21T23:09:11.885237" elapsed="1.072023"/>
</kw>
<arg>${SISDEP_USERNAME_FIELD}</arg>
<arg>${usuario}</arg>
<doc>Ingresa texto en un campo después de esperar que sea visible</doc>
<status status="PASS" start="2025-07-21T23:09:11.251582" elapsed="1.706133"/>
</kw>
<arg>${usuario}</arg>
<doc>Ingresa el nombre de usuario en SISDEP</doc>
<status status="PASS" start="2025-07-21T23:09:11.250154" elapsed="1.707896"/>
</kw>
<kw name="Ingresar Contraseña SISDEP" owner="sisdep_login_page">
<kw name="Ingresar Texto" owner="common_keywords">
<kw name="Esperar Elemento Visible" owner="common_keywords">
<kw name="Wait Until Element Is Visible" owner="SeleniumLibrary">
<arg>${locator}</arg>
<arg>${timeout}</arg>
<doc>Waits until the element ``locator`` is visible.</doc>
<status status="PASS" start="2025-07-21T23:09:12.964159" elapsed="0.645510"/>
</kw>
<arg>${locator}</arg>
<arg>${timeout}</arg>
<doc>Espera a que un elemento sea visible</doc>
<status status="PASS" start="2025-07-21T23:09:12.963160" elapsed="0.646787"/>
</kw>
<kw name="Input Text" owner="SeleniumLibrary">
<msg time="2025-07-21T23:09:13.610622" level="INFO">Typing text 'EspacioPublico2024?sisdep' into text field 'id:password'.</msg>
<arg>${locator}</arg>
<arg>${texto}</arg>
<doc>Types the given ``text`` into the text field identified by ``locator``.</doc>
<status status="PASS" start="2025-07-21T23:09:13.610250" elapsed="1.161115"/>
</kw>
<arg>${SISDEP_PASSWORD_FIELD}</arg>
<arg>${contraseña}</arg>
<doc>Ingresa texto en un campo después de esperar que sea visible</doc>
<status status="PASS" start="2025-07-21T23:09:12.961508" elapsed="1.810076"/>
</kw>
<arg>${contraseña}</arg>
<doc>Ingresa la contraseña en SISDEP</doc>
<status status="PASS" start="2025-07-21T23:09:12.959135" elapsed="1.812576"/>
</kw>
<kw name="Hacer Click En Login SISDEP" owner="sisdep_login_page">
<kw name="Hacer Click En Elemento" owner="common_keywords">
<kw name="Esperar Elemento Clickable" owner="common_keywords">
<kw name="Wait Until Element Is Enabled" owner="SeleniumLibrary">
<arg>${locator}</arg>
<arg>${timeout}</arg>
<doc>Waits until the element ``locator`` is enabled.</doc>
<status status="PASS" start="2025-07-21T23:09:14.773568" elapsed="0.963387"/>
</kw>
<arg>${locator}</arg>
<arg>${timeout}</arg>
<doc>Espera a que un elemento sea clickeable</doc>
<status status="PASS" start="2025-07-21T23:09:14.773039" elapsed="0.964129"/>
</kw>
<kw name="Click Element" owner="SeleniumLibrary">
<msg time="2025-07-21T23:09:15.737884" level="INFO">Clicking element 'xpath://button[.//span[text()='Iniciar sesión']]'.</msg>
<arg>${locator}</arg>
<doc>Click the element identified by ``locator``.</doc>
<status status="PASS" start="2025-07-21T23:09:15.737441" elapsed="0.818947"/>
</kw>
<arg>${SISDEP_LOGIN_BUTTON}</arg>
<doc>Hace click en un elemento después de esperar que sea clickeable</doc>
<status status="PASS" start="2025-07-21T23:09:14.772424" elapsed="1.784771"/>
</kw>
<doc>Hace click en el botón de login de SISDEP</doc>
<status status="PASS" start="2025-07-21T23:09:14.771989" elapsed="1.785763"/>
</kw>
<arg>${VALID_USERNAME}</arg>
<arg>${VALID_PASSWORD}</arg>
<doc>Realiza el proceso completo de login en SISDEP</doc>
<status status="PASS" start="2025-07-21T23:09:11.248151" elapsed="5.309942"/>
</kw>
<kw name="El Administrador Esta En Seccion Dominios" owner="sisdep_dominios_page">
<kw name="Hacer Click En Elemento" owner="common_keywords">
<kw name="Esperar Elemento Clickable" owner="common_keywords">
<kw name="Wait Until Element Is Enabled" owner="SeleniumLibrary">
<arg>${locator}</arg>
<arg>${timeout}</arg>
<doc>Waits until the element ``locator`` is enabled.</doc>
<status status="PASS" start="2025-07-21T23:09:16.567482" elapsed="8.921611"/>
</kw>
<arg>${locator}</arg>
<arg>${timeout}</arg>
<doc>Espera a que un elemento sea clickeable</doc>
<status status="PASS" start="2025-07-21T23:09:16.563114" elapsed="8.926408"/>
</kw>
<kw name="Click Element" owner="SeleniumLibrary">
<msg time="2025-07-21T23:09:25.492083" level="INFO">Clicking element 'xpath://div[@role='menuitem' and .//span[text()='Administracion']]'.</msg>
<arg>${locator}</arg>
<doc>Click the element identified by ``locator``.</doc>
<status status="PASS" start="2025-07-21T23:09:25.490203" elapsed="0.701334"/>
</kw>
<arg>${ADMINISTRACION_MENU}</arg>
<doc>Hace click en un elemento después de esperar que sea clickeable</doc>
<status status="PASS" start="2025-07-21T23:09:16.560138" elapsed="9.631632"/>
</kw>
<kw name="Sleep" owner="BuiltIn">
<msg time="2025-07-21T23:09:27.196832" level="INFO">Slept 1 second.</msg>
<arg>1s</arg>
<doc>Pauses the test executed for the given time.</doc>
<status status="PASS" start="2025-07-21T23:09:26.192109" elapsed="1.005037"/>
</kw>
<kw name="Hacer Click En Elemento" owner="common_keywords">
<kw name="Esperar Elemento Clickable" owner="common_keywords">
<kw name="Wait Until Element Is Enabled" owner="SeleniumLibrary">
<arg>${locator}</arg>
<arg>${timeout}</arg>
<doc>Waits until the element ``locator`` is enabled.</doc>
<status status="PASS" start="2025-07-21T23:09:27.204083" elapsed="1.409977"/>
</kw>
<arg>${locator}</arg>
<arg>${timeout}</arg>
<doc>Espera a que un elemento sea clickeable</doc>
<status status="PASS" start="2025-07-21T23:09:27.200071" elapsed="1.414118"/>
</kw>
<kw name="Click Element" owner="SeleniumLibrary">
<msg time="2025-07-21T23:09:28.614573" level="INFO">Clicking element 'xpath://a[@href='/sisdep/administracion/dominios']'.</msg>
<arg>${locator}</arg>
<doc>Click the element identified by ``locator``.</doc>
<status status="PASS" start="2025-07-21T23:09:28.614339" elapsed="0.809360"/>
</kw>
<arg>${DOMINIOS_SUBMENU}</arg>
<doc>Hace click en un elemento después de esperar que sea clickeable</doc>
<status status="PASS" start="2025-07-21T23:09:27.198307" elapsed="2.225794"/>
</kw>
<kw name="Sleep" owner="BuiltIn">
<msg time="2025-07-21T23:09:31.425594" level="INFO">Slept 2 seconds.</msg>
<arg>2s</arg>
<doc>Pauses the test executed for the given time.</doc>
<status status="PASS" start="2025-07-21T23:09:29.424626" elapsed="2.001120"/>
</kw>
<kw name="Verificar Elemento Presente" owner="common_keywords">
<kw name="Wait Until Element Is Visible" owner="SeleniumLibrary">
<arg>${locator}</arg>
<arg>${timeout}</arg>
<doc>Waits until the element ``locator`` is visible.</doc>
<status status="PASS" start="2025-07-21T23:09:31.426758" elapsed="0.632729"/>
</kw>
<arg>${NOMBRE_DOMINIO_INPUT}</arg>
<doc>Verifica que un elemento esté presente en la página</doc>
<status status="PASS" start="2025-07-21T23:09:31.426048" elapsed="0.633772"/>
</kw>
<doc>Navega a la sección de Administración - Dominios</doc>
<status status="PASS" start="2025-07-21T23:09:16.559150" elapsed="15.500897"/>
</kw>
<kw name="Selecciona Dominio Especifico" owner="sisdep_dominios_page">
<kw name="Ingresar Texto" owner="common_keywords">
<kw name="Esperar Elemento Visible" owner="common_keywords">
<kw name="Wait Until Element Is Visible" owner="SeleniumLibrary">
<arg>${locator}</arg>
<arg>${timeout}</arg>
<doc>Waits until the element ``locator`` is visible.</doc>
<status status="PASS" start="2025-07-21T23:09:32.066600" elapsed="0.643874"/>
</kw>
<arg>${locator}</arg>
<arg>${timeout}</arg>
<doc>Espera a que un elemento sea visible</doc>
<status status="PASS" start="2025-07-21T23:09:32.065370" elapsed="0.645696"/>
</kw>
<kw name="Input Text" owner="SeleniumLibrary">
<msg time="2025-07-21T23:09:32.712673" level="INFO">Typing text 'Social' into text field 'xpath://input[@role='textbox' and @aria-label='Nombre']'.</msg>
<arg>${locator}</arg>
<arg>${texto}</arg>
<doc>Types the given ``text`` into the text field identified by ``locator``.</doc>
<status status="PASS" start="2025-07-21T23:09:32.711507" elapsed="1.230139"/>
</kw>
<arg>${NOMBRE_DOMINIO_INPUT}</arg>
<arg>${nombre_dominio}</arg>
<doc>Ingresa texto en un campo después de esperar que sea visible</doc>
<status status="PASS" start="2025-07-21T23:09:32.063931" elapsed="1.878264"/>
</kw>
<kw name="Sleep" owner="BuiltIn">
<msg time="2025-07-21T23:09:34.943939" level="INFO">Slept 1 second.</msg>
<arg>1s</arg>
<doc>Pauses the test executed for the given time.</doc>
<status status="PASS" start="2025-07-21T23:09:33.942972" elapsed="1.001328"/>
</kw>
<kw name="Hacer Click En Elemento" owner="common_keywords">
<kw name="Esperar Elemento Clickable" owner="common_keywords">
<kw name="Wait Until Element Is Enabled" owner="SeleniumLibrary">
<arg>${locator}</arg>
<arg>${timeout}</arg>
<doc>Waits until the element ``locator`` is enabled.</doc>
<status status="PASS" start="2025-07-21T23:09:34.948356" elapsed="0.969234"/>
</kw>
<arg>${locator}</arg>
<arg>${timeout}</arg>
<doc>Espera a que un elemento sea clickeable</doc>
<status status="PASS" start="2025-07-21T23:09:34.946653" elapsed="0.971296"/>
</kw>
<kw name="Click Element" owner="SeleniumLibrary">
<msg time="2025-07-21T23:09:35.919290" level="INFO">Clicking element 'xpath://button[@aria-label='Ver dominios']'.</msg>
<arg>${locator}</arg>
<doc>Click the element identified by ``locator``.</doc>
<status status="PASS" start="2025-07-21T23:09:35.918495" elapsed="0.756663"/>
</kw>
<arg>${VER_DOMINIOS_BUTTON}</arg>
<doc>Hace click en un elemento después de esperar que sea clickeable</doc>
<status status="PASS" start="2025-07-21T23:09:34.945080" elapsed="1.730332"/>
</kw>
<kw name="Sleep" owner="BuiltIn">
<msg time="2025-07-21T23:09:38.677332" level="INFO">Slept 2 seconds.</msg>
<arg>2s</arg>
<doc>Pauses the test executed for the given time.</doc>
<status status="PASS" start="2025-07-21T23:09:36.675698" elapsed="2.001975"/>
</kw>
<kw name="Hacer Click En Elemento" owner="common_keywords">
<kw name="Esperar Elemento Clickable" owner="common_keywords">
<kw name="Wait Until Element Is Enabled" owner="SeleniumLibrary">
<arg>${locator}</arg>
<arg>${timeout}</arg>
<doc>Waits until the element ``locator`` is enabled.</doc>
<status status="PASS" start="2025-07-21T23:09:38.681649" elapsed="0.966717"/>
</kw>
<arg>${locator}</arg>
<arg>${timeout}</arg>
<doc>Espera a que un elemento sea clickeable</doc>
<status status="PASS" start="2025-07-21T23:09:38.680546" elapsed="0.968143"/>
</kw>
<kw name="Click Element" owner="SeleniumLibrary">
<msg time="2025-07-21T23:09:39.650412" level="INFO">Clicking element 'xpath://a[@rel='nofollow'][text()='5']'.</msg>
<arg>${locator}</arg>
<doc>Click the element identified by ``locator``.</doc>
<status status="PASS" start="2025-07-21T23:09:39.649297" elapsed="0.940687"/>
</kw>
<arg>${PAGINA_5_BUTTON}</arg>
<doc>Hace click en un elemento después de esperar que sea clickeable</doc>
<status status="PASS" start="2025-07-21T23:09:38.679179" elapsed="1.911269"/>
</kw>
<kw name="Sleep" owner="BuiltIn">
<msg time="2025-07-21T23:09:42.592736" level="INFO">Slept 2 seconds.</msg>
<arg>2s</arg>
<doc>Pauses the test executed for the given time.</doc>
<status status="PASS" start="2025-07-21T23:09:40.591032" elapsed="2.002079"/>
</kw>
<kw name="Set Variable" owner="BuiltIn">
<msg time="2025-07-21T23:09:42.594978" level="INFO">${DOMINIO_ITEM_LOCATOR} = xpath://li[@class='ant-list-item'][contains(text(),'Etapa ciclo vital')]</msg>
<var>${DOMINIO_ITEM_LOCATOR}</var>
<arg>xpath://li[@class='ant-list-item'][contains(text(),'Etapa ciclo vital')]</arg>
<doc>Returns the given values which can then be assigned to a variables.</doc>
<status status="PASS" start="2025-07-21T23:09:42.593804" elapsed="0.001397"/>
</kw>
<kw name="Hacer Click En Elemento" owner="common_keywords">
<kw name="Esperar Elemento Clickable" owner="common_keywords">
<kw name="Wait Until Element Is Enabled" owner="SeleniumLibrary">
<arg>${locator}</arg>
<arg>${timeout}</arg>
<doc>Waits until the element ``locator`` is enabled.</doc>
<status status="PASS" start="2025-07-21T23:09:42.600380" elapsed="1.019790"/>
</kw>
<arg>${locator}</arg>
<arg>${timeout}</arg>
<doc>Espera a que un elemento sea clickeable</doc>
<status status="PASS" start="2025-07-21T23:09:42.598602" elapsed="1.021816"/>
</kw>
<kw name="Click Element" owner="SeleniumLibrary">
<msg time="2025-07-21T23:09:43.621324" level="INFO">Clicking element 'xpath://li[@class='ant-list-item'][contains(text(),'Etapa ciclo vital')]'.</msg>
<arg>${locator}</arg>
<doc>Click the element identified by ``locator``.</doc>
<status status="PASS" start="2025-07-21T23:09:43.620751" elapsed="0.869614"/>
</kw>
<arg>${DOMINIO_ITEM_LOCATOR}</arg>
<doc>Hace click en un elemento después de esperar que sea clickeable</doc>
<status status="PASS" start="2025-07-21T23:09:42.597409" elapsed="1.893244"/>
</kw>
<kw name="Sleep" owner="BuiltIn">
<msg time="2025-07-21T23:09:46.491986" level="INFO">Slept 2 seconds.</msg>
<arg>2s</arg>
<doc>Pauses the test executed for the given time.</doc>
<status status="PASS" start="2025-07-21T23:09:44.491039" elapsed="2.001276"/>
</kw>
<kw name="Verificar Elemento Presente" owner="common_keywords">
<kw name="Wait Until Element Is Visible" owner="SeleniumLibrary">
<arg>${locator}</arg>
<arg>${timeout}</arg>
<doc>Waits until the element ``locator`` is visible.</doc>
<status status="PASS" start="2025-07-21T23:09:46.494571" elapsed="0.659153"/>
</kw>
<arg>${NUEVO_VALOR_INPUT}</arg>
<doc>Verifica que un elemento esté presente en la página</doc>
<status status="PASS" start="2025-07-21T23:09:46.493114" elapsed="0.660978"/>
</kw>
<arg>${DOMINIO_TIPO_DOCUMENTO}</arg>
<doc>Selecciona un dominio específico de la lista</doc>
<status status="PASS" start="2025-07-21T23:09:32.061295" elapsed="15.093011"/>
</kw>
<kw name="Ingresa Nuevo Valor En Dominio" owner="sisdep_dominios_page">
<kw name="Ingresar Texto" owner="common_keywords">
<kw name="Esperar Elemento Visible" owner="common_keywords">
<kw name="Wait Until Element Is Visible" owner="SeleniumLibrary">
<arg>${locator}</arg>
<arg>${timeout}</arg>
<doc>Waits until the element ``locator`` is visible.</doc>
<status status="PASS" start="2025-07-21T23:09:47.158855" elapsed="0.629104"/>
</kw>
<arg>${locator}</arg>
<arg>${timeout}</arg>
<doc>Espera a que un elemento sea visible</doc>
<status status="PASS" start="2025-07-21T23:09:47.157725" elapsed="0.630348"/>
</kw>
<kw name="Input Text" owner="SeleniumLibrary">
<msg time="2025-07-21T23:09:47.788650" level="INFO">Typing text 'Nueva EPS Test' into text field 'xpath://input[@role='textbox' and @id='descripcion']'.</msg>
<arg>${locator}</arg>
<arg>${texto}</arg>
<doc>Types the given ``text`` into the text field identified by ``locator``.</doc>
<status status="PASS" start="2025-07-21T23:09:47.788211" elapsed="1.231960"/>
</kw>
<arg>${NUEVO_VALOR_INPUT}</arg>
<arg>${nuevo_valor}</arg>
<doc>Ingresa texto en un campo después de esperar que sea visible</doc>
<status status="PASS" start="2025-07-21T23:09:47.156329" elapsed="1.864188"/>
</kw>
<arg>${NUEVO_VALOR_DOMINIO}</arg>
<doc>Ingresa un nuevo valor en el campo correspondiente</doc>
<status status="PASS" start="2025-07-21T23:09:47.155265" elapsed="1.865438"/>
</kw>
<kw name="Hace Click En Agregar Valor" owner="sisdep_dominios_page">
<kw name="Hacer Click En Elemento" owner="common_keywords">
<kw name="Esperar Elemento Clickable" owner="common_keywords">
<kw name="Wait Until Element Is Enabled" owner="SeleniumLibrary">
<arg>${locator}</arg>
<arg>${timeout}</arg>
<doc>Waits until the element ``locator`` is enabled.</doc>
<status status="PASS" start="2025-07-21T23:09:49.023444" elapsed="0.974977"/>
</kw>
<arg>${locator}</arg>
<arg>${timeout}</arg>
<doc>Espera a que un elemento sea clickeable</doc>
<status status="PASS" start="2025-07-21T23:09:49.022391" elapsed="0.976363"/>
</kw>
<kw name="Click Element" owner="SeleniumLibrary">
<msg time="2025-07-21T23:09:50.000062" level="INFO">Clicking element 'xpath://button[@aria-label='Agregar dominio']'.</msg>
<arg>${locator}</arg>
<doc>Click the element identified by ``locator``.</doc>
<status status="PASS" start="2025-07-21T23:09:49.999264" elapsed="0.869658"/>
</kw>
<arg>${AGREGAR_VALOR_BUTTON}</arg>
<doc>Hace click en un elemento después de esperar que sea clickeable</doc>
<status status="PASS" start="2025-07-21T23:09:49.021930" elapsed="1.847304"/>
</kw>
<kw name="Sleep" owner="BuiltIn">
<msg time="2025-07-21T23:09:52.870517" level="INFO">Slept 2 seconds.</msg>
<arg>2s</arg>
<doc>Pauses the test executed for the given time.</doc>
<status status="PASS" start="2025-07-21T23:09:50.869592" elapsed="2.001087"/>
</kw>
<doc>Hace clic en el botón "Agregar"</doc>
<status status="PASS" start="2025-07-21T23:09:49.021446" elapsed="3.849363"/>
</kw>
<kw name="El Sistema Anade El Nuevo Valor Al Dominio" owner="sisdep_dominios_page">
<kw name="Verificar Texto En Página" owner="common_keywords">
<kw name="Wait Until Page Contains" owner="SeleniumLibrary">
<arg>${texto}</arg>
<arg>${timeout}</arg>
<doc>Waits until ``text`` appears on the current page.</doc>
<status status="PASS" start="2025-07-21T23:09:52.872222" elapsed="0.333400"/>
</kw>
<arg>¡Registro creado exitosamente!</arg>
<doc>Verifica que un texto esté presente en la página</doc>
<status status="PASS" start="2025-07-21T23:09:52.871726" elapsed="0.334247"/>
</kw>
<doc>Verifica que el nuevo valor se agregó correctamente</doc>
<status status="PASS" start="2025-07-21T23:09:52.871368" elapsed="0.334824"/>
</kw>
<kw name="Cerrar Navegador" owner="common_keywords" type="TEARDOWN">
<kw name="Close Browser" owner="SeleniumLibrary">
<doc>Closes the current browser.</doc>
<status status="PASS" start="2025-07-21T23:09:53.207559" elapsed="2.680042"/>
</kw>
<doc>Cierra el navegador actual</doc>
<status status="PASS" start="2025-07-21T23:09:53.207038" elapsed="2.680884"/>
</kw>
<doc>Agregar un nuevo valor a un dominio existente</doc>
<tag>agregar</tag>
<tag>dominios</tag>
<tag>positivo</tag>
<status status="PASS" start="2025-07-21T23:09:02.988817" elapsed="52.899974"/>
</test>
<test id="s1-s1-s1-t2" name="Actualizar Valor De Dominio" line="31">
<kw name="Abrir Navegador" owner="common_keywords" type="SETUP">
<kw name="Evaluate" owner="BuiltIn">
<msg time="2025-07-21T23:09:55.977584" level="INFO">${chrome_options} = &lt;selenium.webdriver.chrome.options.Options object at 0x000001A4837B6710&gt;</msg>
<var>${chrome_options}</var>
<arg>sys.modules['selenium.webdriver'].ChromeOptions()</arg>
<arg>sys, selenium.webdriver</arg>
<doc>Evaluates the given expression in Python and returns the result.</doc>
<status status="PASS" start="2025-07-21T23:09:55.976200" elapsed="0.001523"/>
</kw>
<kw name="Call Method" owner="BuiltIn">
<arg>${chrome_options}</arg>
<arg>add_argument</arg>
<arg>--ignore-ssl-errors</arg>
<doc>Calls the named method of the given object with the provided arguments.</doc>
<status status="PASS" start="2025-07-21T23:09:55.978330" elapsed="0.000868"/>
</kw>
<kw name="Call Method" owner="BuiltIn">
<arg>${chrome_options}</arg>
<arg>add_argument</arg>
<arg>--ignore-certificate-errors</arg>
<doc>Calls the named method of the given object with the provided arguments.</doc>
<status status="PASS" start="2025-07-21T23:09:55.980130" elapsed="0.000693"/>
</kw>
<kw name="Call Method" owner="BuiltIn">
<arg>${chrome_options}</arg>
<arg>add_argument</arg>
<arg>--allow-running-insecure-content</arg>
<doc>Calls the named method of the given object with the provided arguments.</doc>
<status status="PASS" start="2025-07-21T23:09:55.981260" elapsed="0.000280"/>
</kw>
<kw name="Call Method" owner="BuiltIn">
<arg>${chrome_options}</arg>
<arg>add_argument</arg>
<arg>--no-sandbox</arg>
<doc>Calls the named method of the given object with the provided arguments.</doc>
<status status="PASS" start="2025-07-21T23:09:55.981728" elapsed="0.000263"/>
</kw>
<kw name="Call Method" owner="BuiltIn">
<arg>${chrome_options}</arg>
<arg>add_argument</arg>
<arg>--disable-dev-shm-usage</arg>
<doc>Calls the named method of the given object with the provided arguments.</doc>
<status status="PASS" start="2025-07-21T23:09:55.982385" elapsed="0.000440"/>
</kw>
<kw name="Call Method" owner="BuiltIn">
<arg>${chrome_options}</arg>
<arg>add_argument</arg>
<arg>--disable-gpu</arg>
<doc>Calls the named method of the given object with the provided arguments.</doc>
<status status="PASS" start="2025-07-21T23:09:55.983195" elapsed="0.000405"/>
</kw>
<kw name="Call Method" owner="BuiltIn">
<arg>${chrome_options}</arg>
<arg>add_argument</arg>
<arg>--disable-extensions</arg>
<doc>Calls the named method of the given object with the provided arguments.</doc>
<status status="PASS" start="2025-07-21T23:09:55.983957" elapsed="0.000553"/>
</kw>
<kw name="Call Method" owner="BuiltIn">
<arg>${chrome_options}</arg>
<arg>add_argument</arg>
<arg>--disable-plugins</arg>
<doc>Calls the named method of the given object with the provided arguments.</doc>
<status status="PASS" start="2025-07-21T23:09:55.985086" elapsed="0.000670"/>
</kw>
<kw name="Open Browser" owner="SeleniumLibrary">
<msg time="2025-07-21T23:09:55.987658" level="INFO">Opening browser 'Chrome' to base url 'https://www.medellin.gov.co/sisdep'.</msg>
<arg>${url}</arg>
<arg>${BROWSER}</arg>
<arg>options=${chrome_options}</arg>
<doc>Opens a new browser instance to the optional ``url``.</doc>
<status status="PASS" start="2025-07-21T23:09:55.986433" elapsed="5.027336"/>
</kw>
<kw name="Maximize Browser Window" owner="SeleniumLibrary">
<doc>Maximizes current browser window.</doc>
<status status="PASS" start="2025-07-21T23:10:01.014592" elapsed="0.385752"/>
</kw>
<kw name="Setup Test Environment" owner="config">
<kw name="Set Selenium Speed" owner="SeleniumLibrary">
<arg>${SELENIUM_SPEED}</arg>
<doc>Sets the delay that is waited after each Selenium command.</doc>
<status status="PASS" start="2025-07-21T23:10:01.402365" elapsed="0.000587"/>
</kw>
<kw name="Set Selenium Implicit Wait" owner="SeleniumLibrary">
<arg>${IMPLICIT_WAIT}</arg>
<doc>Sets the implicit wait value used by Selenium.</doc>
<status status="PASS" start="2025-07-21T23:10:01.403269" elapsed="0.303180"/>
</kw>
<kw name="Set Screenshot Directory" owner="SeleniumLibrary">
<arg>${SCREENSHOT_DIR}</arg>
<doc>Sets the directory for captured screenshots.</doc>
<status status="PASS" start="2025-07-21T23:10:01.706905" elapsed="0.001834"/>
</kw>
<kw name="Set Selenium Timeout" owner="SeleniumLibrary">
<arg>${EXPLICIT_WAIT}</arg>
<doc>Sets the timeout that is used by various keywords.</doc>
<status status="PASS" start="2025-07-21T23:10:01.709601" elapsed="0.307328"/>
</kw>
<kw name="Set Selenium Page Load Timeout" owner="SeleniumLibrary">
<arg>${PAGE_LOAD_TIMEOUT}</arg>
<doc>Sets the page load timeout value used by Selenium.</doc>
<status status="PASS" start="2025-07-21T23:10:02.017445" elapsed="0.311302"/>
</kw>
<doc>Configuración inicial del entorno de pruebas</doc>
<status status="PASS" start="2025-07-21T23:10:01.401093" elapsed="0.928171"/>
</kw>
<arg>${SISDEP_URL}</arg>
<doc>Abre el navegador y maximiza la ventana</doc>
<status status="PASS" start="2025-07-21T23:09:55.975472" elapsed="6.354033"/>
</kw>
<kw name="Navegar A SISDEP" owner="sisdep_login_page">
<kw name="Go To" owner="SeleniumLibrary">
<msg time="2025-07-21T23:10:02.335221" level="INFO">Opening url 'https://www.medellin.gov.co/sisdep'</msg>
<arg>${SISDEP_URL}</arg>
<doc>Navigates the current browser window to the provided ``url``.</doc>
<status status="PASS" start="2025-07-21T23:10:02.334176" elapsed="0.359416"/>
</kw>
<kw name="Verificar Elemento Presente" owner="common_keywords">
<kw name="Wait Until Element Is Visible" owner="SeleniumLibrary">
<arg>${locator}</arg>
<arg>${timeout}</arg>
<doc>Waits until the element ``locator`` is visible.</doc>
<status status="PASS" start="2025-07-21T23:10:02.695399" elapsed="0.895248"/>
</kw>
<arg>${SISDEP_LOGIN_PAGE_TITLE}</arg>
<doc>Verifica que un elemento esté presente en la página</doc>
<status status="PASS" start="2025-07-21T23:10:02.694456" elapsed="0.896740"/>
</kw>
<doc>Navega a la página principal de SISDEP</doc>
<status status="PASS" start="2025-07-21T23:10:02.332769" elapsed="1.258631"/>
</kw>
<kw name="Realizar Login SISDEP" owner="sisdep_login_page">
<kw name="Ingresar Usuario SISDEP" owner="sisdep_login_page">
<kw name="Ingresar Texto" owner="common_keywords">
<kw name="Esperar Elemento Visible" owner="common_keywords">
<kw name="Wait Until Element Is Visible" owner="SeleniumLibrary">
<arg>${locator}</arg>
<arg>${timeout}</arg>
<doc>Waits until the element ``locator`` is visible.</doc>
<status status="PASS" start="2025-07-21T23:10:03.604678" elapsed="0.656961"/>
</kw>
<arg>${locator}</arg>
<arg>${timeout}</arg>
<doc>Espera a que un elemento sea visible</doc>
<status status="PASS" start="2025-07-21T23:10:03.602505" elapsed="0.659852"/>
</kw>
<kw name="Input Text" owner="SeleniumLibrary">
<msg time="2025-07-21T23:10:04.264279" level="INFO">Typing text 'admin' into text field 'id:usuario'.</msg>
<arg>${locator}</arg>
<arg>${texto}</arg>
<doc>Types the given ``text`` into the text field identified by ``locator``.</doc>
<status status="PASS" start="2025-07-21T23:10:04.263633" elapsed="1.278164"/>
</kw>
<arg>${SISDEP_USERNAME_FIELD}</arg>
<arg>${usuario}</arg>
<doc>Ingresa texto en un campo después de esperar que sea visible</doc>
<status status="PASS" start="2025-07-21T23:10:03.600236" elapsed="1.941963"/>
</kw>
<arg>${usuario}</arg>
<doc>Ingresa el nombre de usuario en SISDEP</doc>
<status status="PASS" start="2025-07-21T23:10:03.597503" elapsed="1.944883"/>
</kw>
<kw name="Ingresar Contraseña SISDEP" owner="sisdep_login_page">
<kw name="Ingresar Texto" owner="common_keywords">
<kw name="Esperar Elemento Visible" owner="common_keywords">
<kw name="Wait Until Element Is Visible" owner="SeleniumLibrary">
<arg>${locator}</arg>
<arg>${timeout}</arg>
<doc>Waits until the element ``locator`` is visible.</doc>
<status status="PASS" start="2025-07-21T23:10:05.548683" elapsed="0.652656"/>
</kw>
<arg>${locator}</arg>
<arg>${timeout}</arg>
<doc>Espera a que un elemento sea visible</doc>
<status status="PASS" start="2025-07-21T23:10:05.546826" elapsed="0.654876"/>
</kw>
<kw name="Input Text" owner="SeleniumLibrary">
<msg time="2025-07-21T23:10:06.202891" level="INFO">Typing text 'EspacioPublico2024?sisdep' into text field 'id:password'.</msg>
<arg>${locator}</arg>
<arg>${texto}</arg>
<doc>Types the given ``text`` into the text field identified by ``locator``.</doc>
<status status="PASS" start="2025-07-21T23:10:06.202249" elapsed="1.068743"/>
</kw>
<arg>${SISDEP_PASSWORD_FIELD}</arg>
<arg>${contraseña}</arg>
<doc>Ingresa texto en un campo después de esperar que sea visible</doc>
<status status="PASS" start="2025-07-21T23:10:05.544102" elapsed="1.727112"/>
</kw>
<arg>${contraseña}</arg>
<doc>Ingresa la contraseña en SISDEP</doc>
<status status="PASS" start="2025-07-21T23:10:05.542820" elapsed="1.728525"/>
</kw>
<kw name="Hacer Click En Login SISDEP" owner="sisdep_login_page">
<kw name="Hacer Click En Elemento" owner="common_keywords">
<kw name="Esperar Elemento Clickable" owner="common_keywords">
<kw name="Wait Until Element Is Enabled" owner="SeleniumLibrary">
<arg>${locator}</arg>
<arg>${timeout}</arg>
<doc>Waits until the element ``locator`` is enabled.</doc>
<status status="PASS" start="2025-07-21T23:10:07.272781" elapsed="0.938732"/>
</kw>
<arg>${locator}</arg>
<arg>${timeout}</arg>
<doc>Espera a que un elemento sea clickeable</doc>
<status status="PASS" start="2025-07-21T23:10:07.272403" elapsed="0.939336"/>
</kw>
<kw name="Click Element" owner="SeleniumLibrary">
<msg time="2025-07-21T23:10:08.212401" level="INFO">Clicking element 'xpath://button[.//span[text()='Iniciar sesión']]'.</msg>
<arg>${locator}</arg>
<doc>Click the element identified by ``locator``.</doc>
<status status="PASS" start="2025-07-21T23:10:08.212065" elapsed="0.763875"/>
</kw>
<arg>${SISDEP_LOGIN_BUTTON}</arg>
<doc>Hace click en un elemento después de esperar que sea clickeable</doc>
<status status="PASS" start="2025-07-21T23:10:07.271961" elapsed="1.704211"/>
</kw>
<doc>Hace click en el botón de login de SISDEP</doc>
<status status="PASS" start="2025-07-21T23:10:07.271587" elapsed="1.704758"/>
</kw>
<arg>${VALID_USERNAME}</arg>
<arg>${VALID_PASSWORD}</arg>
<doc>Realiza el proceso completo de login en SISDEP</doc>
<status status="PASS" start="2025-07-21T23:10:03.594039" elapsed="5.382426"/>
</kw>
<kw name="El Administrador Esta En Seccion Dominios" owner="sisdep_dominios_page">
<kw name="Hacer Click En Elemento" owner="common_keywords">
<kw name="Esperar Elemento Clickable" owner="common_keywords">
<kw name="Wait Until Element Is Enabled" owner="SeleniumLibrary">
<arg>${locator}</arg>
<arg>${timeout}</arg>
<doc>Waits until the element ``locator`` is enabled.</doc>
<status status="PASS" start="2025-07-21T23:10:08.981090" elapsed="14.894970"/>
</kw>
<arg>${locator}</arg>
<arg>${timeout}</arg>
<doc>Espera a que un elemento sea clickeable</doc>
<status status="PASS" start="2025-07-21T23:10:08.979521" elapsed="14.897167"/>
</kw>
<kw name="Click Element" owner="SeleniumLibrary">
<msg time="2025-07-21T23:10:23.878170" level="INFO">Clicking element 'xpath://div[@role='menuitem' and .//span[text()='Administracion']]'.</msg>
<arg>${locator}</arg>
<doc>Click the element identified by ``locator``.</doc>
<status status="PASS" start="2025-07-21T23:10:23.877398" elapsed="0.764027"/>
</kw>
<arg>${ADMINISTRACION_MENU}</arg>
<doc>Hace click en un elemento después de esperar que sea clickeable</doc>
<status status="PASS" start="2025-07-21T23:10:08.978277" elapsed="15.663554"/>
</kw>
<kw name="Sleep" owner="BuiltIn">
<msg time="2025-07-21T23:10:25.644257" level="INFO">Slept 1 second.</msg>
<arg>1s</arg>
<doc>Pauses the test executed for the given time.</doc>
<status status="PASS" start="2025-07-21T23:10:24.642688" elapsed="1.001971"/>
</kw>
<kw name="Hacer Click En Elemento" owner="common_keywords">
<kw name="Esperar Elemento Clickable" owner="common_keywords">
<kw name="Wait Until Element Is Enabled" owner="SeleniumLibrary">
<arg>${locator}</arg>
<arg>${timeout}</arg>
<doc>Waits until the element ``locator`` is enabled.</doc>
<status status="PASS" start="2025-07-21T23:10:25.649441" elapsed="1.261719"/>
</kw>
<arg>${locator}</arg>
<arg>${timeout}</arg>
<doc>Espera a que un elemento sea clickeable</doc>
<status status="PASS" start="2025-07-21T23:10:25.647958" elapsed="1.263432"/>
</kw>
<kw name="Click Element" owner="SeleniumLibrary">
<msg time="2025-07-21T23:10:26.912079" level="INFO">Clicking element 'xpath://a[@href='/sisdep/administracion/dominios']'.</msg>
<arg>${locator}</arg>
<doc>Click the element identified by ``locator``.</doc>
<status status="PASS" start="2025-07-21T23:10:26.911680" elapsed="0.798284"/>
</kw>
<arg>${DOMINIOS_SUBMENU}</arg>
<doc>Hace click en un elemento después de esperar que sea clickeable</doc>
<status status="PASS" start="2025-07-21T23:10:25.645559" elapsed="2.064602"/>
</kw>
<kw name="Sleep" owner="BuiltIn">
<msg time="2025-07-21T23:10:29.711125" level="INFO">Slept 2 seconds.</msg>
<arg>2s</arg>
<doc>Pauses the test executed for the given time.</doc>
<status status="PASS" start="2025-07-21T23:10:27.710400" elapsed="2.000847"/>
</kw>
<kw name="Verificar Elemento Presente" owner="common_keywords">
<kw name="Wait Until Element Is Visible" owner="SeleniumLibrary">
<arg>${locator}</arg>
<arg>${timeout}</arg>
<doc>Waits until the element ``locator`` is visible.</doc>
<status status="PASS" start="2025-07-21T23:10:29.711865" elapsed="0.644668"/>
</kw>
<arg>${NOMBRE_DOMINIO_INPUT}</arg>
<doc>Verifica que un elemento esté presente en la página</doc>
<status status="PASS" start="2025-07-21T23:10:29.711494" elapsed="0.645373"/>
</kw>
<doc>Navega a la sección de Administración - Dominios</doc>
<status status="PASS" start="2025-07-21T23:10:08.977389" elapsed="21.379603"/>
</kw>
<kw name="Selecciona Dominio Especifico" owner="sisdep_dominios_page">
<kw name="Ingresar Texto" owner="common_keywords">
<kw name="Esperar Elemento Visible" owner="common_keywords">
<kw name="Wait Until Element Is Visible" owner="SeleniumLibrary">
<arg>${locator}</arg>
<arg>${timeout}</arg>
<doc>Waits until the element ``locator`` is visible.</doc>
<status status="PASS" start="2025-07-21T23:10:30.359156" elapsed="0.638926"/>
</kw>
<arg>${locator}</arg>
<arg>${timeout}</arg>
<doc>Espera a que un elemento sea visible</doc>
<status status="PASS" start="2025-07-21T23:10:30.358772" elapsed="0.639540"/>
</kw>
<kw name="Input Text" owner="SeleniumLibrary">
<msg time="2025-07-21T23:10:30.999262" level="INFO">Typing text 'Social' into text field 'xpath://input[@role='textbox' and @aria-label='Nombre']'.</msg>
<arg>${locator}</arg>
<arg>${texto}</arg>
<doc>Types the given ``text`` into the text field identified by ``locator``.</doc>
<status status="PASS" start="2025-07-21T23:10:30.998693" elapsed="1.118884"/>
</kw>
<arg>${NOMBRE_DOMINIO_INPUT}</arg>
<arg>${nombre_dominio}</arg>
<doc>Ingresa texto en un campo después de esperar que sea visible</doc>
<status status="PASS" start="2025-07-21T23:10:30.358341" elapsed="1.759532"/>
</kw>
<kw name="Sleep" owner="BuiltIn">
<msg time="2025-07-21T23:10:33.119417" level="INFO">Slept 1 second.</msg>
<arg>1s</arg>
<doc>Pauses the test executed for the given time.</doc>
<status status="PASS" start="2025-07-21T23:10:32.118240" elapsed="1.001434"/>
</kw>
<kw name="Hacer Click En Elemento" owner="common_keywords">
<kw name="Esperar Elemento Clickable" owner="common_keywords">
<kw name="Wait Until Element Is Enabled" owner="SeleniumLibrary">
<arg>${locator}</arg>
<arg>${timeout}</arg>
<doc>Waits until the element ``locator`` is enabled.</doc>
<status status="PASS" start="2025-07-21T23:10:33.121480" elapsed="0.943763"/>
</kw>
<arg>${locator}</arg>
<arg>${timeout}</arg>
<doc>Espera a que un elemento sea clickeable</doc>
<status status="PASS" start="2025-07-21T23:10:33.120842" elapsed="0.944585"/>
</kw>
<kw name="Click Element" owner="SeleniumLibrary">
<msg time="2025-07-21T23:10:34.066174" level="INFO">Clicking element 'xpath://button[@aria-label='Ver dominios']'.</msg>
<arg>${locator}</arg>
<doc>Click the element identified by ``locator``.</doc>
<status status="PASS" start="2025-07-21T23:10:34.065608" elapsed="0.712722"/>
</kw>
<arg>${VER_DOMINIOS_BUTTON}</arg>
<doc>Hace click en un elemento después de esperar que sea clickeable</doc>
<status status="PASS" start="2025-07-21T23:10:33.120100" elapsed="1.658563"/>
</kw>
<kw name="Sleep" owner="BuiltIn">
<msg time="2025-07-21T23:10:36.780156" level="INFO">Slept 2 seconds.</msg>
<arg>2s</arg>
<doc>Pauses the test executed for the given time.</doc>
<status status="PASS" start="2025-07-21T23:10:34.779046" elapsed="2.001230"/>
</kw>
<kw name="Hacer Click En Elemento" owner="common_keywords">
<kw name="Esperar Elemento Clickable" owner="common_keywords">
<kw name="Wait Until Element Is Enabled" owner="SeleniumLibrary">
<arg>${locator}</arg>
<arg>${timeout}</arg>
<doc>Waits until the element ``locator`` is enabled.</doc>
<status status="PASS" start="2025-07-21T23:10:36.781124" elapsed="0.956294"/>
</kw>
<arg>${locator}</arg>
<arg>${timeout}</arg>
<doc>Espera a que un elemento sea clickeable</doc>
<status status="PASS" start="2025-07-21T23:10:36.780853" elapsed="0.957148"/>
</kw>
<kw name="Click Element" owner="SeleniumLibrary">
<msg time="2025-07-21T23:10:37.739169" level="INFO">Clicking element 'xpath://a[@rel='nofollow'][text()='5']'.</msg>
<arg>${locator}</arg>
<doc>Click the element identified by ``locator``.</doc>
<status status="PASS" start="2025-07-21T23:10:37.738491" elapsed="0.739569"/>
</kw>
<arg>${PAGINA_5_BUTTON}</arg>
<doc>Hace click en un elemento después de esperar que sea clickeable</doc>
<status status="PASS" start="2025-07-21T23:10:36.780514" elapsed="1.697957"/>
</kw>
<kw name="Sleep" owner="BuiltIn">
<msg time="2025-07-21T23:10:40.480085" level="INFO">Slept 2 seconds.</msg>
<arg>2s</arg>
<doc>Pauses the test executed for the given time.</doc>
<status status="PASS" start="2025-07-21T23:10:38.478976" elapsed="2.001294"/>
</kw>
<kw name="Set Variable" owner="BuiltIn">
<msg time="2025-07-21T23:10:40.480815" level="INFO">${DOMINIO_ITEM_LOCATOR} = xpath://li[@class='ant-list-item'][contains(text(),'Etapa ciclo vital')]</msg>
<var>${DOMINIO_ITEM_LOCATOR}</var>
<arg>xpath://li[@class='ant-list-item'][contains(text(),'Etapa ciclo vital')]</arg>
<doc>Returns the given values which can then be assigned to a variables.</doc>
<status status="PASS" start="2025-07-21T23:10:40.480542" elapsed="0.000309"/>
</kw>
<kw name="Hacer Click En Elemento" owner="common_keywords">
<kw name="Esperar Elemento Clickable" owner="common_keywords">
<kw name="Wait Until Element Is Enabled" owner="SeleniumLibrary">
<arg>${locator}</arg>
<arg>${timeout}</arg>
<doc>Waits until the element ``locator`` is enabled.</doc>
<status status="PASS" start="2025-07-21T23:10:40.482874" elapsed="0.979912"/>
</kw>
<arg>${locator}</arg>
<arg>${timeout}</arg>
<doc>Espera a que un elemento sea clickeable</doc>
<status status="PASS" start="2025-07-21T23:10:40.481870" elapsed="0.981153"/>
</kw>
<kw name="Click Element" owner="SeleniumLibrary">
<msg time="2025-07-21T23:10:41.465130" level="INFO">Clicking element 'xpath://li[@class='ant-list-item'][contains(text(),'Etapa ciclo vital')]'.</msg>
<arg>${locator}</arg>
<doc>Click the element identified by ``locator``.</doc>
<status status="PASS" start="2025-07-21T23:10:41.463899" elapsed="0.874731"/>
</kw>
<arg>${DOMINIO_ITEM_LOCATOR}</arg>
<doc>Hace click en un elemento después de esperar que sea clickeable</doc>
<status status="PASS" start="2025-07-21T23:10:40.481060" elapsed="1.858011"/>
</kw>
<kw name="Sleep" owner="BuiltIn">
<msg time="2025-07-21T23:10:44.367889" level="INFO">Slept 2 seconds.</msg>
<arg>2s</arg>
<doc>Pauses the test executed for the given time.</doc>
<status status="PASS" start="2025-07-21T23:10:42.341080" elapsed="2.027202"/>
</kw>
<kw name="Verificar Elemento Presente" owner="common_keywords">
<kw name="Wait Until Element Is Visible" owner="SeleniumLibrary">
<arg>${locator}</arg>
<arg>${timeout}</arg>
<doc>Waits until the element ``locator`` is visible.</doc>
<status status="PASS" start="2025-07-21T23:10:44.370118" elapsed="0.636520"/>
</kw>
<arg>${NUEVO_VALOR_INPUT}</arg>
<doc>Verifica que un elemento esté presente en la página</doc>
<status status="PASS" start="2025-07-21T23:10:44.369007" elapsed="0.637943"/>
</kw>
<arg>${DOMINIO_TIPO_DOCUMENTO}</arg>
<doc>Selecciona un dominio específico de la lista</doc>
<status status="PASS" start="2025-07-21T23:10:30.357690" elapsed="14.649449"/>
</kw>
<kw name="Hace Click En Actualizar Valor" owner="sisdep_dominios_page">
<kw name="Hacer Click En Elemento" owner="common_keywords">
<kw name="Esperar Elemento Clickable" owner="common_keywords">
<kw name="Wait Until Element Is Enabled" owner="SeleniumLibrary">
<arg>${locator}</arg>
<arg>${timeout}</arg>
<doc>Waits until the element ``locator`` is enabled.</doc>
<status status="PASS" start="2025-07-21T23:10:45.010660" elapsed="0.953947"/>
</kw>
<arg>${locator}</arg>
<arg>${timeout}</arg>
<doc>Espera a que un elemento sea clickeable</doc>
<status status="PASS" start="2025-07-21T23:10:45.009315" elapsed="0.955653"/>
</kw>
<kw name="Click Element" owner="SeleniumLibrary">
<msg time="2025-07-21T23:10:45.966287" level="INFO">Clicking element 'xpath://button[@aria-label='Actualizar dominio']'.</msg>
<arg>${locator}</arg>
<doc>Click the element identified by ``locator``.</doc>
<status status="PASS" start="2025-07-21T23:10:45.965529" elapsed="0.897566"/>
</kw>
<arg>${ACTUALIZAR_VALOR_BUTTON}</arg>
<doc>Hace click en un elemento después de esperar que sea clickeable</doc>
<status status="PASS" start="2025-07-21T23:10:45.008180" elapsed="1.855289"/>
</kw>
<kw name="Sleep" owner="BuiltIn">
<msg time="2025-07-21T23:10:48.865386" level="INFO">Slept 2 seconds.</msg>
<arg>2s</arg>
<doc>Pauses the test executed for the given time.</doc>
<status status="PASS" start="2025-07-21T23:10:46.864343" elapsed="2.001251"/>
</kw>
<doc>Hace clic en el botón "Actualizar"</doc>
<status status="PASS" start="2025-07-21T23:10:45.007769" elapsed="3.858121"/>
</kw>
<kw name="El Sistema Guarda Los Cambios Del Valor" owner="sisdep_dominios_page">
<kw name="Verificar Texto En Página" owner="common_keywords">
<kw name="Wait Until Page Contains" owner="SeleniumLibrary">
<arg>${texto}</arg>
<arg>${timeout}</arg>
<doc>Waits until ``text`` appears on the current page.</doc>
<status status="PASS" start="2025-07-21T23:10:48.867911" elapsed="0.347727"/>
</kw>
<arg>¡Registro actualizado exitosamente!</arg>
<doc>Verifica que un texto esté presente en la página</doc>
<status status="PASS" start="2025-07-21T23:10:48.867071" elapsed="0.348714"/>
</kw>
<doc>Verifica que los cambios se guardaron correctamente</doc>
<status status="PASS" start="2025-07-21T23:10:48.866472" elapsed="0.349390"/>
</kw>
<kw name="Cerrar Navegador" owner="common_keywords" type="TEARDOWN">
<kw name="Close Browser" owner="SeleniumLibrary">
<doc>Closes the current browser.</doc>
<status status="PASS" start="2025-07-21T23:10:49.217783" elapsed="2.443837"/>
</kw>
<doc>Cierra el navegador actual</doc>
<status status="PASS" start="2025-07-21T23:10:49.216820" elapsed="2.444917"/>
</kw>
<doc>Actualizar la descripción de un valor existente en un dominio</doc>
<tag>actualizar</tag>
<tag>dominios</tag>
<tag>positivo</tag>
<status status="PASS" start="2025-07-21T23:09:55.890701" elapsed="55.771242"/>
</test>
<test id="s1-s1-s1-t3" name="Eliminar Valor De Dominio No En Uso" line="48">
<kw name="Abrir Navegador" owner="common_keywords" type="SETUP">
<kw name="Evaluate" owner="BuiltIn">
<msg time="2025-07-21T23:10:51.664687" level="INFO">${chrome_options} = &lt;selenium.webdriver.chrome.options.Options object at 0x000001A4837B7250&gt;</msg>
<var>${chrome_options}</var>
<arg>sys.modules['selenium.webdriver'].ChromeOptions()</arg>
<arg>sys, selenium.webdriver</arg>
<doc>Evaluates the given expression in Python and returns the result.</doc>
<status status="PASS" start="2025-07-21T23:10:51.664267" elapsed="0.000455"/>
</kw>
<kw name="Call Method" owner="BuiltIn">
<arg>${chrome_options}</arg>
<arg>add_argument</arg>
<arg>--ignore-ssl-errors</arg>
<doc>Calls the named method of the given object with the provided arguments.</doc>
<status status="PASS" start="2025-07-21T23:10:51.664873" elapsed="0.000351"/>
</kw>
<kw name="Call Method" owner="BuiltIn">
<arg>${chrome_options}</arg>
<arg>add_argument</arg>
<arg>--ignore-certificate-errors</arg>
<doc>Calls the named method of the given object with the provided arguments.</doc>
<status status="PASS" start="2025-07-21T23:10:51.665352" elapsed="0.000123"/>
</kw>
<kw name="Call Method" owner="BuiltIn">
<arg>${chrome_options}</arg>
<arg>add_argument</arg>
<arg>--allow-running-insecure-content</arg>
<doc>Calls the named method of the given object with the provided arguments.</doc>
<status status="PASS" start="2025-07-21T23:10:51.665559" elapsed="0.000091"/>
</kw>
<kw name="Call Method" owner="BuiltIn">
<arg>${chrome_options}</arg>
<arg>add_argument</arg>
<arg>--no-sandbox</arg>
<doc>Calls the named method of the given object with the provided arguments.</doc>
<status status="PASS" start="2025-07-21T23:10:51.665740" elapsed="0.000089"/>
</kw>
<kw name="Call Method" owner="BuiltIn">
<arg>${chrome_options}</arg>
<arg>add_argument</arg>
<arg>--disable-dev-shm-usage</arg>
<doc>Calls the named method of the given object with the provided arguments.</doc>
<status status="PASS" start="2025-07-21T23:10:51.665904" elapsed="0.000080"/>
</kw>
<kw name="Call Method" owner="BuiltIn">
<arg>${chrome_options}</arg>
<arg>add_argument</arg>
<arg>--disable-gpu</arg>
<doc>Calls the named method of the given object with the provided arguments.</doc>
<status status="PASS" start="2025-07-21T23:10:51.666076" elapsed="0.000112"/>
</kw>
<kw name="Call Method" owner="BuiltIn">
<arg>${chrome_options}</arg>
<arg>add_argument</arg>
<arg>--disable-extensions</arg>
<doc>Calls the named method of the given object with the provided arguments.</doc>
<status status="PASS" start="2025-07-21T23:10:51.666290" elapsed="0.000101"/>
</kw>
<kw name="Call Method" owner="BuiltIn">
<arg>${chrome_options}</arg>
<arg>add_argument</arg>
<arg>--disable-plugins</arg>
<doc>Calls the named method of the given object with the provided arguments.</doc>
<status status="PASS" start="2025-07-21T23:10:51.666468" elapsed="0.000083"/>
</kw>
<kw name="Open Browser" owner="SeleniumLibrary">
<msg time="2025-07-21T23:10:51.666846" level="INFO">Opening browser 'Chrome' to base url 'https://www.medellin.gov.co/sisdep'.</msg>
<arg>${url}</arg>
<arg>${BROWSER}</arg>
<arg>options=${chrome_options}</arg>
<doc>Opens a new browser instance to the optional ``url``.</doc>
<status status="PASS" start="2025-07-21T23:10:51.666646" elapsed="4.429119"/>
</kw>
<kw name="Maximize Browser Window" owner="SeleniumLibrary">
<doc>Maximizes current browser window.</doc>
<status status="PASS" start="2025-07-21T23:10:56.096729" elapsed="0.345632"/>
</kw>
<kw name="Setup Test Environment" owner="config">
<kw name="Set Selenium Speed" owner="SeleniumLibrary">
<arg>${SELENIUM_SPEED}</arg>
<doc>Sets the delay that is waited after each Selenium command.</doc>
<status status="PASS" start="2025-07-21T23:10:56.444779" elapsed="0.000928"/>
</kw>
<kw name="Set Selenium Implicit Wait" owner="SeleniumLibrary">
<arg>${IMPLICIT_WAIT}</arg>
<doc>Sets the implicit wait value used by Selenium.</doc>
<status status="PASS" start="2025-07-21T23:10:56.446162" elapsed="0.304367"/>
</kw>
<kw name="Set Screenshot Directory" owner="SeleniumLibrary">
<arg>${SCREENSHOT_DIR}</arg>
<doc>Sets the directory for captured screenshots.</doc>
<status status="PASS" start="2025-07-21T23:10:56.751033" elapsed="0.001529"/>
</kw>
<kw name="Set Selenium Timeout" owner="SeleniumLibrary">
<arg>${EXPLICIT_WAIT}</arg>
<doc>Sets the timeout that is used by various keywords.</doc>
<status status="PASS" start="2025-07-21T23:10:56.754999" elapsed="0.304000"/>
</kw>
<kw name="Set Selenium Page Load Timeout" owner="SeleniumLibrary">
<arg>${PAGE_LOAD_TIMEOUT}</arg>
<doc>Sets the page load timeout value used by Selenium.</doc>
<status status="PASS" start="2025-07-21T23:10:57.059421" elapsed="0.304051"/>
</kw>
<doc>Configuración inicial del entorno de pruebas</doc>
<status status="PASS" start="2025-07-21T23:10:56.443649" elapsed="0.920251"/>
</kw>
<arg>${SISDEP_URL}</arg>
<doc>Abre el navegador y maximiza la ventana</doc>
<status status="PASS" start="2025-07-21T23:10:51.663438" elapsed="5.700606"/>
</kw>
<kw name="Navegar A SISDEP" owner="sisdep_login_page">
<kw name="Go To" owner="SeleniumLibrary">
<msg time="2025-07-21T23:10:57.366301" level="INFO">Opening url 'https://www.medellin.gov.co/sisdep'</msg>
<arg>${SISDEP_URL}</arg>
<doc>Navigates the current browser window to the provided ``url``.</doc>
<status status="PASS" start="2025-07-21T23:10:57.365723" elapsed="0.888827"/>
</kw>
<kw name="Verificar Elemento Presente" owner="common_keywords">
<kw name="Wait Until Element Is Visible" owner="SeleniumLibrary">
<arg>${locator}</arg>
<arg>${timeout}</arg>
<doc>Waits until the element ``locator`` is visible.</doc>
<status status="PASS" start="2025-07-21T23:10:58.256522" elapsed="0.636719"/>
</kw>
<arg>${SISDEP_LOGIN_PAGE_TITLE}</arg>
<doc>Verifica que un elemento esté presente en la página</doc>
<status status="PASS" start="2025-07-21T23:10:58.255217" elapsed="0.638201"/>
</kw>
<doc>Navega a la página principal de SISDEP</doc>
<status status="PASS" start="2025-07-21T23:10:57.364962" elapsed="1.528603"/>
</kw>
<kw name="Realizar Login SISDEP" owner="sisdep_login_page">
<kw name="Ingresar Usuario SISDEP" owner="sisdep_login_page">
<kw name="Ingresar Texto" owner="common_keywords">
<kw name="Esperar Elemento Visible" owner="common_keywords">
<kw name="Wait Until Element Is Visible" owner="SeleniumLibrary">
<arg>${locator}</arg>
<arg>${timeout}</arg>
<doc>Waits until the element ``locator`` is visible.</doc>
<status status="PASS" start="2025-07-21T23:10:58.897302" elapsed="0.629923"/>
</kw>
<arg>${locator}</arg>
<arg>${timeout}</arg>
<doc>Espera a que un elemento sea visible</doc>
<status status="PASS" start="2025-07-21T23:10:58.897000" elapsed="0.630499"/>
</kw>
<kw name="Input Text" owner="SeleniumLibrary">
<msg time="2025-07-21T23:10:59.528530" level="INFO">Typing text 'admin' into text field 'id:usuario'.</msg>
<arg>${locator}</arg>
<arg>${texto}</arg>
<doc>Types the given ``text`` into the text field identified by ``locator``.</doc>
<status status="PASS" start="2025-07-21T23:10:59.527887" elapsed="1.208935"/>
</kw>
<arg>${SISDEP_USERNAME_FIELD}</arg>
<arg>${usuario}</arg>
<doc>Ingresa texto en un campo después de esperar que sea visible</doc>
<status status="PASS" start="2025-07-21T23:10:58.896220" elapsed="1.841074"/>
</kw>
<arg>${usuario}</arg>
<doc>Ingresa el nombre de usuario en SISDEP</doc>
<status status="PASS" start="2025-07-21T23:10:58.895550" elapsed="1.841992"/>
</kw>
<kw name="Ingresar Contraseña SISDEP" owner="sisdep_login_page">
<kw name="Ingresar Texto" owner="common_keywords">
<kw name="Esperar Elemento Visible" owner="common_keywords">
<kw name="Wait Until Element Is Visible" owner="SeleniumLibrary">
<arg>${locator}</arg>
<arg>${timeout}</arg>
<doc>Waits until the element ``locator`` is visible.</doc>
<status status="PASS" start="2025-07-21T23:11:00.742540" elapsed="0.641694"/>
</kw>
<arg>${locator}</arg>
<arg>${timeout}</arg>
<doc>Espera a que un elemento sea visible</doc>
<status status="PASS" start="2025-07-21T23:11:00.741014" elapsed="0.643552"/>
</kw>
<kw name="Input Text" owner="SeleniumLibrary">
<msg time="2025-07-21T23:11:01.385912" level="INFO">Typing text 'EspacioPublico2024?sisdep' into text field 'id:password'.</msg>
<arg>${locator}</arg>
<arg>${texto}</arg>
<doc>Types the given ``text`` into the text field identified by ``locator``.</doc>
<status status="PASS" start="2025-07-21T23:11:01.384973" elapsed="1.296548"/>
</kw>
<arg>${SISDEP_PASSWORD_FIELD}</arg>
<arg>${contraseña}</arg>
<doc>Ingresa texto en un campo después de esperar que sea visible</doc>
<status status="PASS" start="2025-07-21T23:11:00.739105" elapsed="1.942928"/>
</kw>
<arg>${contraseña}</arg>
<doc>Ingresa la contraseña en SISDEP</doc>
<status status="PASS" start="2025-07-21T23:11:00.738103" elapsed="1.944164"/>
</kw>
<kw name="Hacer Click En Login SISDEP" owner="sisdep_login_page">
<kw name="Hacer Click En Elemento" owner="common_keywords">
<kw name="Esperar Elemento Clickable" owner="common_keywords">
<kw name="Wait Until Element Is Enabled" owner="SeleniumLibrary">
<arg>${locator}</arg>
<arg>${timeout}</arg>
<doc>Waits until the element ``locator`` is enabled.</doc>
<status status="PASS" start="2025-07-21T23:11:02.694677" elapsed="1.078066"/>
</kw>
<arg>${locator}</arg>
<arg>${timeout}</arg>
<doc>Espera a que un elemento sea clickeable</doc>
<status status="PASS" start="2025-07-21T23:11:02.689055" elapsed="1.084079"/>
</kw>
<kw name="Click Element" owner="SeleniumLibrary">
<msg time="2025-07-21T23:11:03.774327" level="INFO">Clicking element 'xpath://button[.//span[text()='Iniciar sesión']]'.</msg>
<arg>${locator}</arg>
<doc>Click the element identified by ``locator``.</doc>
<status status="PASS" start="2025-07-21T23:11:03.773633" elapsed="0.970971"/>
</kw>
<arg>${SISDEP_LOGIN_BUTTON}</arg>
<doc>Hace click en un elemento después de esperar que sea clickeable</doc>
<status status="PASS" start="2025-07-21T23:11:02.688054" elapsed="2.059214"/>
</kw>
<doc>Hace click en el botón de login de SISDEP</doc>
<status status="PASS" start="2025-07-21T23:11:02.682861" elapsed="2.064729"/>
</kw>
<arg>${VALID_USERNAME}</arg>
<arg>${VALID_PASSWORD}</arg>
<doc>Realiza el proceso completo de login en SISDEP</doc>
<status status="PASS" start="2025-07-21T23:10:58.894204" elapsed="5.853940"/>
</kw>
<kw name="El Administrador Esta En Seccion Dominios" owner="sisdep_dominios_page">
<kw name="Hacer Click En Elemento" owner="common_keywords">
<kw name="Esperar Elemento Clickable" owner="common_keywords">
<kw name="Wait Until Element Is Enabled" owner="SeleniumLibrary">
<arg>${locator}</arg>
<arg>${timeout}</arg>
<doc>Waits until the element ``locator`` is enabled.</doc>
<status status="PASS" start="2025-07-21T23:11:04.794764" elapsed="14.877096"/>
</kw>
<arg>${locator}</arg>
<arg>${timeout}</arg>
<doc>Espera a que un elemento sea clickeable</doc>
<status status="PASS" start="2025-07-21T23:11:04.786969" elapsed="14.885190"/>
</kw>
<kw name="Click Element" owner="SeleniumLibrary">
<msg time="2025-07-21T23:11:19.673190" level="INFO">Clicking element 'xpath://div[@role='menuitem' and .//span[text()='Administracion']]'.</msg>
<arg>${locator}</arg>
<doc>Click the element identified by ``locator``.</doc>
<status status="PASS" start="2025-07-21T23:11:19.672499" elapsed="0.797585"/>
</kw>
<arg>${ADMINISTRACION_MENU}</arg>
<doc>Hace click en un elemento después de esperar que sea clickeable</doc>
<status status="PASS" start="2025-07-21T23:11:04.785087" elapsed="15.685286"/>
</kw>
<kw name="Sleep" owner="BuiltIn">
<msg time="2025-07-21T23:11:21.471810" level="INFO">Slept 1 second.</msg>
<arg>1s</arg>
<doc>Pauses the test executed for the given time.</doc>
<status status="PASS" start="2025-07-21T23:11:20.470682" elapsed="1.001367"/>
</kw>
<kw name="Hacer Click En Elemento" owner="common_keywords">
<kw name="Esperar Elemento Clickable" owner="common_keywords">
<kw name="Wait Until Element Is Enabled" owner="SeleniumLibrary">
<arg>${locator}</arg>
<arg>${timeout}</arg>
<doc>Waits until the element ``locator`` is enabled.</doc>
<status status="PASS" start="2025-07-21T23:11:21.474677" elapsed="1.201993"/>
</kw>
<arg>${locator}</arg>
<arg>${timeout}</arg>
<doc>Espera a que un elemento sea clickeable</doc>
<status status="PASS" start="2025-07-21T23:11:21.473859" elapsed="1.202949"/>
</kw>
<kw name="Click Element" owner="SeleniumLibrary">
<msg time="2025-07-21T23:11:22.677352" level="INFO">Clicking element 'xpath://a[@href='/sisdep/administracion/dominios']'.</msg>
<arg>${locator}</arg>
<doc>Click the element identified by ``locator``.</doc>
<status status="PASS" start="2025-07-21T23:11:22.677007" elapsed="0.895792"/>
</kw>
<arg>${DOMINIOS_SUBMENU}</arg>
<doc>Hace click en un elemento después de esperar que sea clickeable</doc>
<status status="PASS" start="2025-07-21T23:11:21.472588" elapsed="2.100368"/>
</kw>
<kw name="Sleep" owner="BuiltIn">
<msg time="2025-07-21T23:11:25.574087" level="INFO">Slept 2 seconds.</msg>
<arg>2s</arg>
<doc>Pauses the test executed for the given time.</doc>
<status status="PASS" start="2025-07-21T23:11:23.573140" elapsed="2.001229"/>
</kw>
<kw name="Verificar Elemento Presente" owner="common_keywords">
<kw name="Wait Until Element Is Visible" owner="SeleniumLibrary">
<arg>${locator}</arg>
<arg>${timeout}</arg>
<doc>Waits until the element ``locator`` is visible.</doc>
<status status="PASS" start="2025-07-21T23:11:25.576163" elapsed="0.637746"/>
</kw>
<arg>${NOMBRE_DOMINIO_INPUT}</arg>
<doc>Verifica que un elemento esté presente en la página</doc>
<status status="PASS" start="2025-07-21T23:11:25.574946" elapsed="0.639307"/>
</kw>
<doc>Navega a la sección de Administración - Dominios</doc>
<status status="PASS" start="2025-07-21T23:11:04.771215" elapsed="21.443277"/>
</kw>
<kw name="Selecciona Dominio Especifico" owner="sisdep_dominios_page">
<kw name="Ingresar Texto" owner="common_keywords">
<kw name="Esperar Elemento Visible" owner="common_keywords">
<kw name="Wait Until Element Is Visible" owner="SeleniumLibrary">
<arg>${locator}</arg>
<arg>${timeout}</arg>
<doc>Waits until the element ``locator`` is visible.</doc>
<status status="PASS" start="2025-07-21T23:11:26.218103" elapsed="0.626450"/>
</kw>
<arg>${locator}</arg>
<arg>${timeout}</arg>
<doc>Espera a que un elemento sea visible</doc>
<status status="PASS" start="2025-07-21T23:11:26.217214" elapsed="0.627570"/>
</kw>
<kw name="Input Text" owner="SeleniumLibrary">
<msg time="2025-07-21T23:11:26.845314" level="INFO">Typing text 'Social' into text field 'xpath://input[@role='textbox' and @aria-label='Nombre']'.</msg>
<arg>${locator}</arg>
<arg>${texto}</arg>
<doc>Types the given ``text`` into the text field identified by ``locator``.</doc>
<status status="PASS" start="2025-07-21T23:11:26.844990" elapsed="1.074344"/>
</kw>
<arg>${NOMBRE_DOMINIO_INPUT}</arg>
<arg>${nombre_dominio}</arg>
<doc>Ingresa texto en un campo después de esperar que sea visible</doc>
<status status="PASS" start="2025-07-21T23:11:26.216103" elapsed="1.703542"/>
</kw>
<kw name="Sleep" owner="BuiltIn">
<msg time="2025-07-21T23:11:28.920439" level="INFO">Slept 1 second.</msg>
<arg>1s</arg>
<doc>Pauses the test executed for the given time.</doc>
<status status="PASS" start="2025-07-21T23:11:27.919899" elapsed="1.000794"/>
</kw>
<kw name="Hacer Click En Elemento" owner="common_keywords">
<kw name="Esperar Elemento Clickable" owner="common_keywords">
<kw name="Wait Until Element Is Enabled" owner="SeleniumLibrary">
<arg>${locator}</arg>
<arg>${timeout}</arg>
<doc>Waits until the element ``locator`` is enabled.</doc>
<status status="PASS" start="2025-07-21T23:11:28.923539" elapsed="0.954422"/>
</kw>
<arg>${locator}</arg>
<arg>${timeout}</arg>
<doc>Espera a que un elemento sea clickeable</doc>
<status status="PASS" start="2025-07-21T23:11:28.922419" elapsed="0.955705"/>
</kw>
<kw name="Click Element" owner="SeleniumLibrary">
<msg time="2025-07-21T23:11:29.878818" level="INFO">Clicking element 'xpath://button[@aria-label='Ver dominios']'.</msg>
<arg>${locator}</arg>
<doc>Click the element identified by ``locator``.</doc>
<status status="PASS" start="2025-07-21T23:11:29.878318" elapsed="0.730347"/>
</kw>
<arg>${VER_DOMINIOS_BUTTON}</arg>
<doc>Hace click en un elemento después de esperar que sea clickeable</doc>
<status status="PASS" start="2025-07-21T23:11:28.921255" elapsed="1.687562"/>
</kw>
<kw name="Sleep" owner="BuiltIn">
<msg time="2025-07-21T23:11:32.609509" level="INFO">Slept 2 seconds.</msg>
<arg>2s</arg>
<doc>Pauses the test executed for the given time.</doc>
<status status="PASS" start="2025-07-21T23:11:30.608975" elapsed="2.000706"/>
</kw>
<kw name="Hacer Click En Elemento" owner="common_keywords">
<kw name="Esperar Elemento Clickable" owner="common_keywords">
<kw name="Wait Until Element Is Enabled" owner="SeleniumLibrary">
<arg>${locator}</arg>
<arg>${timeout}</arg>
<doc>Waits until the element ``locator`` is enabled.</doc>
<status status="PASS" start="2025-07-21T23:11:32.611593" elapsed="0.942830"/>
</kw>
<arg>${locator}</arg>
<arg>${timeout}</arg>
<doc>Espera a que un elemento sea clickeable</doc>
<status status="PASS" start="2025-07-21T23:11:32.610748" elapsed="0.943844"/>
</kw>
<kw name="Click Element" owner="SeleniumLibrary">
<msg time="2025-07-21T23:11:33.555051" level="INFO">Clicking element 'xpath://a[@rel='nofollow'][text()='5']'.</msg>
<arg>${locator}</arg>
<doc>Click the element identified by ``locator``.</doc>
<status status="PASS" start="2025-07-21T23:11:33.554772" elapsed="0.730901"/>
</kw>
<arg>${PAGINA_5_BUTTON}</arg>
<doc>Hace click en un elemento después de esperar que sea clickeable</doc>
<status status="PASS" start="2025-07-21T23:11:32.610062" elapsed="1.675951"/>
</kw>
<kw name="Sleep" owner="BuiltIn">
<msg time="2025-07-21T23:11:36.287476" level="INFO">Slept 2 seconds.</msg>
<arg>2s</arg>
<doc>Pauses the test executed for the given time.</doc>
<status status="PASS" start="2025-07-21T23:11:34.286439" elapsed="2.001190"/>
</kw>
<kw name="Set Variable" owner="BuiltIn">
<msg time="2025-07-21T23:11:36.288157" level="INFO">${DOMINIO_ITEM_LOCATOR} = xpath://li[@class='ant-list-item'][contains(text(),'Etapa ciclo vital')]</msg>
<var>${DOMINIO_ITEM_LOCATOR}</var>
<arg>xpath://li[@class='ant-list-item'][contains(text(),'Etapa ciclo vital')]</arg>
<doc>Returns the given values which can then be assigned to a variables.</doc>
<status status="PASS" start="2025-07-21T23:11:36.287888" elapsed="0.000313"/>
</kw>
<kw name="Hacer Click En Elemento" owner="common_keywords">
<kw name="Esperar Elemento Clickable" owner="common_keywords">
<kw name="Wait Until Element Is Enabled" owner="SeleniumLibrary">
<arg>${locator}</arg>
<arg>${timeout}</arg>
<doc>Waits until the element ``locator`` is enabled.</doc>
<status status="PASS" start="2025-07-21T23:11:36.289446" elapsed="0.936977"/>
</kw>
<arg>${locator}</arg>
<arg>${timeout}</arg>
<doc>Espera a que un elemento sea clickeable</doc>
<status status="PASS" start="2025-07-21T23:11:36.288966" elapsed="0.937752"/>
</kw>
<kw name="Click Element" owner="SeleniumLibrary">
<msg time="2025-07-21T23:11:37.227629" level="INFO">Clicking element 'xpath://li[@class='ant-list-item'][contains(text(),'Etapa ciclo vital')]'.</msg>
<arg>${locator}</arg>
<doc>Click the element identified by ``locator``.</doc>
<status status="PASS" start="2025-07-21T23:11:37.227099" elapsed="0.736894"/>
</kw>
<arg>${DOMINIO_ITEM_LOCATOR}</arg>
<doc>Hace click en un elemento después de esperar que sea clickeable</doc>
<status status="PASS" start="2025-07-21T23:11:36.288454" elapsed="1.675921"/>
</kw>
<kw name="Sleep" owner="BuiltIn">
<msg time="2025-07-21T23:11:39.966052" level="INFO">Slept 2 seconds.</msg>
<arg>2s</arg>
<doc>Pauses the test executed for the given time.</doc>
<status status="PASS" start="2025-07-21T23:11:37.964851" elapsed="2.001328"/>
</kw>
<kw name="Verificar Elemento Presente" owner="common_keywords">
<kw name="Wait Until Element Is Visible" owner="SeleniumLibrary">
<arg>${locator}</arg>
<arg>${timeout}</arg>
<doc>Waits until the element ``locator`` is visible.</doc>
<status status="PASS" start="2025-07-21T23:11:39.966794" elapsed="0.630442"/>
</kw>
<arg>${NUEVO_VALOR_INPUT}</arg>
<doc>Verifica que un elemento esté presente en la página</doc>
<status status="PASS" start="2025-07-21T23:11:39.966415" elapsed="0.631055"/>
</kw>
<arg>${DOMINIO_TIPO_DOCUMENTO}</arg>
<doc>Selecciona un dominio específico de la lista</doc>
<status status="PASS" start="2025-07-21T23:11:26.215183" elapsed="14.382363"/>
</kw>
<kw name="Hace Click En Eliminar Valor" owner="sisdep_dominios_page">
<kw name="Hacer Click En Elemento" owner="common_keywords">
<kw name="Esperar Elemento Clickable" owner="common_keywords">
<kw name="Wait Until Element Is Enabled" owner="SeleniumLibrary">
<arg>${locator}</arg>
<arg>${timeout}</arg>
<doc>Waits until the element ``locator`` is enabled.</doc>
<status status="PASS" start="2025-07-21T23:11:40.599179" elapsed="0.942109"/>
</kw>
<arg>${locator}</arg>
<arg>${timeout}</arg>
<doc>Espera a que un elemento sea clickeable</doc>
<status status="PASS" start="2025-07-21T23:11:40.598867" elapsed="0.942548"/>
</kw>
<kw name="Click Element" owner="SeleniumLibrary">
<msg time="2025-07-21T23:11:41.541771" level="INFO">Clicking element 'xpath://button[@aria-label='Eliminar dominio']'.</msg>
<arg>${locator}</arg>
<doc>Click the element identified by ``locator``.</doc>
<status status="PASS" start="2025-07-21T23:11:41.541562" elapsed="0.784793"/>
</kw>
<arg>${ELIMINAR_VALOR_BUTTON}</arg>
<doc>Hace click en un elemento después de esperar que sea clickeable</doc>
<status status="PASS" start="2025-07-21T23:11:40.598589" elapsed="1.727928"/>
</kw>
<kw name="Sleep" owner="BuiltIn">
<msg time="2025-07-21T23:11:44.327527" level="INFO">Slept 2 seconds.</msg>
<arg>2s</arg>
<doc>Pauses the test executed for the given time.</doc>
<status status="PASS" start="2025-07-21T23:11:42.326708" elapsed="2.001001"/>
</kw>
<doc>Hace clic en el botón "Eliminar"</doc>
<status status="PASS" start="2025-07-21T23:11:40.598280" elapsed="3.729590"/>
</kw>
<kw name="Cerrar Navegador" owner="common_keywords" type="TEARDOWN">
<kw name="Close Browser" owner="SeleniumLibrary">
<doc>Closes the current browser.</doc>
<status status="PASS" start="2025-07-21T23:11:44.329116" elapsed="2.666256"/>
</kw>
<doc>Cierra el navegador actual</doc>
<status status="PASS" start="2025-07-21T23:11:44.328648" elapsed="2.666982"/>
</kw>
<doc>Eliminar un valor de dominio que no está asociado a ningún registro</doc>
<tag>dominios</tag>
<tag>eliminar</tag>
<tag>positivo</tag>
<status status="PASS" start="2025-07-21T23:10:51.662621" elapsed="55.333298"/>
</test>
<kw name="Teardown Test Environment" owner="config" type="TEARDOWN">
<kw name="Close All Browsers" owner="SeleniumLibrary">
<doc>Closes all open browsers and resets the browser cache.</doc>
<status status="PASS" start="2025-07-21T23:11:47.004690" elapsed="0.001637"/>
</kw>
<doc>Limpieza del entorno de pruebas</doc>
<status status="PASS" start="2025-07-21T23:11:47.004323" elapsed="0.002158"/>
</kw>
<doc>Suite de pruebas para la gestión de dominios en SISDEP
Incluye: agregar, actualizar y eliminar valores de dominios</doc>
<status status="PASS" start="2025-07-21T23:09:02.460195" elapsed="164.546354"/>
</suite>
<suite id="s1-s1-s2" name="Gestion Grupos Permisos" source="C:\Users\nikog\OneDrive\Alcaldia\PruebasFuncionales\sisdep\test_suites\features\administracion\gestion_grupos_permisos.robot">
<kw name="Setup Test Environment" owner="config" type="SETUP">
<kw name="Set Selenium Speed" owner="SeleniumLibrary">
<arg>${SELENIUM_SPEED}</arg>
<doc>Sets the delay that is waited after each Selenium command.</doc>
<status status="PASS" start="2025-07-21T23:11:47.070545" elapsed="0.000362"/>
</kw>
<kw name="Set Selenium Implicit Wait" owner="SeleniumLibrary">
<arg>${IMPLICIT_WAIT}</arg>
<doc>Sets the implicit wait value used by Selenium.</doc>
<status status="PASS" start="2025-07-21T23:11:47.071194" elapsed="0.000334"/>
</kw>
<kw name="Set Screenshot Directory" owner="SeleniumLibrary">
<arg>${SCREENSHOT_DIR}</arg>
<doc>Sets the directory for captured screenshots.</doc>
<status status="PASS" start="2025-07-21T23:11:47.071724" elapsed="0.000574"/>
</kw>
<kw name="Set Selenium Timeout" owner="SeleniumLibrary">
<arg>${EXPLICIT_WAIT}</arg>
<doc>Sets the timeout that is used by various keywords.</doc>
<status status="PASS" start="2025-07-21T23:11:47.072513" elapsed="0.000273"/>
</kw>
<kw name="Set Selenium Page Load Timeout" owner="SeleniumLibrary">
<arg>${PAGE_LOAD_TIMEOUT}</arg>
<doc>Sets the page load timeout value used by Selenium.</doc>
<status status="PASS" start="2025-07-21T23:11:47.072937" elapsed="0.000237"/>
</kw>
<doc>Configuración inicial del entorno de pruebas</doc>
<status status="PASS" start="2025-07-21T23:11:47.069929" elapsed="0.003341"/>
</kw>
<test id="s1-s1-s2-t1" name="Creacion De Nuevo Grupo Con Permisos Especificos" line="10">
<kw name="Abrir Navegador" owner="common_keywords" type="SETUP">
<kw name="Evaluate" owner="BuiltIn">
<msg time="2025-07-21T23:11:47.074903" level="INFO">${chrome_options} = &lt;selenium.webdriver.chrome.options.Options object at 0x000001A48381CE90&gt;</msg>
<var>${chrome_options}</var>
<arg>sys.modules['selenium.webdriver'].ChromeOptions()</arg>
<arg>sys, selenium.webdriver</arg>
<doc>Evaluates the given expression in Python and returns the result.</doc>
<status status="PASS" start="2025-07-21T23:11:47.074627" elapsed="0.000306"/>
</kw>
<kw name="Call Method" owner="BuiltIn">
<arg>${chrome_options}</arg>
<arg>add_argument</arg>
<arg>--ignore-ssl-errors</arg>
<doc>Calls the named method of the given object with the provided arguments.</doc>
<status status="PASS" start="2025-07-21T23:11:47.075036" elapsed="0.000107"/>
</kw>
<kw name="Call Method" owner="BuiltIn">
<arg>${chrome_options}</arg>
<arg>add_argument</arg>
<arg>--ignore-certificate-errors</arg>
<doc>Calls the named method of the given object with the provided arguments.</doc>
<status status="PASS" start="2025-07-21T23:11:47.075222" elapsed="0.000087"/>
</kw>
<kw name="Call Method" owner="BuiltIn">
<arg>${chrome_options}</arg>
<arg>add_argument</arg>
<arg>--allow-running-insecure-content</arg>
<doc>Calls the named method of the given object with the provided arguments.</doc>
<status status="PASS" start="2025-07-21T23:11:47.075383" elapsed="0.000083"/>
</kw>
<kw name="Call Method" owner="BuiltIn">
<arg>${chrome_options}</arg>
<arg>add_argument</arg>
<arg>--no-sandbox</arg>
<doc>Calls the named method of the given object with the provided arguments.</doc>
<status status="PASS" start="2025-07-21T23:11:47.075560" elapsed="0.000084"/>
</kw>
<kw name="Call Method" owner="BuiltIn">
<arg>${chrome_options}</arg>
<arg>add_argument</arg>
<arg>--disable-dev-shm-usage</arg>
<doc>Calls the named method of the given object with the provided arguments.</doc>
<status status="PASS" start="2025-07-21T23:11:47.075819" elapsed="0.000187"/>
</kw>
<kw name="Call Method" owner="BuiltIn">
<arg>${chrome_options}</arg>
<arg>add_argument</arg>
<arg>--disable-gpu</arg>
<doc>Calls the named method of the given object with the provided arguments.</doc>
<status status="PASS" start="2025-07-21T23:11:47.076254" elapsed="0.000249"/>
</kw>
<kw name="Call Method" owner="BuiltIn">
<arg>${chrome_options}</arg>
<arg>add_argument</arg>
<arg>--disable-extensions</arg>
<doc>Calls the named method of the given object with the provided arguments.</doc>
<status status="PASS" start="2025-07-21T23:11:47.076754" elapsed="0.000297"/>
</kw>
<kw name="Call Method" owner="BuiltIn">
<arg>${chrome_options}</arg>
<arg>add_argument</arg>
<arg>--disable-plugins</arg>
<doc>Calls the named method of the given object with the provided arguments.</doc>
<status status="PASS" start="2025-07-21T23:11:47.077300" elapsed="0.000261"/>
</kw>
<kw name="Open Browser" owner="SeleniumLibrary">
<msg time="2025-07-21T23:11:47.078538" level="INFO">Opening browser 'Chrome' to base url 'https://www.medellin.gov.co/sisdep'.</msg>
<arg>${url}</arg>
<arg>${BROWSER}</arg>
<arg>options=${chrome_options}</arg>
<doc>Opens a new browser instance to the optional ``url``.</doc>
<status status="PASS" start="2025-07-21T23:11:47.077957" elapsed="2.876786"/>
</kw>
<kw name="Maximize Browser Window" owner="SeleniumLibrary">
<doc>Maximizes current browser window.</doc>
<status status="PASS" start="2025-07-21T23:11:49.955020" elapsed="0.339780"/>
</kw>
<kw name="Setup Test Environment" owner="config">
<kw name="Set Selenium Speed" owner="SeleniumLibrary">
<arg>${SELENIUM_SPEED}</arg>
<doc>Sets the delay that is waited after each Selenium command.</doc>
<status status="PASS" start="2025-07-21T23:11:50.295563" elapsed="0.000235"/>
</kw>
<kw name="Set Selenium Implicit Wait" owner="SeleniumLibrary">
<arg>${IMPLICIT_WAIT}</arg>
<doc>Sets the implicit wait value used by Selenium.</doc>
<status status="PASS" start="2025-07-21T23:11:50.295934" elapsed="0.302595"/>
</kw>
<kw name="Set Screenshot Directory" owner="SeleniumLibrary">
<arg>${SCREENSHOT_DIR}</arg>
<doc>Sets the directory for captured screenshots.</doc>
<status status="PASS" start="2025-07-21T23:11:50.598771" elapsed="0.000547"/>
</kw>
<kw name="Set Selenium Timeout" owner="SeleniumLibrary">
<arg>${EXPLICIT_WAIT}</arg>
<doc>Sets the timeout that is used by various keywords.</doc>
<status status="PASS" start="2025-07-21T23:11:50.599505" elapsed="0.302363"/>
</kw>
<kw name="Set Selenium Page Load Timeout" owner="SeleniumLibrary">
<arg>${PAGE_LOAD_TIMEOUT}</arg>
<doc>Sets the page load timeout value used by Selenium.</doc>
<status status="PASS" start="2025-07-21T23:11:50.902207" elapsed="0.302747"/>
</kw>
<doc>Configuración inicial del entorno de pruebas</doc>
<status status="PASS" start="2025-07-21T23:11:50.295089" elapsed="0.910017"/>
</kw>
<arg>${SISDEP_URL}</arg>
<doc>Abre el navegador y maximiza la ventana</doc>
[...]
<status status="PASS" start="2025-07-21T23:33:30.280314" elapsed="0.313671"/>
</kw>
<arg>${URL_VERIFICATION_PATH}</arg>
<doc>Verifica que la URL actual contenga un texto específico</doc>
<status status="PASS" start="2025-07-21T23:33:30.277770" elapsed="0.316488"/>
</kw>
<doc>Verifica que el logout fue exitoso</doc>
<status status="PASS" start="2025-07-21T23:33:29.636885" elapsed="0.957513"/>
</kw>
<kw name="Verificar Elementos De Login SISDEP Presentes" owner="sisdep_login_page">
<kw name="Verificar Elemento Presente" owner="common_keywords">
<kw name="Wait Until Element Is Visible" owner="SeleniumLibrary">
<arg>${locator}</arg>
<arg>${timeout}</arg>
<doc>Waits until the element ``locator`` is visible.</doc>
<status status="PASS" start="2025-07-21T23:33:30.596870" elapsed="0.624766"/>
</kw>
<arg>${SISDEP_LOGIN_PAGE_TITLE}</arg>
<doc>Verifica que un elemento esté presente en la página</doc>
<status status="PASS" start="2025-07-21T23:33:30.595889" elapsed="0.626028"/>
</kw>
<kw name="Verificar Elemento Presente" owner="common_keywords">
<kw name="Wait Until Element Is Visible" owner="SeleniumLibrary">
<arg>${locator}</arg>
<arg>${timeout}</arg>
<doc>Waits until the element ``locator`` is visible.</doc>
<status status="PASS" start="2025-07-21T23:33:31.223275" elapsed="0.634471"/>
</kw>
<arg>${SISDEP_USERNAME_FIELD}</arg>
<doc>Verifica que un elemento esté presente en la página</doc>
<status status="PASS" start="2025-07-21T23:33:31.222350" elapsed="0.635692"/>
</kw>
<kw name="Verificar Elemento Presente" owner="common_keywords">
<kw name="Wait Until Element Is Visible" owner="SeleniumLibrary">
<arg>${locator}</arg>
<arg>${timeout}</arg>
<doc>Waits until the element ``locator`` is visible.</doc>
<status status="PASS" start="2025-07-21T23:33:31.859255" elapsed="0.636537"/>
</kw>
<arg>${SISDEP_PASSWORD_FIELD}</arg>
<doc>Verifica que un elemento esté presente en la página</doc>
<status status="PASS" start="2025-07-21T23:33:31.858465" elapsed="0.637478"/>
</kw>
<kw name="Verificar Elemento Presente" owner="common_keywords">
<kw name="Wait Until Element Is Visible" owner="SeleniumLibrary">
<arg>${locator}</arg>
<arg>${timeout}</arg>
<doc>Waits until the element ``locator`` is visible.</doc>
<status status="PASS" start="2025-07-21T23:33:32.496623" elapsed="0.628298"/>
</kw>
<arg>${SISDEP_LOGIN_BUTTON}</arg>
<doc>Verifica que un elemento esté presente en la página</doc>
<status status="PASS" start="2025-07-21T23:33:32.496177" elapsed="0.629053"/>
</kw>
<doc>Verifica que todos los elementos de la página de login de SISDEP estén presentes</doc>
<status status="PASS" start="2025-07-21T23:33:30.595090" elapsed="2.530292"/>
</kw>
<kw name="Cerrar Navegador" owner="common_keywords" type="TEARDOWN">
<kw name="Close Browser" owner="SeleniumLibrary">
<doc>Closes the current browser.</doc>
<status status="PASS" start="2025-07-21T23:33:33.127724" elapsed="2.415430"/>
</kw>
<doc>Cierra el navegador actual</doc>
<status status="PASS" start="2025-07-21T23:33:33.126635" elapsed="2.416805"/>
</kw>
<doc>Test del flujo completo de login y logout</doc>
<tag>autenticacion</tag>
<tag>flujo_completo</tag>
<tag>funcional</tag>
<status status="PASS" start="2025-07-21T23:33:09.715397" elapsed="25.828800"/>
</test>
<test id="s1-s4-t4" name="Regression Test - Validacion De Campos" line="51">
<kw name="Abrir Navegador" owner="common_keywords" type="SETUP">
<kw name="Evaluate" owner="BuiltIn">
<msg time="2025-07-21T23:33:35.548956" level="INFO">${chrome_options} = &lt;selenium.webdriver.chrome.options.Options object at 0x000001A4838D1B20&gt;</msg>
<var>${chrome_options}</var>
<arg>sys.modules['selenium.webdriver'].ChromeOptions()</arg>
<arg>sys, selenium.webdriver</arg>
<doc>Evaluates the given expression in Python and returns the result.</doc>
<status status="PASS" start="2025-07-21T23:33:35.548267" elapsed="0.000779"/>
</kw>
<kw name="Call Method" owner="BuiltIn">
<arg>${chrome_options}</arg>
<arg>add_argument</arg>
<arg>--ignore-ssl-errors</arg>
<doc>Calls the named method of the given object with the provided arguments.</doc>
<status status="PASS" start="2025-07-21T23:33:35.549408" elapsed="0.000362"/>
</kw>
<kw name="Call Method" owner="BuiltIn">
<arg>${chrome_options}</arg>
<arg>add_argument</arg>
<arg>--ignore-certificate-errors</arg>
<doc>Calls the named method of the given object with the provided arguments.</doc>
<status status="PASS" start="2025-07-21T23:33:35.550069" elapsed="0.000367"/>
</kw>
<kw name="Call Method" owner="BuiltIn">
<arg>${chrome_options}</arg>
<arg>add_argument</arg>
<arg>--allow-running-insecure-content</arg>
<doc>Calls the named method of the given object with the provided arguments.</doc>
<status status="PASS" start="2025-07-21T23:33:35.550731" elapsed="0.000325"/>
</kw>
<kw name="Call Method" owner="BuiltIn">
<arg>${chrome_options}</arg>
<arg>add_argument</arg>
<arg>--no-sandbox</arg>
<doc>Calls the named method of the given object with the provided arguments.</doc>
<status status="PASS" start="2025-07-21T23:33:35.551343" elapsed="0.000330"/>
</kw>
<kw name="Call Method" owner="BuiltIn">
<arg>${chrome_options}</arg>
<arg>add_argument</arg>
<arg>--disable-dev-shm-usage</arg>
<doc>Calls the named method of the given object with the provided arguments.</doc>
<status status="PASS" start="2025-07-21T23:33:35.552145" elapsed="0.000405"/>
</kw>
<kw name="Call Method" owner="BuiltIn">
<arg>${chrome_options}</arg>
<arg>add_argument</arg>
<arg>--disable-gpu</arg>
<doc>Calls the named method of the given object with the provided arguments.</doc>
<status status="PASS" start="2025-07-21T23:33:35.552886" elapsed="0.000321"/>
</kw>
<kw name="Call Method" owner="BuiltIn">
<arg>${chrome_options}</arg>
<arg>add_argument</arg>
<arg>--disable-extensions</arg>
<doc>Calls the named method of the given object with the provided arguments.</doc>
<status status="PASS" start="2025-07-21T23:33:35.553484" elapsed="0.000322"/>
</kw>
<kw name="Call Method" owner="BuiltIn">
<arg>${chrome_options}</arg>
<arg>add_argument</arg>
<arg>--disable-plugins</arg>
<doc>Calls the named method of the given object with the provided arguments.</doc>
<status status="PASS" start="2025-07-21T23:33:35.554077" elapsed="0.000300"/>
</kw>
<kw name="Open Browser" owner="SeleniumLibrary">
<msg time="2025-07-21T23:33:35.555402" level="INFO">Opening browser 'Chrome' to base url 'https://www.medellin.gov.co/sisdep'.</msg>
<arg>${url}</arg>
<arg>${BROWSER}</arg>
<arg>options=${chrome_options}</arg>
<doc>Opens a new browser instance to the optional ``url``.</doc>
<status status="PASS" start="2025-07-21T23:33:35.554801" elapsed="2.628052"/>
</kw>
<kw name="Maximize Browser Window" owner="SeleniumLibrary">
<doc>Maximizes current browser window.</doc>
<status status="PASS" start="2025-07-21T23:33:38.183256" elapsed="0.333248"/>
</kw>
<kw name="Setup Test Environment" owner="config">
<kw name="Set Selenium Speed" owner="SeleniumLibrary">
<arg>${SELENIUM_SPEED}</arg>
<doc>Sets the delay that is waited after each Selenium command.</doc>
<status status="PASS" start="2025-07-21T23:33:38.517445" elapsed="0.000487"/>
</kw>
<kw name="Set Selenium Implicit Wait" owner="SeleniumLibrary">
<arg>${IMPLICIT_WAIT}</arg>
<doc>Sets the implicit wait value used by Selenium.</doc>
<status status="PASS" start="2025-07-21T23:33:38.518211" elapsed="0.304148"/>
</kw>
<kw name="Set Screenshot Directory" owner="SeleniumLibrary">
<arg>${SCREENSHOT_DIR}</arg>
<doc>Sets the directory for captured screenshots.</doc>
<status status="PASS" start="2025-07-21T23:33:38.822756" elapsed="0.001103"/>
</kw>
<kw name="Set Selenium Timeout" owner="SeleniumLibrary">
<arg>${EXPLICIT_WAIT}</arg>
<doc>Sets the timeout that is used by various keywords.</doc>
<status status="PASS" start="2025-07-21T23:33:38.824200" elapsed="0.303641"/>
</kw>
<kw name="Set Selenium Page Load Timeout" owner="SeleniumLibrary">
<arg>${PAGE_LOAD_TIMEOUT}</arg>
<doc>Sets the page load timeout value used by Selenium.</doc>
<status status="PASS" start="2025-07-21T23:33:39.128285" elapsed="0.303421"/>
</kw>
<doc>Configuración inicial del entorno de pruebas</doc>
<status status="PASS" start="2025-07-21T23:33:38.516858" elapsed="0.915243"/>
</kw>
<arg>${SISDEP_URL}</arg>
<doc>Abre el navegador y maximiza la ventana</doc>
<status status="PASS" start="2025-07-21T23:33:35.547366" elapsed="3.884969"/>
</kw>
<kw name="Navegar A SISDEP" owner="sisdep_login_page">
<kw name="Go To" owner="SeleniumLibrary">
<msg time="2025-07-21T23:33:39.434857" level="INFO">Opening url 'https://www.medellin.gov.co/sisdep'</msg>
<arg>${SISDEP_URL}</arg>
<doc>Navigates the current browser window to the provided ``url``.</doc>
<status status="PASS" start="2025-07-21T23:33:39.434301" elapsed="0.468322"/>
</kw>
<kw name="Verificar Elemento Presente" owner="common_keywords">
<kw name="Wait Until Element Is Visible" owner="SeleniumLibrary">
<arg>${locator}</arg>
<arg>${timeout}</arg>
<doc>Waits until the element ``locator`` is visible.</doc>
<status status="PASS" start="2025-07-21T23:33:39.904434" elapsed="0.649647"/>
</kw>
<arg>${SISDEP_LOGIN_PAGE_TITLE}</arg>
<doc>Verifica que un elemento esté presente en la página</doc>
<status status="PASS" start="2025-07-21T23:33:39.903312" elapsed="0.651026"/>
</kw>
<doc>Navega a la página principal de SISDEP</doc>
<status status="PASS" start="2025-07-21T23:33:39.433493" elapsed="1.120989"/>
</kw>
<kw name="Verificar Elementos De Login SISDEP Presentes" owner="sisdep_login_page">
<kw name="Verificar Elemento Presente" owner="common_keywords">
<kw name="Wait Until Element Is Visible" owner="SeleniumLibrary">
<arg>${locator}</arg>
<arg>${timeout}</arg>
<doc>Waits until the element ``locator`` is visible.</doc>
<status status="PASS" start="2025-07-21T23:33:40.557157" elapsed="0.629401"/>
</kw>
<arg>${SISDEP_LOGIN_PAGE_TITLE}</arg>
<doc>Verifica que un elemento esté presente en la página</doc>
<status status="PASS" start="2025-07-21T23:33:40.556335" elapsed="0.630527"/>
</kw>
<kw name="Verificar Elemento Presente" owner="common_keywords">
<kw name="Wait Until Element Is Visible" owner="SeleniumLibrary">
<arg>${locator}</arg>
<arg>${timeout}</arg>
<doc>Waits until the element ``locator`` is visible.</doc>
<status status="PASS" start="2025-07-21T23:33:41.188133" elapsed="0.632982"/>
</kw>
<arg>${SISDEP_USERNAME_FIELD}</arg>
<doc>Verifica que un elemento esté presente en la página</doc>
<status status="PASS" start="2025-07-21T23:33:41.187315" elapsed="0.634035"/>
</kw>
<kw name="Verificar Elemento Presente" owner="common_keywords">
<kw name="Wait Until Element Is Visible" owner="SeleniumLibrary">
<arg>${locator}</arg>
<arg>${timeout}</arg>
<doc>Waits until the element ``locator`` is visible.</doc>
<status status="PASS" start="2025-07-21T23:33:41.821924" elapsed="0.629885"/>
</kw>
<arg>${SISDEP_PASSWORD_FIELD}</arg>
<doc>Verifica que un elemento esté presente en la página</doc>
<status status="PASS" start="2025-07-21T23:33:41.821537" elapsed="0.630688"/>
</kw>
<kw name="Verificar Elemento Presente" owner="common_keywords">
<kw name="Wait Until Element Is Visible" owner="SeleniumLibrary">
<arg>${locator}</arg>
<arg>${timeout}</arg>
<doc>Waits until the element ``locator`` is visible.</doc>
<status status="PASS" start="2025-07-21T23:33:42.453653" elapsed="0.638363"/>
</kw>
<arg>${SISDEP_LOGIN_BUTTON}</arg>
<doc>Verifica que un elemento esté presente en la página</doc>
<status status="PASS" start="2025-07-21T23:33:42.452691" elapsed="0.639592"/>
</kw>
<doc>Verifica que todos los elementos de la página de login de SISDEP estén presentes</doc>
<status status="PASS" start="2025-07-21T23:33:40.555615" elapsed="2.536824"/>
</kw>
<kw name="Limpiar Campos De Login SISDEP" owner="sisdep_login_page">
<kw name="Limpiar Campo" owner="common_keywords">
<kw name="Clear Element Text" owner="SeleniumLibrary">
<arg>${locator}</arg>
<doc>Clears the value of the text-input-element identified by ``locator``.</doc>
<status status="PASS" start="2025-07-21T23:33:43.095765" elapsed="0.645124"/>
</kw>
<arg>${SISDEP_USERNAME_FIELD}</arg>
<doc>Limpia el contenido de un campo de texto</doc>
<status status="PASS" start="2025-07-21T23:33:43.095077" elapsed="0.646119"/>
</kw>
<kw name="Limpiar Campo" owner="common_keywords">
<kw name="Clear Element Text" owner="SeleniumLibrary">
<arg>${locator}</arg>
<doc>Clears the value of the text-input-element identified by ``locator``.</doc>
<status status="PASS" start="2025-07-21T23:33:43.742443" elapsed="0.675372"/>
</kw>
<arg>${SISDEP_PASSWORD_FIELD}</arg>
<doc>Limpia el contenido de un campo de texto</doc>
<status status="PASS" start="2025-07-21T23:33:43.741594" elapsed="0.676401"/>
</kw>
<doc>Limpia los campos de usuario y contraseña en SISDEP</doc>
<status status="PASS" start="2025-07-21T23:33:43.094090" elapsed="1.323987"/>
</kw>
<kw name="Tomar Screenshot" owner="common_keywords">
<kw name="Get Time" owner="BuiltIn">
<msg time="2025-07-21T23:33:44.421744" level="INFO">${timestamp} = 1753158824</msg>
<var>${timestamp}</var>
<arg>epoch</arg>
<doc>Returns the given time in the requested format.</doc>
<status status="PASS" start="2025-07-21T23:33:44.419491" elapsed="0.002327"/>
</kw>
<kw name="Set Variable" owner="BuiltIn">
<msg time="2025-07-21T23:33:44.422512" level="INFO">${screenshot_name} = validacion_campos_vacios_1753158824.png</msg>
<var>${screenshot_name}</var>
<arg>${nombre}_${timestamp}.png</arg>
<doc>Returns the given values which can then be assigned to a variables.</doc>
<status status="PASS" start="2025-07-21T23:33:44.422167" elapsed="0.000390"/>
</kw>
<kw name="Capture Page Screenshot" owner="SeleniumLibrary">
<msg time="2025-07-21T23:33:45.114296" level="INFO" html="true">&lt;/td&gt;&lt;/tr&gt;&lt;tr&gt;&lt;td colspan="3"&gt;&lt;a href="screenshots/validacion_campos_vacios_1753158824.png"&gt;&lt;img src="screenshots/validacion_campos_vacios_1753158824.png" width="800px"&gt;&lt;/a&gt;</msg>
<arg>${screenshot_name}</arg>
<doc>Takes a screenshot of the current page and embeds it into a log file.</doc>
<status status="PASS" start="2025-07-21T23:33:44.422786" elapsed="0.691863"/>
</kw>
<kw name="Log" owner="BuiltIn">
<msg time="2025-07-21T23:33:45.116478" level="INFO">Screenshot guardado como: validacion_campos_vacios_1753158824.png</msg>
<arg>Screenshot guardado como: ${screenshot_name}</arg>
<doc>Logs the given message with the given level.</doc>
<status status="PASS" start="2025-07-21T23:33:45.115296" elapsed="0.001430"/>
</kw>
<arg>validacion_campos_vacios</arg>
<doc>Toma una captura de pantalla con nombre personalizado</doc>
<status status="PASS" start="2025-07-21T23:33:44.418635" elapsed="0.698298"/>
</kw>
<kw name="Cerrar Navegador" owner="common_keywords" type="TEARDOWN">
<kw name="Close Browser" owner="SeleniumLibrary">
<doc>Closes the current browser.</doc>
<status status="PASS" start="2025-07-21T23:33:45.118787" elapsed="2.456315"/>
</kw>
<doc>Cierra el navegador actual</doc>
<status status="PASS" start="2025-07-21T23:33:45.118059" elapsed="2.457285"/>
</kw>
<doc>Test de validación de campos de login</doc>
<tag>autenticacion</tag>
<tag>regression</tag>
<tag>validacion</tag>
<status status="PASS" start="2025-07-21T23:33:35.545730" elapsed="12.030059"/>
</test>
<kw name="Teardown Test Environment" owner="config" type="TEARDOWN">
<kw name="Close All Browsers" owner="SeleniumLibrary">
<doc>Closes all open browsers and resets the browser cache.</doc>
<status status="PASS" start="2025-07-21T23:33:47.578578" elapsed="0.000350"/>
</kw>
<doc>Limpieza del entorno de pruebas</doc>
<status status="PASS" start="2025-07-21T23:33:47.577803" elapsed="0.001370"/>
</kw>
<doc>Suite completa de pruebas para la Feature: Autenticación de Usuario</doc>
<status status="PASS" start="2025-07-21T23:32:39.783893" elapsed="67.795416"/>
</suite>
<status status="PASS" start="2025-07-21T23:09:02.411366" elapsed="1485.170739"/>
</suite>
<statistics>
<total>
<stat pass="35" fail="0" skip="0">All Tests</stat>
</total>
<tag>
<stat pass="4" fail="0" skip="0">actualizar</stat>
<stat pass="6" fail="0" skip="0">administracion</stat>
<stat pass="1" fail="0" skip="0">agregar</stat>
<stat pass="1" fail="0" skip="0">asignar</stat>
<stat pass="4" fail="0" skip="0">autenticacion</stat>
<stat pass="5" fail="0" skip="0">autorizaciones</stat>
<stat pass="3" fail="0" skip="0">crear</stat>
<stat pass="3" fail="0" skip="0">dominios</stat>
<stat pass="4" fail="0" skip="0">eliminar</stat>
<stat pass="2" fail="0" skip="0">excel</stat>
<stat pass="1" fail="0" skip="0">flujo_completo</stat>
<stat pass="7" fail="0" skip="0">funcional</stat>
<stat pass="3" fail="0" skip="0">grupos</stat>
<stat pass="2" fail="0" skip="0">login</stat>
<stat pass="3" fail="0" skip="0">modulos</stat>
<stat pass="1" fail="0" skip="0">negativo</stat>
<stat pass="3" fail="0" skip="0">permisos</stat>
<stat pass="18" fail="0" skip="0">positivo</stat>
<stat pass="1" fail="0" skip="0">regression</stat>
<stat pass="2" fail="0" skip="0">reporte</stat>
<stat pass="1" fail="0" skip="0">resolucion</stat>
<stat pass="2" fail="0" skip="0">smoke</stat>
<stat pass="3" fail="0" skip="0">usuarios</stat>
<stat pass="1" fail="0" skip="0">validacion</stat>
<stat pass="3" fail="0" skip="0">venteros</stat>
<stat pass="1" fail="0" skip="0">visita</stat>
<stat pass="3" fail="0" skip="0">visitas</stat>
</tag>
<suite>
<stat name="Administracion &amp; Regulaciones &amp; Social &amp; Autenticacion Suite" id="s1" pass="35" fail="0" skip="0">Administracion &amp; Regulaciones &amp; Social &amp; Autenticacion Suite</stat>
<stat name="Administracion" id="s1-s1" pass="9" fail="0" skip="0">Administracion &amp; Regulaciones &amp; Social &amp; Autenticacion Suite.Administracion</stat>
<stat name="Gestion Dominios" id="s1-s1-s1" pass="3" fail="0" skip="0">Administracion &amp; Regulaciones &amp; Social &amp; Autenticacion Suite.Administracion.Gestion Dominios</stat>
<stat name="Gestion Grupos Permisos" id="s1-s1-s2" pass="3" fail="0" skip="0">Administracion &amp; Regulaciones &amp; Social &amp; Autenticacion Suite.Administracion.Gestion Grupos Permisos</stat>
<stat name="Gestion Usuarios" id="s1-s1-s3" pass="3" fail="0" skip="0">Administracion &amp; Regulaciones &amp; Social &amp; Autenticacion Suite.Administracion.Gestion Usuarios</stat>
<stat name="Regulaciones" id="s1-s2" pass="11" fail="0" skip="0">Administracion &amp; Regulaciones &amp; Social &amp; Autenticacion Suite.Regulaciones</stat>
<stat name="Asignacion Visitas" id="s1-s2-s1" pass="3" fail="0" skip="0">Administracion &amp; Regulaciones &amp; Social &amp; Autenticacion Suite.Regulaciones.Asignacion Visitas</stat>
<stat name="Gestion Autorizaciones" id="s1-s2-s2" pass="5" fail="0" skip="0">Administracion &amp; Regulaciones &amp; Social &amp; Autenticacion Suite.Regulaciones.Gestion Autorizaciones</stat>
<stat name="Gestion Modulos" id="s1-s2-s3" pass="3" fail="0" skip="0">Administracion &amp; Regulaciones &amp; Social &amp; Autenticacion Suite.Regulaciones.Gestion Modulos</stat>
<stat name="Social" id="s1-s3" pass="11" fail="0" skip="0">Administracion &amp; Regulaciones &amp; Social &amp; Autenticacion Suite.Social</stat>
<stat name="Estudio Socioeconomico" id="s1-s3-s1" pass="3" fail="0" skip="0">Administracion &amp; Regulaciones &amp; Social &amp; Autenticacion Suite.Social.Estudio Socioeconomico</stat>
<stat name="Gestion Ofertas Institucionales" id="s1-s3-s2" pass="3" fail="0" skip="0">Administracion &amp; Regulaciones &amp; Social &amp; Autenticacion Suite.Social.Gestion Ofertas Institucionales</stat>
<stat name="Gestion Vehiculos" id="s1-s3-s3" pass="2" fail="0" skip="0">Administracion &amp; Regulaciones &amp; Social &amp; Autenticacion Suite.Social.Gestion Vehiculos</stat>
<stat name="Gestion Venteros" id="s1-s3-s4" pass="3" fail="0" skip="0">Administracion &amp; Regulaciones &amp; Social &amp; Autenticacion Suite.Social.Gestion Venteros</stat>
<stat name="Autenticacion Suite" id="s1-s4" pass="4" fail="0" skip="0">Administracion &amp; Regulaciones &amp; Social &amp; Autenticacion Suite.Autenticacion Suite</stat>
</suite>
</statistics>
<errors>
</errors>
</robot>
