<?xml version="1.0" encoding="UTF-8"?>
<robot generator="Robot 7.3.2 (Python 3.13.5 on win32)" generated="2025-07-25T00:49:05.515424" rpa="false" schemaversion="5">
<suite id="s1" name="Autenticacion Suite &amp; Administracion &amp; Regulaciones &amp; Social">
<suite id="s1-s1" name="Autenticacion Suite" source="C:\Users\nikog\OneDrive\Alcaldia\PruebasFuncionales\sisdep\test_suites\features\autenticacion\autenticacion_suite.robot">
<kw name="Setup Test Environment" owner="config" type="SETUP">
<kw name="Set Selenium Speed" owner="SeleniumLibrary">
<arg>${SELENIUM_SPEED}</arg>
<doc>Sets the delay that is waited after each Selenium command.</doc>
<status status="PASS" start="2025-07-25T00:49:06.208367" elapsed="0.000790"/>
</kw>
<kw name="Set Selenium Implicit Wait" owner="SeleniumLibrary">
<arg>${IMPLICIT_WAIT}</arg>
<doc>Sets the implicit wait value used by Selenium.</doc>
<status status="PASS" start="2025-07-25T00:49:06.209525" elapsed="0.000770"/>
</kw>
<kw name="Set Screenshot Directory" owner="SeleniumLibrary">
<arg>${SCREENSHOT_DIR}</arg>
<doc>Sets the directory for captured screenshots.</doc>
<status status="PASS" start="2025-07-25T00:49:06.210502" elapsed="0.000463"/>
</kw>
<kw name="Set Selenium Timeout" owner="SeleniumLibrary">
<arg>${EXPLICIT_WAIT}</arg>
<doc>Sets the timeout that is used by various keywords.</doc>
<status status="PASS" start="2025-07-25T00:49:06.211114" elapsed="0.000213"/>
</kw>
<kw name="Set Selenium Page Load Timeout" owner="SeleniumLibrary">
<arg>${PAGE_LOAD_TIMEOUT}</arg>
<doc>Sets the page load timeout value used by Selenium.</doc>
<status status="PASS" start="2025-07-25T00:49:06.211468" elapsed="0.000206"/>
</kw>
<doc>Configuración inicial del entorno de pruebas</doc>
<status status="PASS" start="2025-07-25T00:49:06.206766" elapsed="0.004995"/>
</kw>
<test id="s1-s1-t1" name="Smoke Test - Login Exitoso" line="11">
<kw name="Abrir Navegador" owner="common_keywords" type="SETUP">
<kw name="Evaluate" owner="BuiltIn">
<msg time="2025-07-25T00:49:06.213805" level="INFO">${chrome_options} = &lt;selenium.webdriver.chrome.options.Options object at 0x000001A49D5346E0&gt;</msg>
<var>${chrome_options}</var>
<arg>sys.modules['selenium.webdriver'].ChromeOptions()</arg>
<arg>sys, selenium.webdriver</arg>
<doc>Evaluates the given expression in Python and returns the result.</doc>
<status status="PASS" start="2025-07-25T00:49:06.213428" elapsed="0.000449"/>
</kw>
<kw name="Call Method" owner="BuiltIn">
<arg>${chrome_options}</arg>
<arg>add_argument</arg>
<arg>--ignore-ssl-errors</arg>
<doc>Calls the named method of the given object with the provided arguments.</doc>
<status status="PASS" start="2025-07-25T00:49:06.214064" elapsed="0.000195"/>
</kw>
<kw name="Call Method" owner="BuiltIn">
<arg>${chrome_options}</arg>
<arg>add_argument</arg>
<arg>--ignore-certificate-errors</arg>
<doc>Calls the named method of the given object with the provided arguments.</doc>
<status status="PASS" start="2025-07-25T00:49:06.214424" elapsed="0.000178"/>
</kw>
<kw name="Call Method" owner="BuiltIn">
<arg>${chrome_options}</arg>
<arg>add_argument</arg>
<arg>--allow-running-insecure-content</arg>
<doc>Calls the named method of the given object with the provided arguments.</doc>
<status status="PASS" start="2025-07-25T00:49:06.214752" elapsed="0.000162"/>
</kw>
<kw name="Call Method" owner="BuiltIn">
<arg>${chrome_options}</arg>
<arg>add_argument</arg>
<arg>--no-sandbox</arg>
<doc>Calls the named method of the given object with the provided arguments.</doc>
<status status="PASS" start="2025-07-25T00:49:06.215068" elapsed="0.000152"/>
</kw>
<kw name="Call Method" owner="BuiltIn">
<arg>${chrome_options}</arg>
<arg>add_argument</arg>
<arg>--disable-dev-shm-usage</arg>
<doc>Calls the named method of the given object with the provided arguments.</doc>
<status status="PASS" start="2025-07-25T00:49:06.215353" elapsed="0.000148"/>
</kw>
<kw name="Call Method" owner="BuiltIn">
<arg>${chrome_options}</arg>
<arg>add_argument</arg>
<arg>--disable-gpu</arg>
<doc>Calls the named method of the given object with the provided arguments.</doc>
<status status="PASS" start="2025-07-25T00:49:06.215642" elapsed="0.000145"/>
</kw>
<kw name="Call Method" owner="BuiltIn">
<arg>${chrome_options}</arg>
<arg>add_argument</arg>
<arg>--disable-extensions</arg>
<doc>Calls the named method of the given object with the provided arguments.</doc>
<status status="PASS" start="2025-07-25T00:49:06.215917" elapsed="0.000211"/>
</kw>
<kw name="Call Method" owner="BuiltIn">
<arg>${chrome_options}</arg>
<arg>add_argument</arg>
<arg>--disable-plugins</arg>
<doc>Calls the named method of the given object with the provided arguments.</doc>
<status status="PASS" start="2025-07-25T00:49:06.216288" elapsed="0.000163"/>
</kw>
<kw name="Open Browser" owner="SeleniumLibrary">
<msg time="2025-07-25T00:49:06.216997" level="INFO">Opening browser 'Chrome' to base url 'https://www.medellin.gov.co/sisdep'.</msg>
<arg>${url}</arg>
<arg>${BROWSER}</arg>
<arg>options=${chrome_options}</arg>
<doc>Opens a new browser instance to the optional ``url``.</doc>
<status status="PASS" start="2025-07-25T00:49:06.216626" elapsed="3.459089"/>
</kw>
<kw name="Maximize Browser Window" owner="SeleniumLibrary">
<doc>Maximizes current browser window.</doc>
<status status="PASS" start="2025-07-25T00:49:09.676113" elapsed="0.364446"/>
</kw>
<kw name="Setup Test Environment" owner="config">
<kw name="Set Selenium Speed" owner="SeleniumLibrary">
<arg>${SELENIUM_SPEED}</arg>
<doc>Sets the delay that is waited after each Selenium command.</doc>
<status status="PASS" start="2025-07-25T00:49:10.041506" elapsed="0.000321"/>
</kw>
<kw name="Set Selenium Implicit Wait" owner="SeleniumLibrary">
<arg>${IMPLICIT_WAIT}</arg>
<doc>Sets the implicit wait value used by Selenium.</doc>
<status status="PASS" start="2025-07-25T00:49:10.041981" elapsed="0.302681"/>
</kw>
<kw name="Set Screenshot Directory" owner="SeleniumLibrary">
<arg>${SCREENSHOT_DIR}</arg>
<doc>Sets the directory for captured screenshots.</doc>
<status status="PASS" start="2025-07-25T00:49:10.345396" elapsed="0.001238"/>
</kw>
<kw name="Set Selenium Timeout" owner="SeleniumLibrary">
<arg>${EXPLICIT_WAIT}</arg>
<doc>Sets the timeout that is used by various keywords.</doc>
<status status="PASS" start="2025-07-25T00:49:10.347022" elapsed="0.303136"/>
</kw>
<kw name="Set Selenium Page Load Timeout" owner="SeleniumLibrary">
<arg>${PAGE_LOAD_TIMEOUT}</arg>
<doc>Sets the page load timeout value used by Selenium.</doc>
<status status="PASS" start="2025-07-25T00:49:10.650765" elapsed="0.304147"/>
</kw>
<doc>Configuración inicial del entorno de pruebas</doc>
<status status="PASS" start="2025-07-25T00:49:10.041003" elapsed="0.914622"/>
</kw>
<arg>${SISDEP_URL}</arg>
<doc>Abre el navegador y maximiza la ventana</doc>
<status status="PASS" start="2025-07-25T00:49:06.212931" elapsed="4.743003"/>
</kw>
<kw name="Navegar A SISDEP" owner="sisdep_login_page">
<kw name="Go To" owner="SeleniumLibrary">
<msg time="2025-07-25T00:49:10.960056" level="INFO">Opening url 'https://www.medellin.gov.co/sisdep'</msg>
<arg>${SISDEP_URL}</arg>
<doc>Navigates the current browser window to the provided ``url``.</doc>
<status status="PASS" start="2025-07-25T00:49:10.959150" elapsed="0.637753"/>
</kw>
<kw name="Verificar Elemento Presente" owner="common_keywords">
<kw name="Wait Until Element Is Visible" owner="SeleniumLibrary">
<arg>${locator}</arg>
<arg>${timeout}</arg>
<doc>Waits until the element ``locator`` is visible.</doc>
<status status="PASS" start="2025-07-25T00:49:11.599755" elapsed="0.670668"/>
</kw>
<arg>${SISDEP_LOGIN_PAGE_TITLE}</arg>
<doc>Verifica que un elemento esté presente en la página</doc>
<status status="PASS" start="2025-07-25T00:49:11.597948" elapsed="0.672993"/>
</kw>
<doc>Navega a la página principal de SISDEP</doc>
<status status="PASS" start="2025-07-25T00:49:10.957575" elapsed="1.313688"/>
</kw>
<kw name="Realizar Login SISDEP" owner="sisdep_login_page">
<kw name="Ingresar Usuario SISDEP" owner="sisdep_login_page">
<kw name="Ingresar Texto" owner="common_keywords">
<kw name="Esperar Elemento Visible" owner="common_keywords">
<kw name="Wait Until Element Is Visible" owner="SeleniumLibrary">
<arg>${locator}</arg>
<arg>${timeout}</arg>
<doc>Waits until the element ``locator`` is visible.</doc>
<status status="PASS" start="2025-07-25T00:49:12.280581" elapsed="0.640293"/>
</kw>
<arg>${locator}</arg>
<arg>${timeout}</arg>
<doc>Espera a que un elemento sea visible</doc>
<status status="PASS" start="2025-07-25T00:49:12.278654" elapsed="0.642738"/>
</kw>
<kw name="Input Text" owner="SeleniumLibrary">
<msg time="2025-07-25T00:49:12.923079" level="INFO">Typing text 'admin' into text field 'id:usuario'.</msg>
<arg>${locator}</arg>
<arg>${texto}</arg>
<doc>Types the given ``text`` into the text field identified by ``locator``.</doc>
<status status="PASS" start="2025-07-25T00:49:12.922079" elapsed="1.124558"/>
</kw>
<arg>${SISDEP_USERNAME_FIELD}</arg>
<arg>${usuario}</arg>
<doc>Ingresa texto en un campo después de esperar que sea visible</doc>
<status status="PASS" start="2025-07-25T00:49:12.276956" elapsed="1.769928"/>
</kw>
<arg>${usuario}</arg>
<doc>Ingresa el nombre de usuario en SISDEP</doc>
<status status="PASS" start="2025-07-25T00:49:12.274963" elapsed="1.772146"/>
</kw>
<kw name="Ingresar Contraseña SISDEP" owner="sisdep_login_page">
<kw name="Ingresar Texto" owner="common_keywords">
<kw name="Esperar Elemento Visible" owner="common_keywords">
<kw name="Wait Until Element Is Visible" owner="SeleniumLibrary">
<arg>${locator}</arg>
<arg>${timeout}</arg>
<doc>Waits until the element ``locator`` is visible.</doc>
<status status="PASS" start="2025-07-25T00:49:14.051412" elapsed="0.630557"/>
</kw>
<arg>${locator}</arg>
<arg>${timeout}</arg>
<doc>Espera a que un elemento sea visible</doc>
<status status="PASS" start="2025-07-25T00:49:14.049881" elapsed="0.632413"/>
</kw>
<kw name="Input Text" owner="SeleniumLibrary">
<msg time="2025-07-25T00:49:14.683445" level="INFO">Typing text 'EspacioPublico2024?sisdep' into text field 'id:password'.</msg>
<arg>${locator}</arg>
<arg>${texto}</arg>
<doc>Types the given ``text`` into the text field identified by ``locator``.</doc>
<status status="PASS" start="2025-07-25T00:49:14.682730" elapsed="1.167182"/>
</kw>
<arg>${SISDEP_PASSWORD_FIELD}</arg>
<arg>${contraseña}</arg>
<doc>Ingresa texto en un campo después de esperar que sea visible</doc>
<status status="PASS" start="2025-07-25T00:49:14.048688" elapsed="1.802182"/>
</kw>
<arg>${contraseña}</arg>
<doc>Ingresa la contraseña en SISDEP</doc>
<status status="PASS" start="2025-07-25T00:49:14.047624" elapsed="1.803499"/>
</kw>
<kw name="Hacer Click En Login SISDEP" owner="sisdep_login_page">
<kw name="Hacer Click En Elemento" owner="common_keywords">
<kw name="Esperar Elemento Clickable" owner="common_keywords">
<kw name="Wait Until Element Is Enabled" owner="SeleniumLibrary">
<arg>${locator}</arg>
<arg>${timeout}</arg>
<doc>Waits until the element ``locator`` is enabled.</doc>
<status status="PASS" start="2025-07-25T00:49:15.855046" elapsed="0.964179"/>
</kw>
<arg>${locator}</arg>
<arg>${timeout}</arg>
<doc>Espera a que un elemento sea clickeable</doc>
<status status="PASS" start="2025-07-25T00:49:15.854026" elapsed="0.965635"/>
</kw>
<kw name="Click Element" owner="SeleniumLibrary">
<msg time="2025-07-25T00:49:16.821160" level="INFO">Clicking element 'xpath://button[.//span[text()='Iniciar sesión']]'.</msg>
<arg>${locator}</arg>
<doc>Click the element identified by ``locator``.</doc>
<status status="PASS" start="2025-07-25T00:49:16.820260" elapsed="1.145824"/>
</kw>
<arg>${SISDEP_LOGIN_BUTTON}</arg>
<doc>Hace click en un elemento después de esperar que sea clickeable</doc>
<status status="PASS" start="2025-07-25T00:49:15.852949" elapsed="2.113731"/>
</kw>
<doc>Hace click en el botón de login de SISDEP</doc>
<status status="PASS" start="2025-07-25T00:49:15.852058" elapsed="2.114881"/>
</kw>
<arg>${VALID_USERNAME}</arg>
<arg>${VALID_PASSWORD}</arg>
<doc>Realiza el proceso completo de login en SISDEP</doc>
<status status="PASS" start="2025-07-25T00:49:12.272612" elapsed="5.694564"/>
</kw>
<kw name="Verificar Login Exitoso SISDEP" owner="sisdep_login_page">
<kw name="Verificar Elemento Presente" owner="common_keywords">
<kw name="Wait Until Element Is Visible" owner="SeleniumLibrary">
<arg>${locator}</arg>
<arg>${timeout}</arg>
<doc>Waits until the element ``locator`` is visible.</doc>
<status status="PASS" start="2025-07-25T00:49:17.972532" elapsed="8.782331"/>
</kw>
<arg>${SISDEP_SUCCESS_MESSAGE}</arg>
<doc>Verifica que un elemento esté presente en la página</doc>
<status status="PASS" start="2025-07-25T00:49:17.970231" elapsed="8.785282"/>
</kw>
<doc>Verifica que el login en SISDEP fue exitoso</doc>
<status status="PASS" start="2025-07-25T00:49:17.968452" elapsed="8.787381"/>
</kw>
<kw name="Cerrar Navegador" owner="common_keywords" type="TEARDOWN">
<kw name="Close Browser" owner="SeleniumLibrary">
<doc>Closes the current browser.</doc>
<status status="PASS" start="2025-07-25T00:49:26.759133" elapsed="2.680214"/>
</kw>
<doc>Cierra el navegador actual</doc>
<status status="PASS" start="2025-07-25T00:49:26.757762" elapsed="2.681915"/>
</kw>
<doc>Test crítico de login exitoso</doc>
<tag>autenticacion</tag>
<tag>login</tag>
<tag>smoke</tag>
<status status="PASS" start="2025-07-25T00:49:06.211849" elapsed="23.228695"/>
</test>
<test id="s1-s1-t2" name="Smoke Test - Login Con Credenciales Invalidas" line="21">
<kw name="Abrir Navegador" owner="common_keywords" type="SETUP">
<kw name="Evaluate" owner="BuiltIn">
<msg time="2025-07-25T00:49:29.449218" level="INFO">${chrome_options} = &lt;selenium.webdriver.chrome.options.Options object at 0x000001A49D5016D0&gt;</msg>
<var>${chrome_options}</var>
<arg>sys.modules['selenium.webdriver'].ChromeOptions()</arg>
<arg>sys, selenium.webdriver</arg>
<doc>Evaluates the given expression in Python and returns the result.</doc>
<status status="PASS" start="2025-07-25T00:49:29.447850" elapsed="0.001544"/>
</kw>
<kw name="Call Method" owner="BuiltIn">
<arg>${chrome_options}</arg>
<arg>add_argument</arg>
<arg>--ignore-ssl-errors</arg>
<doc>Calls the named method of the given object with the provided arguments.</doc>
<status status="PASS" start="2025-07-25T00:49:29.450080" elapsed="0.000741"/>
</kw>
<kw name="Call Method" owner="BuiltIn">
<arg>${chrome_options}</arg>
<arg>add_argument</arg>
<arg>--ignore-certificate-errors</arg>
<doc>Calls the named method of the given object with the provided arguments.</doc>
<status status="PASS" start="2025-07-25T00:49:29.451478" elapsed="0.000694"/>
</kw>
<kw name="Call Method" owner="BuiltIn">
<arg>${chrome_options}</arg>
<arg>add_argument</arg>
<arg>--allow-running-insecure-content</arg>
<doc>Calls the named method of the given object with the provided arguments.</doc>
<status status="PASS" start="2025-07-25T00:49:29.452849" elapsed="0.000708"/>
</kw>
<kw name="Call Method" owner="BuiltIn">
<arg>${chrome_options}</arg>
<arg>add_argument</arg>
<arg>--no-sandbox</arg>
<doc>Calls the named method of the given object with the provided arguments.</doc>
<status status="PASS" start="2025-07-25T00:49:29.454146" elapsed="0.000465"/>
</kw>
<kw name="Call Method" owner="BuiltIn">
<arg>${chrome_options}</arg>
<arg>add_argument</arg>
<arg>--disable-dev-shm-usage</arg>
<doc>Calls the named method of the given object with the provided arguments.</doc>
<status status="PASS" start="2025-07-25T00:49:29.454976" elapsed="0.000438"/>
</kw>
<kw name="Call Method" owner="BuiltIn">
<arg>${chrome_options}</arg>
<arg>add_argument</arg>
<arg>--disable-gpu</arg>
<doc>Calls the named method of the given object with the provided arguments.</doc>
<status status="PASS" start="2025-07-25T00:49:29.456747" elapsed="0.000847"/>
</kw>
<kw name="Call Method" owner="BuiltIn">
<arg>${chrome_options}</arg>
<arg>add_argument</arg>
<arg>--disable-extensions</arg>
<doc>Calls the named method of the given object with the provided arguments.</doc>
<status status="PASS" start="2025-07-25T00:49:29.458429" elapsed="0.000525"/>
</kw>
<kw name="Call Method" owner="BuiltIn">
<arg>${chrome_options}</arg>
<arg>add_argument</arg>
<arg>--disable-plugins</arg>
<doc>Calls the named method of the given object with the provided arguments.</doc>
<status status="PASS" start="2025-07-25T00:49:29.459852" elapsed="0.000610"/>
</kw>
<kw name="Open Browser" owner="SeleniumLibrary">
<msg time="2025-07-25T00:49:29.462193" level="INFO">Opening browser 'Chrome' to base url 'https://www.medellin.gov.co/sisdep'.</msg>
<arg>${url}</arg>
<arg>${BROWSER}</arg>
<arg>options=${chrome_options}</arg>
<doc>Opens a new browser instance to the optional ``url``.</doc>
<status status="PASS" start="2025-07-25T00:49:29.461103" elapsed="3.048641"/>
</kw>
<kw name="Maximize Browser Window" owner="SeleniumLibrary">
<doc>Maximizes current browser window.</doc>
<status status="PASS" start="2025-07-25T00:49:32.510239" elapsed="0.338618"/>
</kw>
<kw name="Setup Test Environment" owner="config">
<kw name="Set Selenium Speed" owner="SeleniumLibrary">
<arg>${SELENIUM_SPEED}</arg>
<doc>Sets the delay that is waited after each Selenium command.</doc>
<status status="PASS" start="2025-07-25T00:49:32.861148" elapsed="0.001062"/>
</kw>
<kw name="Set Selenium Implicit Wait" owner="SeleniumLibrary">
<arg>${IMPLICIT_WAIT}</arg>
<doc>Sets the implicit wait value used by Selenium.</doc>
<status status="PASS" start="2025-07-25T00:49:32.862901" elapsed="0.304228"/>
</kw>
<kw name="Set Screenshot Directory" owner="SeleniumLibrary">
<arg>${SCREENSHOT_DIR}</arg>
<doc>Sets the directory for captured screenshots.</doc>
<status status="PASS" start="2025-07-25T00:49:33.167895" elapsed="0.001569"/>
</kw>
<kw name="Set Selenium Timeout" owner="SeleniumLibrary">
<arg>${EXPLICIT_WAIT}</arg>
<doc>Sets the timeout that is used by various keywords.</doc>
<status status="PASS" start="2025-07-25T00:49:33.170017" elapsed="0.303968"/>
</kw>
<kw name="Set Selenium Page Load Timeout" owner="SeleniumLibrary">
<arg>${PAGE_LOAD_TIMEOUT}</arg>
<doc>Sets the page load timeout value used by Selenium.</doc>
<status status="PASS" start="2025-07-25T00:49:33.474543" elapsed="0.303865"/>
</kw>
<doc>Configuración inicial del entorno de pruebas</doc>
<status status="PASS" start="2025-07-25T00:49:32.849659" elapsed="0.929058"/>
</kw>
<arg>${SISDEP_URL}</arg>
<doc>Abre el navegador y maximiza la ventana</doc>
<status status="PASS" start="2025-07-25T00:49:29.446274" elapsed="4.332626"/>
</kw>
<kw name="Navegar A SISDEP" owner="sisdep_login_page">
<kw name="Go To" owner="SeleniumLibrary">
<msg time="2025-07-25T00:49:33.782302" level="INFO">Opening url 'https://www.medellin.gov.co/sisdep'</msg>
<arg>${SISDEP_URL}</arg>
<doc>Navigates the current browser window to the provided ``url``.</doc>
<status status="PASS" start="2025-07-25T00:49:33.781312" elapsed="0.516484"/>
</kw>
<kw name="Verificar Elemento Presente" owner="common_keywords">
<kw name="Wait Until Element Is Visible" owner="SeleniumLibrary">
<arg>${locator}</arg>
<arg>${timeout}</arg>
<doc>Waits until the element ``locator`` is visible.</doc>
<status status="PASS" start="2025-07-25T00:49:34.299461" elapsed="0.645822"/>
</kw>
<arg>${SISDEP_LOGIN_PAGE_TITLE}</arg>
<doc>Verifica que un elemento esté presente en la página</doc>
<status status="PASS" start="2025-07-25T00:49:34.298417" elapsed="0.647350"/>
</kw>
<doc>Navega a la página principal de SISDEP</doc>
<status status="PASS" start="2025-07-25T00:49:33.780233" elapsed="1.165840"/>
</kw>
<kw name="Realizar Login SISDEP" owner="sisdep_login_page">
<kw name="Ingresar Usuario SISDEP" owner="sisdep_login_page">
<kw name="Ingresar Texto" owner="common_keywords">
<kw name="Esperar Elemento Visible" owner="common_keywords">
<kw name="Wait Until Element Is Visible" owner="SeleniumLibrary">
<arg>${locator}</arg>
<arg>${timeout}</arg>
<doc>Waits until the element ``locator`` is visible.</doc>
<status status="PASS" start="2025-07-25T00:49:34.953821" elapsed="0.635669"/>
</kw>
<arg>${locator}</arg>
<arg>${timeout}</arg>
<doc>Espera a que un elemento sea visible</doc>
<status status="PASS" start="2025-07-25T00:49:34.952218" elapsed="0.637757"/>
</kw>
<kw name="Input Text" owner="SeleniumLibrary">
<msg time="2025-07-25T00:49:35.591692" level="INFO">Typing text 'invalid_user' into text field 'id:usuario'.</msg>
<arg>${locator}</arg>
<arg>${texto}</arg>
<doc>Types the given ``text`` into the text field identified by ``locator``.</doc>
<status status="PASS" start="2025-07-25T00:49:35.590612" elapsed="1.131927"/>
</kw>
<arg>${SISDEP_USERNAME_FIELD}</arg>
<arg>${usuario}</arg>
<doc>Ingresa texto en un campo después de esperar que sea visible</doc>
<status status="PASS" start="2025-07-25T00:49:34.950569" elapsed="1.772332"/>
</kw>
<arg>${usuario}</arg>
<doc>Ingresa el nombre de usuario en SISDEP</doc>
<status status="PASS" start="2025-07-25T00:49:34.949084" elapsed="1.774049"/>
</kw>
<kw name="Ingresar Contraseña SISDEP" owner="sisdep_login_page">
<kw name="Ingresar Texto" owner="common_keywords">
<kw name="Esperar Elemento Visible" owner="common_keywords">
<kw name="Wait Until Element Is Visible" owner="SeleniumLibrary">
<arg>${locator}</arg>
<arg>${timeout}</arg>
<doc>Waits until the element ``locator`` is visible.</doc>
<status status="PASS" start="2025-07-25T00:49:36.727693" elapsed="0.637696"/>
</kw>
<arg>${locator}</arg>
<arg>${timeout}</arg>
<doc>Espera a que un elemento sea visible</doc>
<status status="PASS" start="2025-07-25T00:49:36.726691" elapsed="0.639170"/>
</kw>
<kw name="Input Text" owner="SeleniumLibrary">
<msg time="2025-07-25T00:49:37.367592" level="INFO">Typing text 'invalid_password' into text field 'id:password'.</msg>
<arg>${locator}</arg>
<arg>${texto}</arg>
<doc>Types the given ``text`` into the text field identified by ``locator``.</doc>
<status status="PASS" start="2025-07-25T00:49:37.366497" elapsed="1.094666"/>
</kw>
<arg>${SISDEP_PASSWORD_FIELD}</arg>
<arg>${contraseña}</arg>
<doc>Ingresa texto en un campo después de esperar que sea visible</doc>
<status status="PASS" start="2025-07-25T00:49:36.725122" elapsed="1.736371"/>
</kw>
<arg>${contraseña}</arg>
<doc>Ingresa la contraseña en SISDEP</doc>
<status status="PASS" start="2025-07-25T00:49:36.723720" elapsed="1.737962"/>
</kw>
<kw name="Hacer Click En Login SISDEP" owner="sisdep_login_page">
<kw name="Hacer Click En Elemento" owner="common_keywords">
<kw name="Esperar Elemento Clickable" owner="common_keywords">
<kw name="Wait Until Element Is Enabled" owner="SeleniumLibrary">
<arg>${locator}</arg>
<arg>${timeout}</arg>
<doc>Waits until the element ``locator`` is enabled.</doc>
<status status="PASS" start="2025-07-25T00:49:38.466064" elapsed="0.972305"/>
</kw>
<arg>${locator}</arg>
<arg>${timeout}</arg>
<doc>Espera a que un elemento sea clickeable</doc>
<status status="PASS" start="2025-07-25T00:49:38.464254" elapsed="0.974610"/>
</kw>
<kw name="Click Element" owner="SeleniumLibrary">
<msg time="2025-07-25T00:49:39.440422" level="INFO">Clicking element 'xpath://button[.//span[text()='Iniciar sesión']]'.</msg>
<arg>${locator}</arg>
<doc>Click the element identified by ``locator``.</doc>
<status status="PASS" start="2025-07-25T00:49:39.439484" elapsed="0.765717"/>
</kw>
<arg>${SISDEP_LOGIN_BUTTON}</arg>
<doc>Hace click en un elemento después de esperar que sea clickeable</doc>
<status status="PASS" start="2025-07-25T00:49:38.463019" elapsed="1.742808"/>
</kw>
<doc>Hace click en el botón de login de SISDEP</doc>
<status status="PASS" start="2025-07-25T00:49:38.462133" elapsed="1.744222"/>
</kw>
<arg>${INVALID_USERNAME}</arg>
<arg>${INVALID_PASSWORD}</arg>
<doc>Realiza el proceso completo de login en SISDEP</doc>
<status status="PASS" start="2025-07-25T00:49:34.947513" elapsed="5.259087"/>
</kw>
<kw name="Verificar Login Fallido SISDEP" owner="sisdep_login_page">
<kw name="Verificar Texto En Página" owner="common_keywords">
<kw name="Wait Until Page Contains" owner="SeleniumLibrary">
<arg>${texto}</arg>
<arg>${timeout}</arg>
<doc>Waits until ``text`` appears on the current page.</doc>
<status status="PASS" start="2025-07-25T00:49:40.211368" elapsed="0.330792"/>
</kw>
<arg>${mensaje_error}</arg>
<doc>Verifica que un texto esté presente en la página</doc>
<status status="PASS" start="2025-07-25T00:49:40.210040" elapsed="0.332841"/>
</kw>
<arg>${SISDEP_LOGIN_ERROR_MSG}</arg>
<doc>Verifica que el login en SISDEP falló</doc>
<status status="PASS" start="2025-07-25T00:49:40.207880" elapsed="0.335472"/>
</kw>
<kw name="Cerrar Navegador" owner="common_keywords" type="TEARDOWN">
<kw name="Close Browser" owner="SeleniumLibrary">
<doc>Closes the current browser.</doc>
<status status="PASS" start="2025-07-25T00:49:40.546047" elapsed="2.535853"/>
</kw>
<doc>Cierra el navegador actual</doc>
<status status="PASS" start="2025-07-25T00:49:40.544771" elapsed="2.537285"/>
</kw>
<doc>Test crítico de validación de credenciales</doc>
<tag>autenticacion</tag>
<tag>login</tag>
<tag>negativo</tag>
<tag>smoke</tag>
<status status="PASS" start="2025-07-25T00:49:29.443267" elapsed="13.639128"/>
</test>
<test id="s1-s1-t3" name="Functional Test - Flujo Completo Login Logout" line="32">
<kw name="Abrir Navegador" owner="common_keywords" type="SETUP">
<kw name="Evaluate" owner="BuiltIn">
<msg time="2025-07-25T00:49:43.088389" level="INFO">${chrome_options} = &lt;selenium.webdriver.chrome.options.Options object at 0x000001A49D502D50&gt;</msg>
<var>${chrome_options}</var>
<arg>sys.modules['selenium.webdriver'].ChromeOptions()</arg>
<arg>sys, selenium.webdriver</arg>
<doc>Evaluates the given expression in Python and returns the result.</doc>
<status status="PASS" start="2025-07-25T00:49:43.087203" elapsed="0.001347"/>
</kw>
<kw name="Call Method" owner="BuiltIn">
<arg>${chrome_options}</arg>
<arg>add_argument</arg>
<arg>--ignore-ssl-errors</arg>
<doc>Calls the named method of the given object with the provided arguments.</doc>
<status status="PASS" start="2025-07-25T00:49:43.088926" elapsed="0.000408"/>
</kw>
<kw name="Call Method" owner="BuiltIn">
<arg>${chrome_options}</arg>
<arg>add_argument</arg>
<arg>--ignore-certificate-errors</arg>
<doc>Calls the named method of the given object with the provided arguments.</doc>
<status status="PASS" start="2025-07-25T00:49:43.089698" elapsed="0.000407"/>
</kw>
<kw name="Call Method" owner="BuiltIn">
<arg>${chrome_options}</arg>
<arg>add_argument</arg>
<arg>--allow-running-insecure-content</arg>
<doc>Calls the named method of the given object with the provided arguments.</doc>
<status status="PASS" start="2025-07-25T00:49:43.091444" elapsed="0.000623"/>
</kw>
<kw name="Call Method" owner="BuiltIn">
<arg>${chrome_options}</arg>
<arg>add_argument</arg>
<arg>--no-sandbox</arg>
<doc>Calls the named method of the given object with the provided arguments.</doc>
<status status="PASS" start="2025-07-25T00:49:43.092480" elapsed="0.000375"/>
</kw>
<kw name="Call Method" owner="BuiltIn">
<arg>${chrome_options}</arg>
<arg>add_argument</arg>
<arg>--disable-dev-shm-usage</arg>
<doc>Calls the named method of the given object with the provided arguments.</doc>
<status status="PASS" start="2025-07-25T00:49:43.093224" elapsed="0.000344"/>
</kw>
<kw name="Call Method" owner="BuiltIn">
<arg>${chrome_options}</arg>
<arg>add_argument</arg>
<arg>--disable-gpu</arg>
<doc>Calls the named method of the given object with the provided arguments.</doc>
<status status="PASS" start="2025-07-25T00:49:43.093872" elapsed="0.000320"/>
</kw>
<kw name="Call Method" owner="BuiltIn">
<arg>${chrome_options}</arg>
<arg>add_argument</arg>
<arg>--disable-extensions</arg>
<doc>Calls the named method of the given object with the provided arguments.</doc>
<status status="PASS" start="2025-07-25T00:49:43.094511" elapsed="0.000311"/>
</kw>
<kw name="Call Method" owner="BuiltIn">
<arg>${chrome_options}</arg>
<arg>add_argument</arg>
<arg>--disable-plugins</arg>
<doc>Calls the named method of the given object with the provided arguments.</doc>
<status status="PASS" start="2025-07-25T00:49:43.095096" elapsed="0.000339"/>
</kw>
<kw name="Open Browser" owner="SeleniumLibrary">
<msg time="2025-07-25T00:49:43.096500" level="INFO">Opening browser 'Chrome' to base url 'https://www.medellin.gov.co/sisdep'.</msg>
<arg>${url}</arg>
<arg>${BROWSER}</arg>
<arg>options=${chrome_options}</arg>
<doc>Opens a new browser instance to the optional ``url``.</doc>
<status status="PASS" start="2025-07-25T00:49:43.095835" elapsed="2.954478"/>
</kw>
<kw name="Maximize Browser Window" owner="SeleniumLibrary">
<doc>Maximizes current browser window.</doc>
<status status="PASS" start="2025-07-25T00:49:46.051109" elapsed="0.359161"/>
</kw>
<kw name="Setup Test Environment" owner="config">
<kw name="Set Selenium Speed" owner="SeleniumLibrary">
<arg>${SELENIUM_SPEED}</arg>
<doc>Sets the delay that is waited after each Selenium command.</doc>
<status status="PASS" start="2025-07-25T00:49:46.412371" elapsed="0.000929"/>
</kw>
<kw name="Set Selenium Implicit Wait" owner="SeleniumLibrary">
<arg>${IMPLICIT_WAIT}</arg>
<doc>Sets the implicit wait value used by Selenium.</doc>
<status status="PASS" start="2025-07-25T00:49:46.413782" elapsed="0.303496"/>
</kw>
<kw name="Set Screenshot Directory" owner="SeleniumLibrary">
<arg>${SCREENSHOT_DIR}</arg>
<doc>Sets the directory for captured screenshots.</doc>
<status status="PASS" start="2025-07-25T00:49:46.718023" elapsed="0.001802"/>
</kw>
<kw name="Set Selenium Timeout" owner="SeleniumLibrary">
<arg>${EXPLICIT_WAIT}</arg>
<doc>Sets the timeout that is used by various keywords.</doc>
<status status="PASS" start="2025-07-25T00:49:46.720521" elapsed="0.304097"/>
</kw>
<kw name="Set Selenium Page Load Timeout" owner="SeleniumLibrary">
<arg>${PAGE_LOAD_TIMEOUT}</arg>
<doc>Sets the page load timeout value used by Selenium.</doc>
<status status="PASS" start="2025-07-25T00:49:47.025384" elapsed="0.304335"/>
</kw>
<doc>Configuración inicial del entorno de pruebas</doc>
<status status="PASS" start="2025-07-25T00:49:46.411202" elapsed="0.918949"/>
</kw>
<arg>${SISDEP_URL}</arg>
<doc>Abre el navegador y maximiza la ventana</doc>
<status status="PASS" start="2025-07-25T00:49:43.085606" elapsed="4.244807"/>
</kw>
<kw name="Navegar A SISDEP" owner="sisdep_login_page">
<kw name="Go To" owner="SeleniumLibrary">
<msg time="2025-07-25T00:49:47.333719" level="INFO">Opening url 'https://www.medellin.gov.co/sisdep'</msg>
<arg>${SISDEP_URL}</arg>
<doc>Navigates the current browser window to the provided ``url``.</doc>
<status status="PASS" start="2025-07-25T00:49:47.332914" elapsed="0.529586"/>
</kw>
<kw name="Verificar Elemento Presente" owner="common_keywords">
<kw name="Wait Until Element Is Visible" owner="SeleniumLibrary">
<arg>${locator}</arg>
<arg>${timeout}</arg>
<doc>Waits until the element ``locator`` is visible.</doc>
<status status="PASS" start="2025-07-25T00:49:47.865009" elapsed="0.646651"/>
</kw>
<arg>${SISDEP_LOGIN_PAGE_TITLE}</arg>
<doc>Verifica que un elemento esté presente en la página</doc>
<status status="PASS" start="2025-07-25T00:49:47.863455" elapsed="0.648695"/>
</kw>
<doc>Navega a la página principal de SISDEP</doc>
<status status="PASS" start="2025-07-25T00:49:47.331937" elapsed="1.180550"/>
</kw>
<kw name="Realizar Login SISDEP" owner="sisdep_login_page">
<kw name="Ingresar Usuario SISDEP" owner="sisdep_login_page">
<kw name="Ingresar Texto" owner="common_keywords">
<kw name="Esperar Elemento Visible" owner="common_keywords">
<kw name="Wait Until Element Is Visible" owner="SeleniumLibrary">
<arg>${locator}</arg>
<arg>${timeout}</arg>
<doc>Waits until the element ``locator`` is visible.</doc>
<status status="PASS" start="2025-07-25T00:49:48.520293" elapsed="0.638130"/>
</kw>
<arg>${locator}</arg>
<arg>${timeout}</arg>
<doc>Espera a que un elemento sea visible</doc>
<status status="PASS" start="2025-07-25T00:49:48.518765" elapsed="0.640125"/>
</kw>
<kw name="Input Text" owner="SeleniumLibrary">
<msg time="2025-07-25T00:49:49.160455" level="INFO">Typing text 'admin' into text field 'id:usuario'.</msg>
<arg>${locator}</arg>
<arg>${texto}</arg>
<doc>Types the given ``text`` into the text field identified by ``locator``.</doc>
<status status="PASS" start="2025-07-25T00:49:49.159468" elapsed="1.085494"/>
</kw>
<arg>${SISDEP_USERNAME_FIELD}</arg>
<arg>${usuario}</arg>
<doc>Ingresa texto en un campo después de esperar que sea visible</doc>
<status status="PASS" start="2025-07-25T00:49:48.517137" elapsed="1.728764"/>
</kw>
<arg>${usuario}</arg>
<doc>Ingresa el nombre de usuario en SISDEP</doc>
<status status="PASS" start="2025-07-25T00:49:48.515808" elapsed="1.730462"/>
</kw>
<kw name="Ingresar Contraseña SISDEP" owner="sisdep_login_page">
<kw name="Ingresar Texto" owner="common_keywords">
<kw name="Esperar Elemento Visible" owner="common_keywords">
<kw name="Wait Until Element Is Visible" owner="SeleniumLibrary">
<arg>${locator}</arg>
<arg>${timeout}</arg>
<doc>Waits until the element ``locator`` is visible.</doc>
<status status="PASS" start="2025-07-25T00:49:50.251990" elapsed="0.647026"/>
</kw>
<arg>${locator}</arg>
<arg>${timeout}</arg>
<doc>Espera a que un elemento sea visible</doc>
<status status="PASS" start="2025-07-25T00:49:50.250379" elapsed="0.648977"/>
</kw>
<kw name="Input Text" owner="SeleniumLibrary">
<msg time="2025-07-25T00:49:50.900481" level="INFO">Typing text 'EspacioPublico2024?sisdep' into text field 'id:password'.</msg>
<arg>${locator}</arg>
<arg>${texto}</arg>
<doc>Types the given ``text`` into the text field identified by ``locator``.</doc>
<status status="PASS" start="2025-07-25T00:49:50.899770" elapsed="1.167006"/>
</kw>
<arg>${SISDEP_PASSWORD_FIELD}</arg>
<arg>${contraseña}</arg>
<doc>Ingresa texto en un campo después de esperar que sea visible</doc>
<status status="PASS" start="2025-07-25T00:49:50.248599" elapsed="1.818521"/>
</kw>
<arg>${contraseña}</arg>
<doc>Ingresa la contraseña en SISDEP</doc>
<status status="PASS" start="2025-07-25T00:49:50.247142" elapsed="1.820185"/>
</kw>
<kw name="Hacer Click En Login SISDEP" owner="sisdep_login_page">
<kw name="Hacer Click En Elemento" owner="common_keywords">
<kw name="Esperar Elemento Clickable" owner="common_keywords">
<kw name="Wait Until Element Is Enabled" owner="SeleniumLibrary">
<arg>${locator}</arg>
<arg>${timeout}</arg>
<doc>Waits until the element ``locator`` is enabled.</doc>
<status status="PASS" start="2025-07-25T00:49:52.071706" elapsed="0.965359"/>
</kw>
<arg>${locator}</arg>
<arg>${timeout}</arg>
<doc>Espera a que un elemento sea clickeable</doc>
<status status="PASS" start="2025-07-25T00:49:52.070420" elapsed="0.967176"/>
</kw>
<kw name="Click Element" owner="SeleniumLibrary">
<msg time="2025-07-25T00:49:53.039264" level="INFO">Clicking element 'xpath://button[.//span[text()='Iniciar sesión']]'.</msg>
<arg>${locator}</arg>
<doc>Click the element identified by ``locator``.</doc>
<status status="PASS" start="2025-07-25T00:49:53.038306" elapsed="0.730122"/>
</kw>
<arg>${SISDEP_LOGIN_BUTTON}</arg>
<doc>Hace click en un elemento después de esperar que sea clickeable</doc>
<status status="PASS" start="2025-07-25T00:49:52.068736" elapsed="1.700141"/>
</kw>
<doc>Hace click en el botón de login de SISDEP</doc>
<status status="PASS" start="2025-07-25T00:49:52.067850" elapsed="1.701345"/>
</kw>
<arg>${VALID_USERNAME}</arg>
<arg>${VALID_PASSWORD}</arg>
<doc>Realiza el proceso completo de login en SISDEP</doc>
<status status="PASS" start="2025-07-25T00:49:48.513724" elapsed="5.255737"/>
</kw>
<kw name="Verificar Login Exitoso SISDEP" owner="sisdep_login_page">
<kw name="Verificar Elemento Presente" owner="common_keywords">
<kw name="Wait Until Element Is Visible" owner="SeleniumLibrary">
<arg>${locator}</arg>
<arg>${timeout}</arg>
<doc>Waits until the element ``locator`` is visible.</doc>
<status status="PASS" start="2025-07-25T00:49:53.773561" elapsed="8.086053"/>
</kw>
<arg>${SISDEP_SUCCESS_MESSAGE}</arg>
<doc>Verifica que un elemento esté presente en la página</doc>
<status status="PASS" start="2025-07-25T00:49:53.771797" elapsed="8.088188"/>
</kw>
<doc>Verifica que el login en SISDEP fue exitoso</doc>
<status status="PASS" start="2025-07-25T00:49:53.770695" elapsed="8.089509"/>
</kw>
<kw name="Verificar Dashboard Cargado" owner="sisdep_dashboard_page">
<kw name="Verificar Elemento Presente" owner="common_keywords">
<kw name="Wait Until Element Is Visible" owner="SeleniumLibrary">
<arg>${locator}</arg>
<arg>${timeout}</arg>
<doc>Waits until the element ``locator`` is visible.</doc>
<status status="PASS" start="2025-07-25T00:50:01.863963" elapsed="0.638737"/>
</kw>
<arg>${SISDEP_DASHBOARD_TITLE}</arg>
<doc>Verifica que un elemento esté presente en la página</doc>
<status status="PASS" start="2025-07-25T00:50:01.862142" elapsed="0.641069"/>
</kw>
<doc>Verifica que el dashboard se haya cargado correctamente</doc>
<status status="PASS" start="2025-07-25T00:50:01.861303" elapsed="0.642224"/>
</kw>
<kw name="Realizar Logout" owner="sisdep_dashboard_page">
<kw name="Hacer Click En Perfil Usuario" owner="sisdep_dashboard_page">
<kw name="Hacer Click En Elemento" owner="common_keywords">
<kw name="Esperar Elemento Clickable" owner="common_keywords">
<kw name="Wait Until Element Is Enabled" owner="SeleniumLibrary">
<arg>${locator}</arg>
<arg>${timeout}</arg>
<doc>Waits until the element ``locator`` is enabled.</doc>
<status status="PASS" start="2025-07-25T00:50:02.512599" elapsed="0.980033"/>
</kw>
<arg>${locator}</arg>
<arg>${timeout}</arg>
<doc>Espera a que un elemento sea clickeable</doc>
<status status="PASS" start="2025-07-25T00:50:02.511150" elapsed="0.981992"/>
</kw>
<kw name="Click Element" owner="SeleniumLibrary">
<msg time="2025-07-25T00:50:03.494525" level="INFO">Clicking element 'xpath://span[contains(@class, 'ant-avatar') and contains(@class, 'ant-dropdown-trigger')]'.</msg>
<arg>${locator}</arg>
<doc>Click the element identified by ``locator``.</doc>
<status status="PASS" start="2025-07-25T00:50:03.493868" elapsed="1.010611"/>
</kw>
<arg>${SISDEP_USER_PROFILE_ICON}</arg>
<doc>Hace click en un elemento después de esperar que sea clickeable</doc>
<status status="PASS" start="2025-07-25T00:50:02.509543" elapsed="1.995394"/>
</kw>
<doc>Hace click en el ícono del perfil del usuario</doc>
<status status="PASS" start="2025-07-25T00:50:02.505747" elapsed="1.999417"/>
</kw>
<kw name="Seleccionar Cerrar Sesion" owner="sisdep_dashboard_page">
<kw name="Hacer Click En Elemento" owner="common_keywords">
<kw name="Esperar Elemento Clickable" owner="common_keywords">
<kw name="Wait Until Element Is Enabled" owner="SeleniumLibrary">
<arg>${locator}</arg>
<arg>${timeout}</arg>
<doc>Waits until the element ``locator`` is enabled.</doc>
<status status="PASS" start="2025-07-25T00:50:04.510011" elapsed="0.967468"/>
</kw>
<arg>${locator}</arg>
<arg>${timeout}</arg>
<doc>Espera a que un elemento sea clickeable</doc>
<status status="PASS" start="2025-07-25T00:50:04.508842" elapsed="0.969114"/>
</kw>
<kw name="Click Element" owner="SeleniumLibrary">
<msg time="2025-07-25T00:50:05.479397" level="INFO">Clicking element 'xpath://span[contains(@class, 'ant-dropdown-menu-title-content') and text()='Cerrar sesión']'.</msg>
<arg>${locator}</arg>
<doc>Click the element identified by ``locator``.</doc>
<status status="PASS" start="2025-07-25T00:50:05.478575" elapsed="0.787098"/>
</kw>
<arg>${SISDEP_LOGOUT_OPTION}</arg>
<doc>Hace click en un elemento después de esperar que sea clickeable</doc>
<status status="PASS" start="2025-07-25T00:50:04.507490" elapsed="1.758619"/>
</kw>
<doc>Selecciona la opción de cerrar sesión del menú desplegable</doc>
<status status="PASS" start="2025-07-25T00:50:04.505670" elapsed="1.760710"/>
</kw>
<doc>Realiza el proceso completo de logout</doc>
<status status="PASS" start="2025-07-25T00:50:02.504814" elapsed="3.761804"/>
</kw>
<kw name="Verificar Logout Exitoso" owner="sisdep_dashboard_page">
<kw name="Verificar Elemento Presente" owner="common_keywords">
<kw name="Wait Until Element Is Visible" owner="SeleniumLibrary">
<arg>${locator}</arg>
<arg>${timeout}</arg>
<doc>Waits until the element ``locator`` is visible.</doc>
<status status="PASS" start="2025-07-25T00:50:06.270521" elapsed="0.633342"/>
</kw>
<arg>${SISDEP_LOGOUT_SUCCESS_MSG}</arg>
<doc>Verifica que un elemento esté presente en la página</doc>
<status status="PASS" start="2025-07-25T00:50:06.269080" elapsed="0.635100"/>
</kw>
<kw name="Verificar URL Contiene" owner="common_keywords">
<kw name="Wait Until Location Contains" owner="SeleniumLibrary">
<arg>${texto}</arg>
<arg>${timeout}</arg>
<doc>Waits until the current URL contains ``expected``.</doc>
<status status="PASS" start="2025-07-25T00:50:06.906191" elapsed="0.314735"/>
</kw>
<arg>${URL_VERIFICATION_PATH}</arg>
<doc>Verifica que la URL actual contenga un texto específico</doc>
<status status="PASS" start="2025-07-25T00:50:06.904932" elapsed="0.316268"/>
</kw>
<doc>Verifica que el logout fue exitoso</doc>
<status status="PASS" start="2025-07-25T00:50:06.267964" elapsed="0.953339"/>
</kw>
<kw name="Verificar Elementos De Login SISDEP Presentes" owner="sisdep_login_page">
<kw name="Verificar Elemento Presente" owner="common_keywords">
<kw name="Wait Until Element Is Visible" owner="SeleniumLibrary">
<arg>${locator}</arg>
<arg>${timeout}</arg>
<doc>Waits until the element ``locator`` is visible.</doc>
<status status="PASS" start="2025-07-25T00:50:07.224504" elapsed="0.659454"/>
</kw>
<arg>${SISDEP_LOGIN_PAGE_TITLE}</arg>
<doc>Verifica que un elemento esté presente en la página</doc>
<status status="PASS" start="2025-07-25T00:50:07.223404" elapsed="0.661001"/>
</kw>
<kw name="Verificar Elemento Presente" owner="common_keywords">
<kw name="Wait Until Element Is Visible" owner="SeleniumLibrary">
<arg>${locator}</arg>
<arg>${timeout}</arg>
<doc>Waits until the element ``locator`` is visible.</doc>
<status status="PASS" start="2025-07-25T00:50:07.886572" elapsed="0.633285"/>
</kw>
<arg>${SISDEP_USERNAME_FIELD}</arg>
<doc>Verifica que un elemento esté presente en la página</doc>
<status status="PASS" start="2025-07-25T00:50:07.885088" elapsed="0.635198"/>
</kw>
<kw name="Verificar Elemento Presente" owner="common_keywords">
<kw name="Wait Until Element Is Visible" owner="SeleniumLibrary">
<arg>${locator}</arg>
<arg>${timeout}</arg>
<doc>Waits until the element ``locator`` is visible.</doc>
<status status="PASS" start="2025-07-25T00:50:08.522464" elapsed="0.636368"/>
</kw>
<arg>${SISDEP_PASSWORD_FIELD}</arg>
<doc>Verifica que un elemento esté presente en la página</doc>
<status status="PASS" start="2025-07-25T00:50:08.520963" elapsed="0.638177"/>
</kw>
<kw name="Verificar Elemento Presente" owner="common_keywords">
<kw name="Wait Until Element Is Visible" owner="SeleniumLibrary">
<arg>${locator}</arg>
<arg>${timeout}</arg>
<doc>Waits until the element ``locator`` is visible.</doc>
<status status="PASS" start="2025-07-25T00:50:09.160482" elapsed="0.630488"/>
</kw>
<arg>${SISDEP_LOGIN_BUTTON}</arg>
<doc>Verifica que un elemento esté presente en la página</doc>
<status status="PASS" start="2025-07-25T00:50:09.159591" elapsed="0.631717"/>
</kw>
<doc>Verifica que todos los elementos de la página de login de SISDEP estén presentes</doc>
<status status="PASS" start="2025-07-25T00:50:07.222433" elapsed="2.569073"/>
</kw>
<kw name="Cerrar Navegador" owner="common_keywords" type="TEARDOWN">
<kw name="Close Browser" owner="SeleniumLibrary">
<doc>Closes the current browser.</doc>
<status status="PASS" start="2025-07-25T00:50:09.793958" elapsed="2.556664"/>
</kw>
<doc>Cierra el navegador actual</doc>
<status status="PASS" start="2025-07-25T00:50:09.792974" elapsed="2.557963"/>
</kw>
<doc>Test del flujo completo de login y logout</doc>
<tag>autenticacion</tag>
<tag>flujo_completo</tag>
<tag>funcional</tag>
<status status="PASS" start="2025-07-25T00:49:43.083524" elapsed="29.268362"/>
</test>
<test id="s1-s1-t4" name="Regression Test - Validacion De Campos" line="50">
<kw name="Abrir Navegador" owner="common_keywords" type="SETUP">
<kw name="Evaluate" owner="BuiltIn">
<msg time="2025-07-25T00:50:12.358115" level="INFO">${chrome_options} = &lt;selenium.webdriver.chrome.options.Options object at 0x000001A49D463E10&gt;</msg>
<var>${chrome_options}</var>
<arg>sys.modules['selenium.webdriver'].ChromeOptions()</arg>
<arg>sys, selenium.webdriver</arg>
<doc>Evaluates the given expression in Python and returns the result.</doc>
<status status="PASS" start="2025-07-25T00:50:12.357314" elapsed="0.000916"/>
</kw>
<kw name="Call Method" owner="BuiltIn">
<arg>${chrome_options}</arg>
<arg>add_argument</arg>
<arg>--ignore-ssl-errors</arg>
<doc>Calls the named method of the given object with the provided arguments.</doc>
<status status="PASS" start="2025-07-25T00:50:12.358639" elapsed="0.000483"/>
</kw>
<kw name="Call Method" owner="BuiltIn">
<arg>${chrome_options}</arg>
<arg>add_argument</arg>
<arg>--ignore-certificate-errors</arg>
<doc>Calls the named method of the given object with the provided arguments.</doc>
<status status="PASS" start="2025-07-25T00:50:12.359487" elapsed="0.000393"/>
</kw>
<kw name="Call Method" owner="BuiltIn">
<arg>${chrome_options}</arg>
<arg>add_argument</arg>
<arg>--allow-running-insecure-content</arg>
<doc>Calls the named method of the given object with the provided arguments.</doc>
<status status="PASS" start="2025-07-25T00:50:12.360214" elapsed="0.000368"/>
</kw>
<kw name="Call Method" owner="BuiltIn">
<arg>${chrome_options}</arg>
<arg>add_argument</arg>
<arg>--no-sandbox</arg>
<doc>Calls the named method of the given object with the provided arguments.</doc>
<status status="PASS" start="2025-07-25T00:50:12.360947" elapsed="0.000359"/>
</kw>
<kw name="Call Method" owner="BuiltIn">
<arg>${chrome_options}</arg>
<arg>add_argument</arg>
<arg>--disable-dev-shm-usage</arg>
<doc>Calls the named method of the given object with the provided arguments.</doc>
<status status="PASS" start="2025-07-25T00:50:12.361625" elapsed="0.000354"/>
</kw>
<kw name="Call Method" owner="BuiltIn">
<arg>${chrome_options}</arg>
<arg>add_argument</arg>
<arg>--disable-gpu</arg>
<doc>Calls the named method of the given object with the provided arguments.</doc>
<status status="PASS" start="2025-07-25T00:50:12.362303" elapsed="0.000361"/>
</kw>
<kw name="Call Method" owner="BuiltIn">
<arg>${chrome_options}</arg>
<arg>add_argument</arg>
<arg>--disable-extensions</arg>
<doc>Calls the named method of the given object with the provided arguments.</doc>
<status status="PASS" start="2025-07-25T00:50:12.363004" elapsed="0.000408"/>
</kw>
<kw name="Call Method" owner="BuiltIn">
<arg>${chrome_options}</arg>
<arg>add_argument</arg>
<arg>--disable-plugins</arg>
<doc>Calls the named method of the given object with the provided arguments.</doc>
<status status="PASS" start="2025-07-25T00:50:12.363756" elapsed="0.000358"/>
</kw>
<kw name="Open Browser" owner="SeleniumLibrary">
<msg time="2025-07-25T00:50:12.365335" level="INFO">Opening browser 'Chrome' to base url 'https://www.medellin.gov.co/sisdep'.</msg>
<arg>${url}</arg>
<arg>${BROWSER}</arg>
<arg>options=${chrome_options}</arg>
<doc>Opens a new browser instance to the optional ``url``.</doc>
<status status="PASS" start="2025-07-25T00:50:12.364548" elapsed="3.109344"/>
</kw>
<kw name="Maximize Browser Window" owner="SeleniumLibrary">
<doc>Maximizes current browser window.</doc>
<status status="PASS" start="2025-07-25T00:50:15.474742" elapsed="0.334074"/>
</kw>
<kw name="Setup Test Environment" owner="config">
<kw name="Set Selenium Speed" owner="SeleniumLibrary">
<arg>${SELENIUM_SPEED}</arg>
<doc>Sets the delay that is waited after each Selenium command.</doc>
<status status="PASS" start="2025-07-25T00:50:15.810778" elapsed="0.000884"/>
</kw>
<kw name="Set Selenium Implicit Wait" owner="SeleniumLibrary">
<arg>${IMPLICIT_WAIT}</arg>
<doc>Sets the implicit wait value used by Selenium.</doc>
<status status="PASS" start="2025-07-25T00:50:15.812170" elapsed="0.303710"/>
</kw>
<kw name="Set Screenshot Directory" owner="SeleniumLibrary">
<arg>${SCREENSHOT_DIR}</arg>
<doc>Sets the directory for captured screenshots.</doc>
<status status="PASS" start="2025-07-25T00:50:16.116715" elapsed="0.001850"/>
</kw>
<kw name="Set Selenium Timeout" owner="SeleniumLibrary">
<arg>${EXPLICIT_WAIT}</arg>
<doc>Sets the timeout that is used by various keywords.</doc>
<status status="PASS" start="2025-07-25T00:50:16.119201" elapsed="0.304539"/>
</kw>
<kw name="Set Selenium Page Load Timeout" owner="SeleniumLibrary">
<arg>${PAGE_LOAD_TIMEOUT}</arg>
<doc>Sets the page load timeout value used by Selenium.</doc>
<status status="PASS" start="2025-07-25T00:50:16.424976" elapsed="0.303923"/>
</kw>
<doc>Configuración inicial del entorno de pruebas</doc>
<status status="PASS" start="2025-07-25T00:50:15.809645" elapsed="0.919704"/>
</kw>
<arg>${SISDEP_URL}</arg>
<doc>Abre el navegador y maximiza la ventana</doc>
<status status="PASS" start="2025-07-25T00:50:12.356368" elapsed="4.373252"/>
</kw>
<kw name="Navegar A SISDEP" owner="sisdep_login_page">
<kw name="Go To" owner="SeleniumLibrary">
<msg time="2025-07-25T00:50:16.731206" level="INFO">Opening url 'https://www.medellin.gov.co/sisdep'</msg>
<arg>${SISDEP_URL}</arg>
<doc>Navigates the current browser window to the provided ``url``.</doc>
<status status="PASS" start="2025-07-25T00:50:16.730993" elapsed="0.655892"/>
</kw>
<kw name="Verificar Elemento Presente" owner="common_keywords">
<kw name="Wait Until Element Is Visible" owner="SeleniumLibrary">
<arg>${locator}</arg>
<arg>${timeout}</arg>
<doc>Waits until the element ``locator`` is visible.</doc>
<status status="PASS" start="2025-07-25T00:50:17.389918" elapsed="0.648432"/>
</kw>
<arg>${SISDEP_LOGIN_PAGE_TITLE}</arg>
<doc>Verifica que un elemento esté presente en la página</doc>
<status status="PASS" start="2025-07-25T00:50:17.387935" elapsed="0.651031"/>
</kw>
<doc>Navega a la página principal de SISDEP</doc>
<status status="PASS" start="2025-07-25T00:50:16.730581" elapsed="1.308704"/>
</kw>
<kw name="Verificar Elementos De Login SISDEP Presentes" owner="sisdep_login_page">
<kw name="Verificar Elemento Presente" owner="common_keywords">
<kw name="Wait Until Element Is Visible" owner="SeleniumLibrary">
<arg>${locator}</arg>
<arg>${timeout}</arg>
<doc>Waits until the element ``locator`` is visible.</doc>
<status status="PASS" start="2025-07-25T00:50:18.043841" elapsed="0.625754"/>
</kw>
<arg>${SISDEP_LOGIN_PAGE_TITLE}</arg>
<doc>Verifica que un elemento esté presente en la página</doc>
<status status="PASS" start="2025-07-25T00:50:18.042314" elapsed="0.627711"/>
</kw>
<kw name="Verificar Elemento Presente" owner="common_keywords">
<kw name="Wait Until Element Is Visible" owner="SeleniumLibrary">
<arg>${locator}</arg>
<arg>${timeout}</arg>
<doc>Waits until the element ``locator`` is visible.</doc>
<status status="PASS" start="2025-07-25T00:50:18.672026" elapsed="0.637241"/>
</kw>
<arg>${SISDEP_USERNAME_FIELD}</arg>
<doc>Verifica que un elemento esté presente en la página</doc>
<status status="PASS" start="2025-07-25T00:50:18.670724" elapsed="0.639145"/>
</kw>
<kw name="Verificar Elemento Presente" owner="common_keywords">
<kw name="Wait Until Element Is Visible" owner="SeleniumLibrary">
<arg>${locator}</arg>
<arg>${timeout}</arg>
<doc>Waits until the element ``locator`` is visible.</doc>
<status status="PASS" start="2025-07-25T00:50:19.312443" elapsed="0.627136"/>
</kw>
<arg>${SISDEP_PASSWORD_FIELD}</arg>
<doc>Verifica que un elemento esté presente en la página</doc>
<status status="PASS" start="2025-07-25T00:50:19.310837" elapsed="0.628999"/>
</kw>
<kw name="Verificar Elemento Presente" owner="common_keywords">
<kw name="Wait Until Element Is Visible" owner="SeleniumLibrary">
<arg>${locator}</arg>
<arg>${timeout}</arg>
<doc>Waits until the element ``locator`` is visible.</doc>
<status status="PASS" start="2025-07-25T00:50:19.940901" elapsed="0.628477"/>
</kw>
<arg>${SISDEP_LOGIN_BUTTON}</arg>
<doc>Verifica que un elemento esté presente en la página</doc>
<status status="PASS" start="2025-07-25T00:50:19.940189" elapsed="0.629600"/>
</kw>
<doc>Verifica que todos los elementos de la página de login de SISDEP estén presentes</doc>
<status status="PASS" start="2025-07-25T00:50:18.040877" elapsed="2.529176"/>
</kw>
<kw name="Limpiar Campos De Login SISDEP" owner="sisdep_login_page">
<kw name="Limpiar Campo" owner="common_keywords">
<kw name="Clear Element Text" owner="SeleniumLibrary">
<arg>${locator}</arg>
<doc>Clears the value of the text-input-element identified by ``locator``.</doc>
<status status="PASS" start="2025-07-25T00:50:20.571858" elapsed="0.666456"/>
</kw>
<arg>${SISDEP_USERNAME_FIELD}</arg>
<doc>Limpia el contenido de un campo de texto</doc>
<status status="PASS" start="2025-07-25T00:50:20.571355" elapsed="0.667471"/>
</kw>
<kw name="Limpiar Campo" owner="common_keywords">
<kw name="Clear Element Text" owner="SeleniumLibrary">
<arg>${locator}</arg>
<doc>Clears the value of the text-input-element identified by ``locator``.</doc>
<status status="PASS" start="2025-07-25T00:50:21.240268" elapsed="0.668978"/>
</kw>
<arg>${SISDEP_PASSWORD_FIELD}</arg>
<doc>Limpia el contenido de un campo de texto</doc>
<status status="PASS" start="2025-07-25T00:50:21.239343" elapsed="0.670305"/>
</kw>
<doc>Limpia los campos de usuario y contraseña en SISDEP</doc>
<status status="PASS" start="2025-07-25T00:50:20.570795" elapsed="1.339031"/>
</kw>
<kw name="Tomar Screenshot" owner="common_keywords">
<kw name="Get Time" owner="BuiltIn">
<msg time="2025-07-25T00:50:21.912714" level="INFO">${timestamp} = 1753422621</msg>
<var>${timestamp}</var>
<arg>epoch</arg>
<doc>Returns the given time in the requested format.</doc>
<status status="PASS" start="2025-07-25T00:50:21.911989" elapsed="0.000851"/>
</kw>
<kw name="Set Variable" owner="BuiltIn">
<msg time="2025-07-25T00:50:21.913927" level="INFO">${screenshot_name} = validacion_campos_vacios_1753422621.png</msg>
<var>${screenshot_name}</var>
<arg>${nombre}_${timestamp}.png</arg>
<doc>Returns the given values which can then be assigned to a variables.</doc>
<status status="PASS" start="2025-07-25T00:50:21.913336" elapsed="0.000685"/>
</kw>
<kw name="Capture Page Screenshot" owner="SeleniumLibrary">
<msg time="2025-07-25T00:50:22.858769" level="INFO" html="true">&lt;/td&gt;&lt;/tr&gt;&lt;tr&gt;&lt;td colspan="3"&gt;&lt;a href="screenshots/validacion_campos_vacios_1753422621.png"&gt;&lt;img src="screenshots/validacion_campos_vacios_1753422621.png" width="800px"&gt;&lt;/a&gt;</msg>
<arg>${screenshot_name}</arg>
<doc>Takes a screenshot of the current page and embeds it into a log file.</doc>
<status status="PASS" start="2025-07-25T00:50:21.914486" elapsed="0.944589"/>
</kw>
<kw name="Log" owner="BuiltIn">
<msg time="2025-07-25T00:50:22.860175" level="INFO">Screenshot guardado como: validacion_campos_vacios_1753422621.png</msg>
<arg>Screenshot guardado como: ${screenshot_name}</arg>
<doc>Logs the given message with the given level.</doc>
<status status="PASS" start="2025-07-25T00:50:22.859533" elapsed="0.000861"/>
</kw>
<arg>validacion_campos_vacios</arg>
<doc>Toma una captura de pantalla con nombre personalizado</doc>
<status status="PASS" start="2025-07-25T00:50:21.911098" elapsed="0.949579"/>
</kw>
<kw name="Cerrar Navegador" owner="common_keywords" type="TEARDOWN">
<kw name="Close Browser" owner="SeleniumLibrary">
<doc>Closes the current browser.</doc>
<status status="PASS" start="2025-07-25T00:50:22.862854" elapsed="2.521865"/>
</kw>
<doc>Cierra el navegador actual</doc>
<status status="PASS" start="2025-07-25T00:50:22.861950" elapsed="2.523088"/>
</kw>
<doc>Test de validación de campos de login</doc>
<tag>autenticacion</tag>
<tag>regression</tag>
<tag>validacion</tag>
<status status="PASS" start="2025-07-25T00:50:12.353403" elapsed="13.032926"/>
</test>
<kw name="Teardown Test Environment" owner="config" type="TEARDOWN">
<kw name="Close All Browsers" owner="SeleniumLibrary">
<doc>Closes all open browsers and resets the browser cache.</doc>
<status status="PASS" start="2025-07-25T00:50:25.391234" elapsed="0.000566"/>
</kw>
<doc>Limpieza del entorno de pruebas</doc>
<status status="PASS" start="2025-07-25T00:50:25.389998" elapsed="0.002174"/>
</kw>
<doc>Suite completa de pruebas para la Feature: Autenticación de Usuario</doc>
<status status="PASS" start="2025-07-25T00:49:05.565430" elapsed="79.827168"/>
</suite>
<suite id="s1-s2" name="Administracion" source="C:\Users\nikog\OneDrive\Alcaldia\PruebasFuncionales\sisdep\test_suites\features\administracion">
<suite id="s1-s2-s1" name="Gestion Dominios" source="C:\Users\nikog\OneDrive\Alcaldia\PruebasFuncionales\sisdep\test_suites\features\administracion\gestion_dominios.robot">
<kw name="Setup Test Environment" owner="config" type="SETUP">
<kw name="Set Selenium Speed" owner="SeleniumLibrary">
<arg>${SELENIUM_SPEED}</arg>
<doc>Sets the delay that is waited after each Selenium command.</doc>
<status status="PASS" start="2025-07-25T00:50:25.471683" elapsed="0.001526"/>
</kw>
<kw name="Set Selenium Implicit Wait" owner="SeleniumLibrary">
<arg>${IMPLICIT_WAIT}</arg>
<doc>Sets the implicit wait value used by Selenium.</doc>
<status status="PASS" start="2025-07-25T00:50:25.473788" elapsed="0.000756"/>
</kw>
<kw name="Set Screenshot Directory" owner="SeleniumLibrary">
<arg>${SCREENSHOT_DIR}</arg>
<doc>Sets the directory for captured screenshots.</doc>
<status status="PASS" start="2025-07-25T00:50:25.474988" elapsed="0.001468"/>
</kw>
<kw name="Set Selenium Timeout" owner="SeleniumLibrary">
<arg>${EXPLICIT_WAIT}</arg>
<doc>Sets the timeout that is used by various keywords.</doc>
<status status="PASS" start="2025-07-25T00:50:25.476962" elapsed="0.000763"/>
</kw>
<kw name="Set Selenium Page Load Timeout" owner="SeleniumLibrary">
<arg>${PAGE_LOAD_TIMEOUT}</arg>
<doc>Sets the page load timeout value used by Selenium.</doc>
<status status="PASS" start="2025-07-25T00:50:25.478237" elapsed="0.000655"/>
</kw>
<doc>Configuración inicial del entorno de pruebas</doc>
<status status="PASS" start="2025-07-25T00:50:25.471012" elapsed="0.008165"/>
</kw>
<test id="s1-s2-s1-t1" name="Agregar Nuevo Valor A Dominio" line="12">
<kw name="Abrir Navegador" owner="common_keywords" type="SETUP">
<kw name="Evaluate" owner="BuiltIn">
<msg time="2025-07-25T00:50:25.483818" level="INFO">${chrome_options} = &lt;selenium.webdriver.chrome.options.Options object at 0x000001A49D463820&gt;</msg>
<var>${chrome_options}</var>
<arg>sys.modules['selenium.webdriver'].ChromeOptions()</arg>
<arg>sys, selenium.webdriver</arg>
<doc>Evaluates the given expression in Python and returns the result.</doc>
<status status="PASS" start="2025-07-25T00:50:25.482869" elapsed="0.001087"/>
</kw>
<kw name="Call Method" owner="BuiltIn">
<arg>${chrome_options}</arg>
<arg>add_argument</arg>
<arg>--ignore-ssl-errors</arg>
<doc>Calls the named method of the given object with the provided arguments.</doc>
<status status="PASS" start="2025-07-25T00:50:25.484468" elapsed="0.000916"/>
</kw>
<kw name="Call Method" owner="BuiltIn">
<arg>${chrome_options}</arg>
<arg>add_argument</arg>
<arg>--ignore-certificate-errors</arg>
<doc>Calls the named method of the given object with the provided arguments.</doc>
<status status="PASS" start="2025-07-25T00:50:25.486047" elapsed="0.000667"/>
</kw>
<kw name="Call Method" owner="BuiltIn">
<arg>${chrome_options}</arg>
<arg>add_argument</arg>
<arg>--allow-running-insecure-content</arg>
<doc>Calls the named method of the given object with the provided arguments.</doc>
<status status="PASS" start="2025-07-25T00:50:25.487236" elapsed="0.000309"/>
</kw>
<kw name="Call Method" owner="BuiltIn">
<arg>${chrome_options}</arg>
<arg>add_argument</arg>
<arg>--no-sandbox</arg>
<doc>Calls the named method of the given object with the provided arguments.</doc>
<status status="PASS" start="2025-07-25T00:50:25.487893" elapsed="0.000649"/>
</kw>
<kw name="Call Method" owner="BuiltIn">
<arg>${chrome_options}</arg>
<arg>add_argument</arg>
<arg>--disable-dev-shm-usage</arg>
<doc>Calls the named method of the given object with the provided arguments.</doc>
<status status="PASS" start="2025-07-25T00:50:25.489179" elapsed="0.000622"/>
</kw>
<kw name="Call Method" owner="BuiltIn">
<arg>${chrome_options}</arg>
<arg>add_argument</arg>
<arg>--disable-gpu</arg>
<doc>Calls the named method of the given object with the provided arguments.</doc>
<status status="PASS" start="2025-07-25T00:50:25.490313" elapsed="0.000682"/>
</kw>
<kw name="Call Method" owner="BuiltIn">
<arg>${chrome_options}</arg>
<arg>add_argument</arg>
<arg>--disable-extensions</arg>
<doc>Calls the named method of the given object with the provided arguments.</doc>
<status status="PASS" start="2025-07-25T00:50:25.491400" elapsed="0.000526"/>
</kw>
<kw name="Call Method" owner="BuiltIn">
<arg>${chrome_options}</arg>
<arg>add_argument</arg>
<arg>--disable-plugins</arg>
<doc>Calls the named method of the given object with the provided arguments.</doc>
<status status="PASS" start="2025-07-25T00:50:25.492453" elapsed="0.000581"/>
</kw>
<kw name="Open Browser" owner="SeleniumLibrary">
<msg time="2025-07-25T00:50:25.494927" level="INFO">Opening browser 'Chrome' to base url 'https://www.medellin.gov.co/sisdep'.</msg>
<arg>${url}</arg>
<arg>${BROWSER}</arg>
<arg>options=${chrome_options}</arg>
<doc>Opens a new browser instance to the optional ``url``.</doc>
<status status="PASS" start="2025-07-25T00:50:25.493824" elapsed="2.909666"/>
</kw>
<kw name="Maximize Browser Window" owner="SeleniumLibrary">
<doc>Maximizes current browser window.</doc>
<status status="PASS" start="2025-07-25T00:50:28.404384" elapsed="0.346232"/>
</kw>
<kw name="Setup Test Environment" owner="config">
<kw name="Set Selenium Speed" owner="SeleniumLibrary">
<arg>${SELENIUM_SPEED}</arg>
<doc>Sets the delay that is waited after each Selenium command.</doc>
<status status="PASS" start="2025-07-25T00:50:28.752470" elapsed="0.000824"/>
</kw>
<kw name="Set Selenium Implicit Wait" owner="SeleniumLibrary">
<arg>${IMPLICIT_WAIT}</arg>
<doc>Sets the implicit wait value used by Selenium.</doc>
<status status="PASS" start="2025-07-25T00:50:28.753867" elapsed="0.304028"/>
</kw>
<kw name="Set Screenshot Directory" owner="SeleniumLibrary">
<arg>${SCREENSHOT_DIR}</arg>
<doc>Sets the directory for captured screenshots.</doc>
<status status="PASS" start="2025-07-25T00:50:29.058755" elapsed="0.001794"/>
</kw>
<kw name="Set Selenium Timeout" owner="SeleniumLibrary">
<arg>${EXPLICIT_WAIT}</arg>
<doc>Sets the timeout that is used by various keywords.</doc>
<status status="PASS" start="2025-07-25T00:50:29.061425" elapsed="0.307253"/>
</kw>
<kw name="Set Selenium Page Load Timeout" owner="SeleniumLibrary">
<arg>${PAGE_LOAD_TIMEOUT}</arg>
<doc>Sets the page load timeout value used by Selenium.</doc>
<status status="PASS" start="2025-07-25T00:50:29.369201" elapsed="0.302862"/>
</kw>
<doc>Configuración inicial del entorno de pruebas</doc>
<status status="PASS" start="2025-07-25T00:50:28.751356" elapsed="0.921138"/>
</kw>
<arg>${SISDEP_URL}</arg>
<doc>Abre el navegador y maximiza la ventana</doc>
<status status="PASS" start="2025-07-25T00:50:25.481654" elapsed="4.191111"/>
</kw>
<kw name="Navegar A SISDEP" owner="sisdep_login_page">
<kw name="Go To" owner="SeleniumLibrary">
<msg time="2025-07-25T00:50:29.676055" level="INFO">Opening url 'https://www.medellin.gov.co/sisdep'</msg>
<arg>${SISDEP_URL}</arg>
<doc>Navigates the current browser window to the provided ``url``.</doc>
<status status="PASS" start="2025-07-25T00:50:29.675424" elapsed="0.527220"/>
</kw>
<kw name="Verificar Elemento Presente" owner="common_keywords">
<kw name="Wait Until Element Is Visible" owner="SeleniumLibrary">
<arg>${locator}</arg>
<arg>${timeout}</arg>
<doc>Waits until the element ``locator`` is visible.</doc>
<status status="PASS" start="2025-07-25T00:50:30.204849" elapsed="0.642985"/>
</kw>
<arg>${SISDEP_LOGIN_PAGE_TITLE}</arg>
<doc>Verifica que un elemento esté presente en la página</doc>
<status status="PASS" start="2025-07-25T00:50:30.203232" elapsed="0.645099"/>
</kw>
<doc>Navega a la página principal de SISDEP</doc>
<status status="PASS" start="2025-07-25T00:50:29.674252" elapsed="1.174383"/>
</kw>
<kw name="Realizar Login SISDEP" owner="sisdep_login_page">
<kw name="Ingresar Usuario SISDEP" owner="sisdep_login_page">
<kw name="Ingresar Texto" owner="common_keywords">
<kw name="Esperar Elemento Visible" owner="common_keywords">
<kw name="Wait Until Element Is Visible" owner="SeleniumLibrary">
<arg>${locator}</arg>
<arg>${timeout}</arg>
<doc>Waits until the element ``locator`` is visible.</doc>
<status status="PASS" start="2025-07-25T00:50:30.855504" elapsed="0.629970"/>
</kw>
<arg>${locator}</arg>
<arg>${timeout}</arg>
<doc>Espera a que un elemento sea visible</doc>
<status status="PASS" start="2025-07-25T00:50:30.853992" elapsed="0.631928"/>
</kw>
<kw name="Input Text" owner="SeleniumLibrary">
<msg time="2025-07-25T00:50:31.487242" level="INFO">Typing text 'admin' into text field 'id:usuario'.</msg>
<arg>${locator}</arg>
<arg>${texto}</arg>
<doc>Types the given ``text`` into the text field identified by ``locator``.</doc>
<status status="PASS" start="2025-07-25T00:50:31.486518" elapsed="1.127550"/>
</kw>
<arg>${SISDEP_USERNAME_FIELD}</arg>
<arg>${usuario}</arg>
<doc>Ingresa texto en un campo después de esperar que sea visible</doc>
<status status="PASS" start="2025-07-25T00:50:30.852521" elapsed="1.762011"/>
</kw>
<arg>${usuario}</arg>
<doc>Ingresa el nombre de usuario en SISDEP</doc>
<status status="PASS" start="2025-07-25T00:50:30.851544" elapsed="1.763422"/>
</kw>
<kw name="Ingresar Contraseña SISDEP" owner="sisdep_login_page">
<kw name="Ingresar Texto" owner="common_keywords">
<kw name="Esperar Elemento Visible" owner="common_keywords">
<kw name="Wait Until Element Is Visible" owner="SeleniumLibrary">
<arg>${locator}</arg>
<arg>${timeout}</arg>
<doc>Waits until the element ``locator`` is visible.</doc>
<status status="PASS" start="2025-07-25T00:50:32.619199" elapsed="0.635143"/>
</kw>
<arg>${locator}</arg>
<arg>${timeout}</arg>
<doc>Espera a que un elemento sea visible</doc>
<status status="PASS" start="2025-07-25T00:50:32.617964" elapsed="0.636759"/>
</kw>
<kw name="Input Text" owner="SeleniumLibrary">
<msg time="2025-07-25T00:50:33.255892" level="INFO">Typing text 'EspacioPublico2024?sisdep' into text field 'id:password'.</msg>
<arg>${locator}</arg>
<arg>${texto}</arg>
<doc>Types the given ``text`` into the text field identified by ``locator``.</doc>
<status status="PASS" start="2025-07-25T00:50:33.255161" elapsed="1.104437"/>
</kw>
<arg>${SISDEP_PASSWORD_FIELD}</arg>
<arg>${contraseña}</arg>
<doc>Ingresa texto en un campo después de esperar que sea visible</doc>
<status status="PASS" start="2025-07-25T00:50:32.616719" elapsed="1.743332"/>
</kw>
<arg>${contraseña}</arg>
<doc>Ingresa la contraseña en SISDEP</doc>
<status status="PASS" start="2025-07-25T00:50:32.615575" elapsed="1.744733"/>
</kw>
<kw name="Hacer Click En Login SISDEP" owner="sisdep_login_page">
<kw name="Hacer Click En Elemento" owner="common_keywords">
<kw name="Esperar Elemento Clickable" owner="common_keywords">
<kw name="Wait Until Element Is Enabled" owner="SeleniumLibrary">
<arg>${locator}</arg>
<arg>${timeout}</arg>
<doc>Waits until the element ``locator`` is enabled.</doc>
<status status="PASS" start="2025-07-25T00:50:34.365466" elapsed="0.960318"/>
</kw>
<arg>${locator}</arg>
<arg>${timeout}</arg>
<doc>Espera a que un elemento sea clickeable</doc>
<status status="PASS" start="2025-07-25T00:50:34.363819" elapsed="0.962307"/>
</kw>
<kw name="Click Element" owner="SeleniumLibrary">
<msg time="2025-07-25T00:50:35.327246" level="INFO">Clicking element 'xpath://button[.//span[text()='Iniciar sesión']]'.</msg>
<arg>${locator}</arg>
<doc>Click the element identified by ``locator``.</doc>
<status status="PASS" start="2025-07-25T00:50:35.326416" elapsed="0.735346"/>
</kw>
<arg>${SISDEP_LOGIN_BUTTON}</arg>
<doc>Hace click en un elemento después de esperar que sea clickeable</doc>
<status status="PASS" start="2025-07-25T00:50:34.362190" elapsed="1.699969"/>
</kw>
<doc>Hace click en el botón de login de SISDEP</doc>
<status status="PASS" start="2025-07-25T00:50:34.360932" elapsed="1.701451"/>
</kw>
<arg>${VALID_USERNAME}</arg>
<arg>${VALID_PASSWORD}</arg>
<doc>Realiza el proceso completo de login en SISDEP</doc>
<status status="PASS" start="2025-07-25T00:50:30.850117" elapsed="5.212470"/>
</kw>
<kw name="El Administrador Esta En Seccion Dominios" owner="sisdep_dominios_page">
<kw name="Hacer Click En Elemento" owner="common_keywords">
<kw name="Esperar Elemento Clickable" owner="common_keywords">
<kw name="Wait Until Element Is Enabled" owner="SeleniumLibrary">
<arg>${locator}</arg>
<arg>${timeout}</arg>
<doc>Waits until the element ``locator`` is enabled.</doc>
<status status="PASS" start="2025-07-25T00:50:36.067508" elapsed="7.169769"/>
</kw>
<arg>${locator}</arg>
<arg>${timeout}</arg>
<doc>Espera a que un elemento sea clickeable</doc>
<status status="PASS" start="2025-07-25T00:50:36.066219" elapsed="7.171515"/>
</kw>
<kw name="Click Element" owner="SeleniumLibrary">
<msg time="2025-07-25T00:50:43.238971" level="INFO">Clicking element 'xpath://div[@role='menuitem' and .//span[text()='Administracion']]'.</msg>
<arg>${locator}</arg>
<doc>Click the element identified by ``locator``.</doc>
<status status="PASS" start="2025-07-25T00:50:43.238296" elapsed="0.722617"/>
</kw>
<arg>${ADMINISTRACION_MENU}</arg>
<doc>Hace click en un elemento después de esperar que sea clickeable</doc>
<status status="PASS" start="2025-07-25T00:50:36.064883" elapsed="7.896353"/>
</kw>
<kw name="Sleep" owner="BuiltIn">
<msg time="2025-07-25T00:50:44.962695" level="INFO">Slept 1 second.</msg>
<arg>1s</arg>
<doc>Pauses the test executed for the given time.</doc>
<status status="PASS" start="2025-07-25T00:50:43.961639" elapsed="1.001385"/>
</kw>
<kw name="Hacer Click En Elemento" owner="common_keywords">
<kw name="Esperar Elemento Clickable" owner="common_keywords">
<kw name="Wait Until Element Is Enabled" owner="SeleniumLibrary">
<arg>${locator}</arg>
<arg>${timeout}</arg>
<doc>Waits until the element ``locator`` is enabled.</doc>
<status status="PASS" start="2025-07-25T00:50:44.967032" elapsed="0.996568"/>
</kw>
<arg>${locator}</arg>
<arg>${timeout}</arg>
<doc>Espera a que un elemento sea clickeable</doc>
<status status="PASS" start="2025-07-25T00:50:44.965469" elapsed="0.998347"/>
</kw>
<kw name="Click Element" owner="SeleniumLibrary">
<msg time="2025-07-25T00:50:45.964454" level="INFO">Clicking element 'xpath://a[@href='/sisdep/administracion/dominios']'.</msg>
<arg>${locator}</arg>
<doc>Click the element identified by ``locator``.</doc>
<status status="PASS" start="2025-07-25T00:50:45.964089" elapsed="0.977294"/>
</kw>
<arg>${DOMINIOS_SUBMENU}</arg>
<doc>Hace click en un elemento después de esperar que sea clickeable</doc>
<status status="PASS" start="2025-07-25T00:50:44.963764" elapsed="1.978100"/>
</kw>
<kw name="Sleep" owner="BuiltIn">
<msg time="2025-07-25T00:50:48.943873" level="INFO">Slept 2 seconds.</msg>
<arg>2s</arg>
<doc>Pauses the test executed for the given time.</doc>
<status status="PASS" start="2025-07-25T00:50:46.942499" elapsed="2.001795"/>
</kw>
<kw name="Verificar Elemento Presente" owner="common_keywords">
<kw name="Wait Until Element Is Visible" owner="SeleniumLibrary">
<arg>${locator}</arg>
<arg>${timeout}</arg>
<doc>Waits until the element ``locator`` is visible.</doc>
<status status="PASS" start="2025-07-25T00:50:48.946833" elapsed="0.655562"/>
</kw>
<arg>${NOMBRE_DOMINIO_INPUT}</arg>
<doc>Verifica que un elemento esté presente en la página</doc>
<status status="PASS" start="2025-07-25T00:50:48.945159" elapsed="0.657835"/>
</kw>
<doc>Navega a la sección de Administración - Dominios</doc>
<status status="PASS" start="2025-07-25T00:50:36.063753" elapsed="13.539588"/>
</kw>
<kw name="Selecciona Dominio Especifico" owner="sisdep_dominios_page">
<kw name="Ingresar Texto" owner="common_keywords">
<kw name="Esperar Elemento Visible" owner="common_keywords">
<kw name="Wait Until Element Is Visible" owner="SeleniumLibrary">
<arg>${locator}</arg>
<arg>${timeout}</arg>
<doc>Waits until the element ``locator`` is visible.</doc>
<status status="PASS" start="2025-07-25T00:50:49.609049" elapsed="0.638951"/>
</kw>
<arg>${locator}</arg>
<arg>${timeout}</arg>
<doc>Espera a que un elemento sea visible</doc>
<status status="PASS" start="2025-07-25T00:50:49.607329" elapsed="0.641160"/>
</kw>
<kw name="Input Text" owner="SeleniumLibrary">
<msg time="2025-07-25T00:50:50.250552" level="INFO">Typing text 'Social' into text field 'xpath://input[@role='textbox' and @aria-label='Nombre']'.</msg>
<arg>${locator}</arg>
<arg>${texto}</arg>
<doc>Types the given ``text`` into the text field identified by ``locator``.</doc>
<status status="PASS" start="2025-07-25T00:50:50.249363" elapsed="1.073391"/>
</kw>
<arg>${NOMBRE_DOMINIO_INPUT}</arg>
<arg>${nombre_dominio}</arg>
<doc>Ingresa texto en un campo después de esperar que sea visible</doc>
<status status="PASS" start="2025-07-25T00:50:49.605879" elapsed="1.717332"/>
</kw>
<kw name="Sleep" owner="BuiltIn">
<msg time="2025-07-25T00:50:52.324877" level="INFO">Slept 1 second.</msg>
<arg>1s</arg>
<doc>Pauses the test executed for the given time.</doc>
<status status="PASS" start="2025-07-25T00:50:51.323817" elapsed="1.001238"/>
</kw>
<kw name="Hacer Click En Elemento" owner="common_keywords">
<kw name="Esperar Elemento Clickable" owner="common_keywords">
<kw name="Wait Until Element Is Enabled" owner="SeleniumLibrary">
<arg>${locator}</arg>
<arg>${timeout}</arg>
<doc>Waits until the element ``locator`` is enabled.</doc>
<status status="PASS" start="2025-07-25T00:50:52.329647" elapsed="0.944450"/>
</kw>
<arg>${locator}</arg>
<arg>${timeout}</arg>
<doc>Espera a que un elemento sea clickeable</doc>
<status status="PASS" start="2025-07-25T00:50:52.328756" elapsed="0.945654"/>
</kw>
<kw name="Click Element" owner="SeleniumLibrary">
<msg time="2025-07-25T00:50:53.275367" level="INFO">Clicking element 'xpath://button[@aria-label='Ver dominios']'.</msg>
<arg>${locator}</arg>
<doc>Click the element identified by ``locator``.</doc>
<status status="PASS" start="2025-07-25T00:50:53.274807" elapsed="0.762067"/>
</kw>
<arg>${VER_DOMINIOS_BUTTON}</arg>
<doc>Hace click en un elemento después de esperar que sea clickeable</doc>
<status status="PASS" start="2025-07-25T00:50:52.325622" elapsed="1.711595"/>
</kw>
<kw name="Sleep" owner="BuiltIn">
<msg time="2025-07-25T00:50:56.038615" level="INFO">Slept 2 seconds.</msg>
<arg>2s</arg>
<doc>Pauses the test executed for the given time.</doc>
<status status="PASS" start="2025-07-25T00:50:54.037591" elapsed="2.001404"/>
</kw>
<kw name="Hacer Click En Elemento" owner="common_keywords">
<kw name="Esperar Elemento Clickable" owner="common_keywords">
<kw name="Wait Until Element Is Enabled" owner="SeleniumLibrary">
<arg>${locator}</arg>
<arg>${timeout}</arg>
<doc>Waits until the element ``locator`` is enabled.</doc>
<status status="PASS" start="2025-07-25T00:50:56.043305" elapsed="0.965385"/>
</kw>
<arg>${locator}</arg>
<arg>${timeout}</arg>
<doc>Espera a que un elemento sea clickeable</doc>
<status status="PASS" start="2025-07-25T00:50:56.041628" elapsed="0.967382"/>
</kw>
<kw name="Click Element" owner="SeleniumLibrary">
<msg time="2025-07-25T00:50:57.010033" level="INFO">Clicking element 'xpath://a[@rel='nofollow'][text()='5']'.</msg>
<arg>${locator}</arg>
<doc>Click the element identified by ``locator``.</doc>
<status status="PASS" start="2025-07-25T00:50:57.009409" elapsed="0.720031"/>
</kw>
<arg>${PAGINA_5_BUTTON}</arg>
<doc>Hace click en un elemento después de esperar que sea clickeable</doc>
<status status="PASS" start="2025-07-25T00:50:56.039860" elapsed="1.689955"/>
</kw>
<kw name="Sleep" owner="BuiltIn">
<msg time="2025-07-25T00:50:59.732635" level="INFO">Slept 2 seconds.</msg>
<arg>2s</arg>
<doc>Pauses the test executed for the given time.</doc>
<status status="PASS" start="2025-07-25T00:50:57.730529" elapsed="2.002384"/>
</kw>
<kw name="Set Variable" owner="BuiltIn">
<msg time="2025-07-25T00:50:59.733918" level="INFO">${DOMINIO_ITEM_LOCATOR} = xpath://li[@class='ant-list-item'][contains(text(),'Etapa ciclo vital')]</msg>
<var>${DOMINIO_ITEM_LOCATOR}</var>
<arg>xpath://li[@class='ant-list-item'][contains(text(),'Etapa ciclo vital')]</arg>
<doc>Returns the given values which can then be assigned to a variables.</doc>
<status status="PASS" start="2025-07-25T00:50:59.733399" elapsed="0.000608"/>
</kw>
<kw name="Hacer Click En Elemento" owner="common_keywords">
<kw name="Esperar Elemento Clickable" owner="common_keywords">
<kw name="Wait Until Element Is Enabled" owner="SeleniumLibrary">
<arg>${locator}</arg>
<arg>${timeout}</arg>
<doc>Waits until the element ``locator`` is enabled.</doc>
<status status="PASS" start="2025-07-25T00:50:59.736296" elapsed="0.964026"/>
</kw>
<arg>${locator}</arg>
<arg>${timeout}</arg>
<doc>Espera a que un elemento sea clickeable</doc>
<status status="PASS" start="2025-07-25T00:50:59.735444" elapsed="0.965341"/>
</kw>
<kw name="Click Element" owner="SeleniumLibrary">
<msg time="2025-07-25T00:51:00.702323" level="INFO">Clicking element 'xpath://li[@class='ant-list-item'][contains(text(),'Etapa ciclo vital')]'.</msg>
<arg>${locator}</arg>
<doc>Click the element identified by ``locator``.</doc>
<status status="PASS" start="2025-07-25T00:51:00.701419" elapsed="0.802719"/>
</kw>
<arg>${DOMINIO_ITEM_LOCATOR}</arg>
<doc>Hace click en un elemento después de esperar que sea clickeable</doc>
<status status="PASS" start="2025-07-25T00:50:59.734526" elapsed="1.770026"/>
</kw>
<kw name="Sleep" owner="BuiltIn">
<msg time="2025-07-25T00:51:03.506229" level="INFO">Slept 2 seconds.</msg>
<arg>2s</arg>
<doc>Pauses the test executed for the given time.</doc>
<status status="PASS" start="2025-07-25T00:51:01.505209" elapsed="2.001399"/>
</kw>
<kw name="Verificar Elemento Presente" owner="common_keywords">
<kw name="Wait Until Element Is Visible" owner="SeleniumLibrary">
<arg>${locator}</arg>
<arg>${timeout}</arg>
<doc>Waits until the element ``locator`` is visible.</doc>
<status status="PASS" start="2025-07-25T00:51:03.507822" elapsed="0.636857"/>
</kw>
<arg>${NUEVO_VALOR_INPUT}</arg>
<doc>Verifica que un elemento esté presente en la página</doc>
<status status="PASS" start="2025-07-25T00:51:03.507171" elapsed="0.637937"/>
</kw>
<arg>${DOMINIO_TIPO_DOCUMENTO}</arg>
<doc>Selecciona un dominio específico de la lista</doc>
<status status="PASS" start="2025-07-25T00:50:49.604475" elapsed="14.541007"/>
</kw>
<kw name="Ingresa Nuevo Valor En Dominio" owner="sisdep_dominios_page">
<kw name="Ingresar Texto" owner="common_keywords">
<kw name="Esperar Elemento Visible" owner="common_keywords">
<kw name="Wait Until Element Is Visible" owner="SeleniumLibrary">
<arg>${locator}</arg>
<arg>${timeout}</arg>
<doc>Waits until the element ``locator`` is visible.</doc>
<status status="PASS" start="2025-07-25T00:51:04.151097" elapsed="0.633064"/>
</kw>
<arg>${locator}</arg>
<arg>${timeout}</arg>
<doc>Espera a que un elemento sea visible</doc>
<status status="PASS" start="2025-07-25T00:51:04.149761" elapsed="0.634730"/>
</kw>
<kw name="Input Text" owner="SeleniumLibrary">
<msg time="2025-07-25T00:51:04.785590" level="INFO">Typing text 'Nueva EPS Test' into text field 'xpath://input[@role='textbox' and @id='descripcion']'.</msg>
<arg>${locator}</arg>
<arg>${texto}</arg>
<doc>Types the given ``text`` into the text field identified by ``locator``.</doc>
<status status="PASS" start="2025-07-25T00:51:04.784892" elapsed="1.130825"/>
</kw>
<arg>${NUEVO_VALOR_INPUT}</arg>
<arg>${nuevo_valor}</arg>
<doc>Ingresa texto en un campo después de esperar que sea visible</doc>
<status status="PASS" start="2025-07-25T00:51:04.148411" elapsed="1.767790"/>
</kw>
<arg>${NUEVO_VALOR_DOMINIO}</arg>
<doc>Ingresa un nuevo valor en el campo correspondiente</doc>
<status status="PASS" start="2025-07-25T00:51:04.146707" elapsed="1.769841"/>
</kw>
<kw name="Cerrar Navegador" owner="common_keywords" type="TEARDOWN">
[...]
<arg>sys, selenium.webdriver</arg>
<doc>Evaluates the given expression in Python and returns the result.</doc>
<status status="PASS" start="2025-07-25T01:20:23.863254" elapsed="0.000975"/>
</kw>
<kw name="Call Method" owner="BuiltIn">
<arg>${chrome_options}</arg>
<arg>add_argument</arg>
<arg>--ignore-ssl-errors</arg>
<doc>Calls the named method of the given object with the provided arguments.</doc>
<status status="PASS" start="2025-07-25T01:20:23.865160" elapsed="0.000551"/>
</kw>
<kw name="Call Method" owner="BuiltIn">
<arg>${chrome_options}</arg>
<arg>add_argument</arg>
<arg>--ignore-certificate-errors</arg>
<doc>Calls the named method of the given object with the provided arguments.</doc>
<status status="PASS" start="2025-07-25T01:20:23.866130" elapsed="0.000459"/>
</kw>
<kw name="Call Method" owner="BuiltIn">
<arg>${chrome_options}</arg>
<arg>add_argument</arg>
<arg>--allow-running-insecure-content</arg>
<doc>Calls the named method of the given object with the provided arguments.</doc>
<status status="PASS" start="2025-07-25T01:20:23.866775" elapsed="0.000160"/>
</kw>
<kw name="Call Method" owner="BuiltIn">
<arg>${chrome_options}</arg>
<arg>add_argument</arg>
<arg>--no-sandbox</arg>
<doc>Calls the named method of the given object with the provided arguments.</doc>
<status status="PASS" start="2025-07-25T01:20:23.867074" elapsed="0.000290"/>
</kw>
<kw name="Call Method" owner="BuiltIn">
<arg>${chrome_options}</arg>
<arg>add_argument</arg>
<arg>--disable-dev-shm-usage</arg>
<doc>Calls the named method of the given object with the provided arguments.</doc>
<status status="PASS" start="2025-07-25T01:20:23.867717" elapsed="0.000478"/>
</kw>
<kw name="Call Method" owner="BuiltIn">
<arg>${chrome_options}</arg>
<arg>add_argument</arg>
<arg>--disable-gpu</arg>
<doc>Calls the named method of the given object with the provided arguments.</doc>
<status status="PASS" start="2025-07-25T01:20:23.868638" elapsed="0.000500"/>
</kw>
<kw name="Call Method" owner="BuiltIn">
<arg>${chrome_options}</arg>
<arg>add_argument</arg>
<arg>--disable-extensions</arg>
<doc>Calls the named method of the given object with the provided arguments.</doc>
<status status="PASS" start="2025-07-25T01:20:23.869548" elapsed="0.000481"/>
</kw>
<kw name="Call Method" owner="BuiltIn">
<arg>${chrome_options}</arg>
<arg>add_argument</arg>
<arg>--disable-plugins</arg>
<doc>Calls the named method of the given object with the provided arguments.</doc>
<status status="PASS" start="2025-07-25T01:20:23.870418" elapsed="0.000523"/>
</kw>
<kw name="Open Browser" owner="SeleniumLibrary">
<msg time="2025-07-25T01:20:23.872229" level="INFO">Opening browser 'Chrome' to base url 'https://www.medellin.gov.co/sisdep'.</msg>
<arg>${url}</arg>
<arg>${BROWSER}</arg>
<arg>options=${chrome_options}</arg>
<doc>Opens a new browser instance to the optional ``url``.</doc>
<status status="PASS" start="2025-07-25T01:20:23.871411" elapsed="3.206505"/>
</kw>
<kw name="Maximize Browser Window" owner="SeleniumLibrary">
<doc>Maximizes current browser window.</doc>
<status status="PASS" start="2025-07-25T01:20:27.078347" elapsed="0.356604"/>
</kw>
<kw name="Setup Test Environment" owner="config">
<kw name="Set Selenium Speed" owner="SeleniumLibrary">
<arg>${SELENIUM_SPEED}</arg>
<doc>Sets the delay that is waited after each Selenium command.</doc>
<status status="PASS" start="2025-07-25T01:20:27.436440" elapsed="0.000679"/>
</kw>
<kw name="Set Selenium Implicit Wait" owner="SeleniumLibrary">
<arg>${IMPLICIT_WAIT}</arg>
<doc>Sets the implicit wait value used by Selenium.</doc>
<status status="PASS" start="2025-07-25T01:20:27.437520" elapsed="0.302954"/>
</kw>
<kw name="Set Screenshot Directory" owner="SeleniumLibrary">
<arg>${SCREENSHOT_DIR}</arg>
<doc>Sets the directory for captured screenshots.</doc>
<status status="PASS" start="2025-07-25T01:20:27.740835" elapsed="0.000681"/>
</kw>
<kw name="Set Selenium Timeout" owner="SeleniumLibrary">
<arg>${EXPLICIT_WAIT}</arg>
<doc>Sets the timeout that is used by various keywords.</doc>
<status status="PASS" start="2025-07-25T01:20:27.741786" elapsed="0.302518"/>
</kw>
<kw name="Set Selenium Page Load Timeout" owner="SeleniumLibrary">
<arg>${PAGE_LOAD_TIMEOUT}</arg>
<doc>Sets the page load timeout value used by Selenium.</doc>
<status status="PASS" start="2025-07-25T01:20:28.044898" elapsed="0.303472"/>
</kw>
<doc>Configuración inicial del entorno de pruebas</doc>
<status status="PASS" start="2025-07-25T01:20:27.435624" elapsed="0.914494"/>
</kw>
<arg>${SISDEP_URL}</arg>
<doc>Abre el navegador y maximiza la ventana</doc>
<status status="PASS" start="2025-07-25T01:20:23.861670" elapsed="4.488651"/>
</kw>
<kw name="Navegar A SISDEP" owner="sisdep_login_page">
<kw name="Go To" owner="SeleniumLibrary">
<msg time="2025-07-25T01:20:28.354635" level="INFO">Opening url 'https://www.medellin.gov.co/sisdep'</msg>
<arg>${SISDEP_URL}</arg>
<doc>Navigates the current browser window to the provided ``url``.</doc>
<status status="PASS" start="2025-07-25T01:20:28.353788" elapsed="0.543945"/>
</kw>
<kw name="Verificar Elemento Presente" owner="common_keywords">
<kw name="Wait Until Element Is Visible" owner="SeleniumLibrary">
<arg>${locator}</arg>
<arg>${timeout}</arg>
<doc>Waits until the element ``locator`` is visible.</doc>
<status status="PASS" start="2025-07-25T01:20:28.899339" elapsed="0.636896"/>
</kw>
<arg>${SISDEP_LOGIN_PAGE_TITLE}</arg>
<doc>Verifica que un elemento esté presente en la página</doc>
<status status="PASS" start="2025-07-25T01:20:28.898348" elapsed="0.638269"/>
</kw>
<doc>Navega a la página principal de SISDEP</doc>
<status status="PASS" start="2025-07-25T01:20:28.352861" elapsed="1.183976"/>
</kw>
<kw name="Realizar Login SISDEP" owner="sisdep_login_page">
<kw name="Ingresar Usuario SISDEP" owner="sisdep_login_page">
<kw name="Ingresar Texto" owner="common_keywords">
<kw name="Esperar Elemento Visible" owner="common_keywords">
<kw name="Wait Until Element Is Visible" owner="SeleniumLibrary">
<arg>${locator}</arg>
<arg>${timeout}</arg>
<doc>Waits until the element ``locator`` is visible.</doc>
<status status="PASS" start="2025-07-25T01:20:29.540446" elapsed="0.623868"/>
</kw>
<arg>${locator}</arg>
<arg>${timeout}</arg>
<doc>Espera a que un elemento sea visible</doc>
<status status="PASS" start="2025-07-25T01:20:29.539752" elapsed="0.624898"/>
</kw>
<kw name="Input Text" owner="SeleniumLibrary">
<msg time="2025-07-25T01:20:30.165626" level="INFO">Typing text 'admin' into text field 'id:usuario'.</msg>
<arg>${locator}</arg>
<arg>${texto}</arg>
<doc>Types the given ``text`` into the text field identified by ``locator``.</doc>
<status status="PASS" start="2025-07-25T01:20:30.165006" elapsed="1.076208"/>
</kw>
<arg>${SISDEP_USERNAME_FIELD}</arg>
<arg>${usuario}</arg>
<doc>Ingresa texto en un campo después de esperar que sea visible</doc>
<status status="PASS" start="2025-07-25T01:20:29.538914" elapsed="1.702665"/>
</kw>
<arg>${usuario}</arg>
<doc>Ingresa el nombre de usuario en SISDEP</doc>
<status status="PASS" start="2025-07-25T01:20:29.538228" elapsed="1.703587"/>
</kw>
<kw name="Ingresar Contraseña SISDEP" owner="sisdep_login_page">
<kw name="Ingresar Texto" owner="common_keywords">
<kw name="Esperar Elemento Visible" owner="common_keywords">
<kw name="Wait Until Element Is Visible" owner="SeleniumLibrary">
<arg>${locator}</arg>
<arg>${timeout}</arg>
<doc>Waits until the element ``locator`` is visible.</doc>
<status status="PASS" start="2025-07-25T01:20:31.245084" elapsed="0.631542"/>
</kw>
<arg>${locator}</arg>
<arg>${timeout}</arg>
<doc>Espera a que un elemento sea visible</doc>
<status status="PASS" start="2025-07-25T01:20:31.244192" elapsed="0.632744"/>
</kw>
<kw name="Input Text" owner="SeleniumLibrary">
<msg time="2025-07-25T01:20:31.877862" level="INFO">Typing text 'EspacioPublico2024?sisdep' into text field 'id:password'.</msg>
<arg>${locator}</arg>
<arg>${texto}</arg>
<doc>Types the given ``text`` into the text field identified by ``locator``.</doc>
<status status="PASS" start="2025-07-25T01:20:31.877277" elapsed="1.136599"/>
</kw>
<arg>${SISDEP_PASSWORD_FIELD}</arg>
<arg>${contraseña}</arg>
<doc>Ingresa texto en un campo después de esperar que sea visible</doc>
<status status="PASS" start="2025-07-25T01:20:31.243456" elapsed="1.770595"/>
</kw>
<arg>${contraseña}</arg>
<doc>Ingresa la contraseña en SISDEP</doc>
<status status="PASS" start="2025-07-25T01:20:31.242362" elapsed="1.771906"/>
</kw>
<kw name="Hacer Click En Login SISDEP" owner="sisdep_login_page">
<kw name="Hacer Click En Elemento" owner="common_keywords">
<kw name="Esperar Elemento Clickable" owner="common_keywords">
<kw name="Wait Until Element Is Enabled" owner="SeleniumLibrary">
<arg>${locator}</arg>
<arg>${timeout}</arg>
<doc>Waits until the element ``locator`` is enabled.</doc>
<status status="PASS" start="2025-07-25T01:20:33.017937" elapsed="0.945584"/>
</kw>
<arg>${locator}</arg>
<arg>${timeout}</arg>
<doc>Espera a que un elemento sea clickeable</doc>
<status status="PASS" start="2025-07-25T01:20:33.016868" elapsed="0.946851"/>
</kw>
<kw name="Click Element" owner="SeleniumLibrary">
<msg time="2025-07-25T01:20:33.964312" level="INFO">Clicking element 'xpath://button[.//span[text()='Iniciar sesión']]'.</msg>
<arg>${locator}</arg>
<doc>Click the element identified by ``locator``.</doc>
<status status="PASS" start="2025-07-25T01:20:33.963954" elapsed="0.706487"/>
</kw>
<arg>${SISDEP_LOGIN_BUTTON}</arg>
<doc>Hace click en un elemento después de esperar que sea clickeable</doc>
<status status="PASS" start="2025-07-25T01:20:33.015676" elapsed="1.655140"/>
</kw>
<doc>Hace click en el botón de login de SISDEP</doc>
<status status="PASS" start="2025-07-25T01:20:33.014813" elapsed="1.656238"/>
</kw>
<arg>${VALID_USERNAME}</arg>
<arg>${VALID_PASSWORD}</arg>
<doc>Realiza el proceso completo de login en SISDEP</doc>
<status status="PASS" start="2025-07-25T01:20:29.537465" elapsed="5.133774"/>
</kw>
<kw name="Hacer Click En Boton Excel Venteros" owner="sisdep_venteros_page">
<kw name="Hacer Click En Elemento" owner="common_keywords">
<kw name="Esperar Elemento Clickable" owner="common_keywords">
<kw name="Wait Until Element Is Enabled" owner="SeleniumLibrary">
<arg>${locator}</arg>
<arg>${timeout}</arg>
<doc>Waits until the element ``locator`` is enabled.</doc>
<status status="PASS" start="2025-07-25T01:20:34.674629" elapsed="7.668202"/>
</kw>
<arg>${locator}</arg>
<arg>${timeout}</arg>
<doc>Espera a que un elemento sea clickeable</doc>
<status status="PASS" start="2025-07-25T01:20:34.673625" elapsed="7.669752"/>
</kw>
<kw name="Click Element" owner="SeleniumLibrary">
<msg time="2025-07-25T01:20:42.345111" level="INFO">Clicking element 'xpath://a[@href='/sisdep/personas']'.</msg>
<arg>${locator}</arg>
<doc>Click the element identified by ``locator``.</doc>
<status status="PASS" start="2025-07-25T01:20:42.344090" elapsed="0.782353"/>
</kw>
<arg>${PERSONAS}</arg>
<doc>Hace click en un elemento después de esperar que sea clickeable</doc>
<status status="PASS" start="2025-07-25T01:20:34.672646" elapsed="8.454197"/>
</kw>
<kw name="Sleep" owner="BuiltIn">
<msg time="2025-07-25T01:20:45.128180" level="INFO">Slept 2 seconds.</msg>
<arg>2s</arg>
<doc>Pauses the test executed for the given time.</doc>
<status status="PASS" start="2025-07-25T01:20:43.127330" elapsed="2.001122"/>
</kw>
<kw name="Ingresar Texto" owner="common_keywords">
<kw name="Esperar Elemento Visible" owner="common_keywords">
<kw name="Wait Until Element Is Visible" owner="SeleniumLibrary">
<arg>${locator}</arg>
<arg>${timeout}</arg>
<doc>Waits until the element ``locator`` is visible.</doc>
<status status="PASS" start="2025-07-25T01:20:45.131691" elapsed="0.633752"/>
</kw>
<arg>${locator}</arg>
<arg>${timeout}</arg>
<doc>Espera a que un elemento sea visible</doc>
<status status="PASS" start="2025-07-25T01:20:45.130503" elapsed="0.635293"/>
</kw>
<kw name="Input Text" owner="SeleniumLibrary">
<msg time="2025-07-25T01:20:45.767160" level="INFO">Typing text '2745431024' into text field 'xpath://input[@id='documento' and @placeholder='Documento']'.</msg>
<arg>${locator}</arg>
<arg>${texto}</arg>
<doc>Types the given ``text`` into the text field identified by ``locator``.</doc>
<status status="PASS" start="2025-07-25T01:20:45.766339" elapsed="1.393037"/>
</kw>
<arg>${FILTRO_DOCUMENTO_INPUT}</arg>
<arg>${DOCUMENTO}</arg>
<doc>Ingresa texto en un campo después de esperar que sea visible</doc>
<status status="PASS" start="2025-07-25T01:20:45.129126" elapsed="2.030473"/>
</kw>
<kw name="Sleep" owner="BuiltIn">
<msg time="2025-07-25T01:20:48.161000" level="INFO">Slept 1 second.</msg>
<arg>1s</arg>
<doc>Pauses the test executed for the given time.</doc>
<status status="PASS" start="2025-07-25T01:20:47.159862" elapsed="1.001334"/>
</kw>
<kw name="Hacer Click En Elemento" owner="common_keywords">
<kw name="Esperar Elemento Clickable" owner="common_keywords">
<kw name="Wait Until Element Is Enabled" owner="SeleniumLibrary">
<arg>${locator}</arg>
<arg>${timeout}</arg>
<doc>Waits until the element ``locator`` is enabled.</doc>
<status status="PASS" start="2025-07-25T01:20:48.163310" elapsed="0.947739"/>
</kw>
<arg>${locator}</arg>
<arg>${timeout}</arg>
<doc>Espera a que un elemento sea clickeable</doc>
<status status="PASS" start="2025-07-25T01:20:48.162497" elapsed="0.948953"/>
</kw>
<kw name="Click Element" owner="SeleniumLibrary">
<msg time="2025-07-25T01:20:49.112172" level="INFO">Clicking element 'xpath://button[.//span[text()='Excel'] and @type='button']'.</msg>
<arg>${locator}</arg>
<doc>Click the element identified by ``locator``.</doc>
<status status="PASS" start="2025-07-25T01:20:49.111855" elapsed="0.713461"/>
</kw>
<arg>${EXCEL_VENTEROS_BUTTON}</arg>
<doc>Hace click en un elemento después de esperar que sea clickeable</doc>
<status status="PASS" start="2025-07-25T01:20:48.161562" elapsed="1.665250"/>
</kw>
<kw name="Sleep" owner="BuiltIn">
<msg time="2025-07-25T01:20:51.832540" level="INFO">Slept 2 seconds.</msg>
<arg>2s</arg>
<doc>Pauses the test executed for the given time.</doc>
<status status="PASS" start="2025-07-25T01:20:49.831830" elapsed="2.000970"/>
</kw>
<arg>${DOCUMENTO_PRUEBA}</arg>
<doc>Hace clic en el botón Excel para exportar los venteros filtrados</doc>
<status status="PASS" start="2025-07-25T01:20:34.671893" elapsed="17.161183"/>
</kw>
<kw name="Cerrar Navegador" owner="common_keywords" type="TEARDOWN">
<kw name="Close Browser" owner="SeleniumLibrary">
<doc>Closes the current browser.</doc>
<status status="PASS" start="2025-07-25T01:20:51.834212" elapsed="2.462718"/>
</kw>
<doc>Cierra el navegador actual</doc>
<status status="PASS" start="2025-07-25T01:20:51.833822" elapsed="2.463554"/>
</kw>
<doc>Given que el usuario se encuentra en el menú "Persona".
When aplica los filtros de búsqueda deseados.
And hace clic en el botón "Excel".
Then el sistema descarga un reporte en formato Excel con los venteros filtrados.</doc>
<tag>excel</tag>
<tag>reporte</tag>
<tag>venteros</tag>
<status status="PASS" start="2025-07-25T01:20:23.859161" elapsed="30.438744"/>
</test>
<kw name="Teardown Test Environment" owner="config" type="TEARDOWN">
<kw name="Close All Browsers" owner="SeleniumLibrary">
<doc>Closes all open browsers and resets the browser cache.</doc>
<status status="PASS" start="2025-07-25T01:20:54.299198" elapsed="0.000307"/>
</kw>
<doc>Limpieza del entorno de pruebas</doc>
<status status="PASS" start="2025-07-25T01:20:54.298997" elapsed="0.000681"/>
</kw>
<doc>Suite de pruebas para la Feature: Gestión de Venteros (Social)</doc>
<status status="PASS" start="2025-07-25T01:18:33.610916" elapsed="140.688853"/>
</suite>
<status status="PASS" start="2025-07-25T01:11:00.318001" elapsed="593.984355"/>
</suite>
<status status="FAIL" start="2025-07-25T00:49:05.518336" elapsed="1908.787016"/>
</suite>
<statistics>
<total>
<stat pass="40" fail="3" skip="0">All Tests</stat>
</total>
<tag>
<stat pass="4" fail="0" skip="0">actualizar</stat>
<stat pass="8" fail="1" skip="0">administracion</stat>
<stat pass="1" fail="1" skip="0">agregar</stat>
<stat pass="1" fail="0" skip="0">asignar</stat>
<stat pass="4" fail="0" skip="0">autenticacion</stat>
<stat pass="6" fail="1" skip="0">autorizaciones</stat>
<stat pass="4" fail="0" skip="0">crear</stat>
<stat pass="3" fail="1" skip="0">dominios</stat>
<stat pass="4" fail="0" skip="0">eliminar</stat>
<stat pass="2" fail="0" skip="0">excel</stat>
<stat pass="1" fail="0" skip="0">flujo_completo</stat>
<stat pass="9" fail="1" skip="0">funcional</stat>
<stat pass="3" fail="1" skip="0">grupos</stat>
<stat pass="2" fail="0" skip="0">login</stat>
<stat pass="3" fail="0" skip="0">modulos</stat>
<stat pass="2" fail="3" skip="0">negativo</stat>
<stat pass="3" fail="1" skip="0">permisos</stat>
<stat pass="20" fail="0" skip="0">positivo</stat>
<stat pass="1" fail="0" skip="0">regression</stat>
<stat pass="2" fail="0" skip="0">reporte</stat>
<stat pass="1" fail="1" skip="0">resolucion</stat>
<stat pass="2" fail="0" skip="0">smoke</stat>
<stat pass="5" fail="0" skip="0">usuarios</stat>
<stat pass="1" fail="0" skip="0">validacion</stat>
<stat pass="3" fail="0" skip="0">venteros</stat>
<stat pass="1" fail="0" skip="0">visita</stat>
<stat pass="3" fail="0" skip="0">visitas</stat>
</tag>
<suite>
<stat name="Autenticacion Suite &amp; Administracion &amp; Regulaciones &amp; Social" id="s1" pass="40" fail="3" skip="0">Autenticacion Suite &amp; Administracion &amp; Regulaciones &amp; Social</stat>
<stat name="Autenticacion Suite" id="s1-s1" pass="4" fail="0" skip="0">Autenticacion Suite &amp; Administracion &amp; Regulaciones &amp; Social.Autenticacion Suite</stat>
<stat name="Administracion" id="s1-s2" pass="11" fail="2" skip="0">Autenticacion Suite &amp; Administracion &amp; Regulaciones &amp; Social.Administracion</stat>
<stat name="Gestion Dominios" id="s1-s2-s1" pass="3" fail="1" skip="0">Autenticacion Suite &amp; Administracion &amp; Regulaciones &amp; Social.Administracion.Gestion Dominios</stat>
<stat name="Gestion Grupos Permisos" id="s1-s2-s2" pass="3" fail="1" skip="0">Autenticacion Suite &amp; Administracion &amp; Regulaciones &amp; Social.Administracion.Gestion Grupos Permisos</stat>
<stat name="Gestion Usuarios" id="s1-s2-s3" pass="5" fail="0" skip="0">Autenticacion Suite &amp; Administracion &amp; Regulaciones &amp; Social.Administracion.Gestion Usuarios</stat>
<stat name="Regulaciones" id="s1-s3" pass="12" fail="1" skip="0">Autenticacion Suite &amp; Administracion &amp; Regulaciones &amp; Social.Regulaciones</stat>
<stat name="Asignacion Visitas" id="s1-s3-s1" pass="3" fail="0" skip="0">Autenticacion Suite &amp; Administracion &amp; Regulaciones &amp; Social.Regulaciones.Asignacion Visitas</stat>
<stat name="Gestion Autorizaciones" id="s1-s3-s2" pass="6" fail="1" skip="0">Autenticacion Suite &amp; Administracion &amp; Regulaciones &amp; Social.Regulaciones.Gestion Autorizaciones</stat>
<stat name="Gestion Modulos" id="s1-s3-s3" pass="3" fail="0" skip="0">Autenticacion Suite &amp; Administracion &amp; Regulaciones &amp; Social.Regulaciones.Gestion Modulos</stat>
<stat name="Social" id="s1-s4" pass="13" fail="0" skip="0">Autenticacion Suite &amp; Administracion &amp; Regulaciones &amp; Social.Social</stat>
<stat name="Estudio Socioeconomico" id="s1-s4-s1" pass="3" fail="0" skip="0">Autenticacion Suite &amp; Administracion &amp; Regulaciones &amp; Social.Social.Estudio Socioeconomico</stat>
<stat name="Gestion Ofertas Institucionales" id="s1-s4-s2" pass="4" fail="0" skip="0">Autenticacion Suite &amp; Administracion &amp; Regulaciones &amp; Social.Social.Gestion Ofertas Institucionales</stat>
<stat name="Gestion Vehiculos" id="s1-s4-s3" pass="3" fail="0" skip="0">Autenticacion Suite &amp; Administracion &amp; Regulaciones &amp; Social.Social.Gestion Vehiculos</stat>
<stat name="Gestion Venteros" id="s1-s4-s4" pass="3" fail="0" skip="0">Autenticacion Suite &amp; Administracion &amp; Regulaciones &amp; Social.Social.Gestion Venteros</stat>
</suite>
</statistics>
<errors>
</errors>
</robot>
